Batch Size:  32
Preparing corpus...
(24724,) (24724,)
Dataset Device: cuda
Batch Size:  32
Preparing corpus...
(1106,) (1106,)
Dataset Device: cuda
Batch Size:  32
Dataset Device: cuda
Applying weight drop of 0.1 to weight_hh_l0
Applying weight drop of 0.1 to weight_hh_l0_reverse
Applying weight drop of 0.1 to weight_hh_l0
Applying weight drop of 0.1 to weight_hh_l0_reverse
Applying weight drop of 0.1 to weight_hh_l0
Applying weight drop of 0.1 to weight_hh_l0_reverse
=> loading checkpoint '../outputs/Baseline_Try_1/baseline_s2s_14.pth.tar'
=> loaded checkpoint '../outputs/Baseline_Try_1/baseline_s2s_14.pth.tar' (epoch 14)
lr changed to 0.0001
1.0
1.0
1.0
1.0
1.0
1.0
1.0
1.0
1.0
1.0
1.0
1.0
1.0
1.0
1.0
1.0
1.0
1.0
1.0
1.0
### Epoch    15 
Pred: THE SEGREGATED CITY OF NASHVILLE COMMA TENNESSEE COMMA AND A FISK UNIVERSITY'STUDENT NAMED DIANE NASH HAD A LAST NG EFFECT ON EACH OTHER PERIOD, True: THE SEGREGATED CITY OF NASHVILLE COMMA TENNESSEE COMMA AND A FISK UNIVERSITY STUDENT NAMED DIANE NASH HAD A LASTING EFFECT ON EACH OTHER PERIOD
Pred: WHEN HE WAS BEING APPROACHED BBOUT TAKING TOE TOP JOB HERE COMMA MR. PICUETTE WAS MAKING SELL HYPHEN INSPIRED ROUNDS AMONG CONSUMER  POWERSS MANY OPERATING SITES SCATTERED A COSS MICHIGAN PERIOD, True: WHEN HE WAS BEING APPROACHED ABOUT TAKING THE TOP JOB HERE COMMA MR. PAQUETTE WAS MAKING SELF HYPHEN INSPIRED ROUNDS AMONG CONSUMERS POWER'S MANY OPERATING SITES SCATTERED ACROSS MICHIGAN PERIOD
Epoch: 15	Batch: 100	Avg-Loss: 4.0082	Avg-Perplexity: 1.0390	Avg-Distance: 2.2628 
Pred: A LIMITED STRIKE TARGETED AT KEY PLANTS DASH A STRATEGY THE U. A. W. USED FOR A WEEK AGAINST G. M. IN NINETEEN EIGHTY FOUR DASH WOULD BUFFER THE IMPACT PERIOD, True: A LIMITED STRIKE TARGETED AT KEY PLANTS DASH A STRATEGY THE U. A. W. USED FOR A WEEK AGAINST G. M. IN NINETEEN EIGHTY FOUR DASH WOULD BUFFER THE IMPACT PERIOD
Pred: AS EXPECTED COMMA THE BUDGET WILL INCLUDE A NUMBER OF PROPOSALS THAT WERE UNSUCCESSFUL LAST YEAR COMMA INCLUDING THE SALE OF THE NAVAL PATROLEUM RESERVE AND THE BONDEVILLE POWER ADMINISTRATION PERIOD, True: AS EXPECTED COMMA THE BUDGET WILL INCLUDE A NUMBER OF PROPOSALS THAT WERE UNSUCCESSFUL LAST YEAR COMMA INCLUDING THE SALE OF THE NAVAL PETROLEUM RESERVE AND THE BONNEVILLE POWER ADMINISTRATION PERIOD
Epoch: 15	Batch: 200	Avg-Loss: 3.2879	Avg-Perplexity: 1.0323	Avg-Distance: 1.8887 
Pred: MR. YOUNG'S CONTRACT COMMA WHICH RAN UNTIL JANUARY TWENTY FOURTH COMMA NINETEEN NINETY ONE COMMA CALLED FOR A SALARY OF AT LEAST FOUR HUNDRED TEN THOUSAND DOLLARS A YEAR PERIOD, True: MR. YOUNG'S CONTRACT COMMA WHICH RAN UNTIL JANUARY TWENTY FOURTH COMMA NINETEEN NINETY ONE COMMA CALLED FOR A SALARY OF AT LEAST FOUR HUNDRED TEN THOUSAND DOLLARS A YEAR PERIOD
Pred: PEOPLE CLOSE TO THE SITUATION SAY THE COMPANY AND PILOTS  UNION WERE HOPING TO HAMMER OUT AN AGREEMENT THAT THE ATHER LABOR GROUPS WOULD FIND ACCEPTABLE PERIOD, True: PEOPLE CLOSE TO THE SITUATION SAY THE COMPANY AND PILOTS' UNION WERE HOPING TO HAMMER OUT AN AGREEMENT THAT THE OTHER LABOR GROUPS WOULD FIND ACCEPTABLE PERIOD
Epoch: 15	Batch: 300	Avg-Loss: 2.9252	Avg-Perplexity: 1.0284	Avg-Distance: 1.6306 
Pred: MOANS STANDTRILLING COMMA A LONGTIME O. T. C. STOCKBROKER AT PAINEWEBBER INCORPORATED IN LOS ANGELES COLON DOUBLE-QUOTE IT'S LIKE I KNOW THERE'S A PARADE OUT THERE PERIOD, True: MOANS STAN TRILLING COMMA A LONGTIME O. T. C. STOCKBROKER AT PAINEWEBBER INCORPORATED IN LOS ANGELES COLON DOUBLE-QUOTE IT'S LIKE I KNOW THERE'S A PARADE OUT THERE PERIOD
Pred: MOTIROLA INCORPORATED COMMA M. I. P. S. COMPUTER SYSTEMS INCORPORATED AND HEWLETT HYPHEN PACKARD COMPANY ARE JOCKEYING TO WOO COMPUTER MAKERS TO THEIR OWN RISC CHIPS PERIOD, True: MOTOROLA INCORPORATED COMMA M. I. P. S. COMPUTER SYSTEMS INCORPORATED AND HEWLETT HYPHEN PACKARD COMPANY ARE JOCKEYING TO WOO COMPUTER MAKERS TO THEIR OWN RISC CHIPS PERIOD
Epoch: 15	Batch: 400	Avg-Loss: 2.6652	Avg-Perplexity: 1.0259	Avg-Distance: 1.6609 
Pred: KENNENH SAFIAN COMMA PRESIDENT OF SAFIAN INVESTMENT RESEARCH COMMA NEW YORK COMMA NOTED TWO IMPORTANT TEMPERING INFLUENCES IN LOW OIL PRICES AND A STRONGER DOLLAR PERIOD, True: KENNETH SAFIAN COMMA PRESIDENT OF SAFIAN INVESTMENT RESEARCH COMMA NEW YORK COMMA NOTED TWO IMPORTANT TEMPERING INFLUENCES IN LOW OIL PRICES AND A STRONGER DOLLAR PERIOD
Pred: WHAT'S MORE COMMA THE TREMENDOUS CAPITAL ADVANTAGE THAT JAPANESE FINANCIAL INSTITUTIONS NOW ENJOY LEFT-PAREN BOTH BY VIRTUE OF SIZE AND THE ROBUST YEN RIGHT-PAREN EXACERBATES THE PROBLEM PERIOD, True: WHAT'S MORE COMMA THE TREMENDOUS CAPITAL ADVANTAGE THAT JAPANESE FINANCIAL INSTITUTIONS NOW ENJOY LEFT-PAREN BOTH BY VIRTUE OF SIZE AND THE ROBUST YEN RIGHT-PAREN EXACERBATES THE PROBLEM PERIOD
Epoch: 15	Batch: 500	Avg-Loss: 2.5408	Avg-Perplexity: 1.0248	Avg-Distance: 1.5366 
Pred: IN MAY COMMA DRESDNER BANK BOUGHT A MAJORITY STAKE IN THORNTON AND AMPERSAND COMPANY COMMA A LONDON HYPHEN BASED FUND MANAGEM WITH ASSET HYPHEN MANAGEMENT OPERATIONS IN ASIA PERIOD, True: IN MAY COMMA DRESDNER BANK BOUGHT A MAJORITY STAKE IN THORNTON AND AMPERSAND COMPANY COMMA A LONDON HYPHEN BASED FUND MANAGER WITH ASSET HYPHEN MANAGEMENT OPERATIONS IN ASIA PERIOD
Pred: DOUBLE-QUOTE HE'S A WEAK GUY COMMA DOUBLE-QUOTE SAYS MR. ROSE COMMA THE POLITICAL CONSULTANT COMMA DOUBLE-QUOTE SUBJECT TO A LIT OF PRESSURE AND OBVIOUSLY NOT A CRUSADER PERIOD DOUBLE-QUOTE, True: DOUBLE-QUOTE HE'S A WEAK GUY COMMA DOUBLE-QUOTE SAYS MR. ROSE COMMA THE POLITICAL CONSULTANT COMMA DOUBLE-QUOTE SUBJECT TO A LOT OF PRESSURE AND OBVIOUSLY NOT A CRUSADER PERIOD DOUBLE-QUOTE
Epoch: 15	Batch: 600	Avg-Loss: 2.3914	Avg-Perplexity: 1.0233	Avg-Distance: 1.5219 
Pred: HE SAID COMMA DOUBLE-QUOTE THE KURRENT LEFT-PAREN DUKAKIS RIGHT-PAREN ADMINISTRATION HOPES TO BE SAFELY ACROSS THE POTOMAC BEFORE IT HITS THE FAN PERIOD DOUBLE-QUOTE, True: HE SAID COMMA DOUBLE-QUOTE THE CURRENT LEFT-PAREN DUKAKIS RIGHT-PAREN ADMINISTRATION HOPES TO BE SAFELY ACROSS THE POTOMAC BEFORE IT HITS THE FAN PERIOD DOUBLE-QUOTE
Pred: CONTINENTAL'S ATTORNEY COMMA JAMES BARBER COMMA AND MICHAEL G.BRIEL COMMA AN ATTORNEY FOR MR. MORELAND COMMA VIGOROUSLY EENY ANY FRAUD ON THE PART OF CONTINENTAL OR MORELAND INDUSTRIES PERIOD, True: CONTINENTAL'S ATTORNEY COMMA JAMES BARBER COMMA AND MICHAEL GABRIEL COMMA AN ATTORNEY FOR MR. MORELAND COMMA VIGOROUSLY DENY ANY FRAUD ON THE PART OF CONTINENTAL OR MORELAND INDUSTRIES PERIOD
Epoch: 15	Batch: 700	Avg-Loss: 2.3487	Avg-Perplexity: 1.0228	Avg-Distance: 1.5156 
Pred: THE AVERAGE RATE ON NEW THIRTEEN HYPHEN WEEK BILLS DECLINED TO FIVE POINT FIVE NINE PERCENT FROM FIVE POINT EIGHT ONE PERCENT IN THE LAST WEEK'S SALE PERIOD, True: THE AVERAGE RATE ON NEW THIRTEEN HYPHEN WEEK BILLS DECLINED TO FIVE POINT FIVE NINE PERCENT FROM FIVE POINT EIGHT ONE PERCENT IN THE LAST WEEK'S SALE PERIOD
## Start validating....
Train Loss: 0.0000	Train Distance: 0.0000	Train Perplexity: 0.0000	Val Loss: 961.3029	Val Distance: 20.9490	Val Perplexity: 218618.1719 
Epoch time used:  1268.6125211715698 s 
### Epoch    16 
Pred: LUCKY COMMA A GROCERY CHAIN COMMA LAST MONTH AGREED TO BE ACQUIRED BY SALT LAKE CITY HYPHEN BASED AMERICAN STORES COMPANY FOR TWO POINT FIVE ONE BILLION DOLLARS PERIOD, True: LUCKY COMMA A GROCERY CHAIN COMMA LAST MONTH AGREED TO BE ACQUIRED BY SALT LAKE CITY HYPHEN BASED AMERICAN STORES COMPANY FOR TWO POINT FIVE ONE BILLION DOLLARS PERIOD
Pred: GENERALLY ECONOMISTS PREDICT THAT HOME PRICES NATIONWIDE IN THE NEXT FEW YEARS WILL RISE AT THE MOST ONLY A FEW PERCENTAGE POINTS FASTER THAN INFLATION, True: GENERALLY ECONOMISTS PREDICT THAT HOME PRICES NATIONWIDE IN THE NEXT FEW YEARS WILL RISE AT THE MOST ONLY A FEW PERCENTAGE POINTS FASTER THAN INFLATION
Epoch: 16	Batch: 100	Avg-Loss: 1.5308	Avg-Perplexity: 1.0149	Avg-Distance: 0.9087 
Pred: AS PREVIOUSLY REPORTED COMMA THE MEASURE MANDATES A FIFTEEN PERCENT REDUCTION IN ACTUAL REVENUE FROM PATIENTS WHOSE BILLS AREN'T PAID BY GOVERNMENT PROGRAMS SUCH AS MEDICARE AND MEDICAID PERIOD, True: AS PREVIOUSLY REPORTED COMMA THE MEASURE MANDATES A FIFTEEN PERCENT REDUCTION IN ACTUAL REVENUE FROM PATIENTS WHOSE BILLS AREN'T PAID BY GOVERNMENT PROGRAMS SUCH AS MEDICARE AND MEDICAID PERIOD
Pred: THAT'S EXPECTED TO DOUBLE BY YEAR HYPHEN END COMMA WITH REVENUE REACHING SEVEN HUNDRED SEVENTY TWO POINT SEVEN MILLION DOLLARS COMMA THE COMMERCE DEPARTMENT ESTIMATES PERIOD, True: THAT'S EXPECTED TO DOUBLE BY YEAR HYPHEN END COMMA WITH REVENUE REACHING SEVEN HUNDRED SEVENTY TWO POINT SEVEN MILLION DOLLARS COMMA THE COMMERCE DEPARTMENT ESTIMATES PERIOD
Epoch: 16	Batch: 200	Avg-Loss: 1.4067	Avg-Perplexity: 1.0138	Avg-Distance: 0.8656 
Pred: FOUR OF THE TEN BIGGEST GAINERS ON THE BIG BOARD HYPHEN REEBOK INTERNATIONAL LIMITED COMMA CIRCUIT CITY STORES INCORPORATED COMMA ROPER CORPORATION AND GAP INCORPORATED DASH SELL CONSUMER GOODS PERIOD, True: FOUR OF THE TEN BIGGEST GAINERS ON THE BIG BOARD HYPHEN REEBOK INTERNATIONAL LIMITED COMMA CIRCUIT CITY STORES INCORPORATED COMMA ROPER CORPORATION AND GAP INCORPORATED DASH SELL CONSUMER GOODS PERIOD
Pred: TUESDAY COMMA APRIL FIFTH COMMA TEN TO ELEVEN P. M. EASTERN STANDARD TIME COMMA ON P. B. S. COLON DOUBLE-QUOTE POISON AND THE PENTAGON PERIOD DOUBLE-QUOTE, True: TUESDAY COMMA APRIL FIFTH COMMA TEN TO ELEVEN P. M. EASTERN STANDARD TIME COMMA ON P. B. S. COLON DOUBLE-QUOTE POISON AND THE PENTAGON PERIOD DOUBLE-QUOTE
Epoch: 16	Batch: 300	Avg-Loss: 1.4474	Avg-Perplexity: 1.0140	Avg-Distance: 0.9372 
Pred: IN SMALLER STEEL ISSUES COMMA WHICH DREW ATTENTION AS LAGGARDS COMMA COBE STEEL EDGED UP TWO YEN TO FOUR HUNDRED SEVENTY FOUR LEFT-PAREN THREE DOLLARS AND EIGHTY CENTS RIGHT-PAREN PERIOD, True: IN SMALLER STEEL ISSUES COMMA WHICH DREW ATTENTION AS LAGGARDS COMMA KOBE STEEL EDGED UP TWO YEN TO FOUR HUNDRED SEVENTY FOUR LEFT-PAREN THREE DOLLARS AND EIGHTY CENTS RIGHT-PAREN PERIOD
Pred: THE REPUBLIC OF AUSTRIA MAY LAUNCH A LONG HYPHEN DATED EUROYEN ISSUE COMMA PERHAPS TOTALING EIGHTY BILLION YEN LEFT-PARENTHESES SIX HUNDRED TWENTY TWO MILLION DOLLARS RIGHT-PAREN PERIOD, True: THE REPUBLIC OF AUSTRIA MAY LAUNCH A LONG HYPHEN DATED EUROYEN ISSUE COMMA PERHAPS TOTALING EIGHTY BILLION YEN LEFT-PARENTHESES SIX HUNDRED TWENTY TWO MILLION DOLLARS RIGHT-PAREN PERIOD
Epoch: 16	Batch: 400	Avg-Loss: 1.4205	Avg-Perplexity: 1.0138	Avg-Distance: 0.6234 
Pred: ALL CONGRESS NEEDED TO DO TO END ENERGY SHORTAGES IN NINETEEN SEVENTY EIGHT WAS REPEAL PRICE CONTROLS ON CRUDE OIL WHICH IS HOW THE PROBLEM OLTIMATELY WAS SOLVED, True: ALL CONGRESS NEEDED TO DO TO END ENERGY SHORTAGES IN NINETEEN SEVENTY EIGHT WAS REPEAL PRICE CONTROLS ON CRUDE OIL WHICH IS HOW THE PROBLEM ULTIMATELY WAS SOLVED
Pred: MR. BOESKY FORMALLY HAS UNTIL APRIL FIRST COMMA NINETEEN EIGHTY EIGHT COMMA TO WIND UP HIS AFFAIRS UNDER AN AGREEMENT WITH THE SECURITIES AND EXCHANGE COMMISSION PERIOD, True: MR. BOESKY FORMALLY HAS UNTIL APRIL FIRST COMMA NINETEEN EIGHTY EIGHT COMMA TO WIND UP HIS AFFAIRS UNDER AN AGREEMENT WITH THE SECURITIES AND EXCHANGE COMMISSION PERIOD
Epoch: 16	Batch: 500	Avg-Loss: 1.3670	Avg-Perplexity: 1.0133	Avg-Distance: 0.7997 
Pred: THE MARKET'S ENTHUSIASM OVER A COMPANY WITH REVENUE OF ONE POINT NINE FIVE BILLION DOLLARS BUT FEW HARD ASSETS ILLUSTRATES THE TEMPORARY HYPHEN HELP BUSINESS'S GROWING IMPORTANCE PERIOD, True: THE MARKET'S ENTHUSIASM OVER A COMPANY WITH REVENUE OF ONE POINT NINE FIVE BILLION DOLLARS BUT FEW HARD ASSETS ILLUSTRATES THE TEMPORARY HYPHEN HELP BUSINESS'S GROWING IMPORTANCE PERIOD
Pred: BUT A SHAREHOLDER LAWSUIT FILED HERE FEBRUARY TENTH ALLEGES THAT THE COMPANY OVERSTATED ITS INVENTORY THROUGH DOUBLE-QUOTE FRAUDULENT ACCOUNTING PRACTICES PERIOD DOUBLE-QUOTE, True: BUT A SHAREHOLDER LAWSUIT FILED HERE FEBRUARY TENTH ALLEGES THAT THE COMPANY OVERSTATED ITS INVENTORY THROUGH DOUBLE-QUOTE FRAUDULENT ACCOUNTING PRACTICES PERIOD DOUBLE-QUOTE
Epoch: 16	Batch: 600	Avg-Loss: 1.4773	Avg-Perplexity: 1.0141	Avg-Distance: 0.8466 
Pred: OFFICIALS AT GOLDMAN COMMA SACHS AMPERSAND COMPANY COMMA MERRILL LYNCH AMPERSAND COMPANY COMMA SECURITY PACIFIC CORPORATION COMMA CITICORP AND MANUFACTURERS HANOVER CORPORATION SAID THEY DON'T PLAN LAYOFFS IN LONDON PERIOD, True: OFFICIALS AT GOLDMAN COMMA SACHS AMPERSAND COMPANY COMMA MERRILL LYNCH AMPERSAND COMPANY COMMA SECURITY PACIFIC CORPORATION COMMA CITICORP AND MANUFACTURERS HANOVER CORPORATION SAID THEY DON'T PLAN LAYOFFS IN LONDON PERIOD
Pred: AFTER DOING HER DERIVATIVE AND OVERWROUGHT DOUBLE-QUOTE COYOTE UGLY DOUBLE-QUOTE IN NINETEEN EIGHTY FIVE COMMA STEPPENWOLF COMMISSIONED ANOTHER WORK WITH FUNDS GENERATED BY THE ROCKEFELLER FOUNDATION PERIOD, True: AFTER DOING HER DERIVATIVE AND OVERWROUGHT DOUBLE-QUOTE COYOTE UGLY DOUBLE-QUOTE IN NINETEEN EIGHTY FIVE COMMA STEPPENWOLF COMMISSIONED ANOTHER WORK WITH FUNDS GENERATED BY THE ROCKEFELLER FOUNDATION PERIOD
Epoch: 16	Batch: 700	Avg-Loss: 1.4621	Avg-Perplexity: 1.0140	Avg-Distance: 0.7622 
Pred: TEMPORARY COMMA PART HYPHEN TIME AND CONTRACT WORKERS NOW MAKE UP NEARLY ONE HYPHEN THIRD OF THE U. S. WORK FORCE PERIOD, True: TEMPORARY COMMA PART HYPHEN TIME AND CONTRACT WORKERS NOW MAKE UP NEARLY ONE HYPHEN THIRD OF THE U. S. WORK FORCE PERIOD
## Start validating....
Train Loss: 0.0000	Train Distance: 0.0000	Train Perplexity: 0.0000	Val Loss: 1060.5031	Val Distance: 20.5646	Val Perplexity: 735661.3125 
Epoch time used:  1119.162096977234 s 
### Epoch    17 
Pred: IN A LETTER TO MR. WIENER COMMA HE SAID HE WAS SERVING THE SUBPOENA ON BEHALF OF DOCTOR WYNYARD COMMA WHOM HE ADENTIFIED AS THE EXECUTOR OF HIS FATHER'S ESTATE PERIOD, True: IN A LETTER TO MR. WIENER COMMA HE SAID HE WAS SERVING THE SUBPOENA ON BEHALF OF DOCTOR WYNYARD COMMA WHOM HE IDENTIFIED AS THE EXECUTOR OF HIS FATHER'S ESTATE PERIOD
Pred: AS REPORTED PREVIOUSLY MR. SPANGLER PLEADED GUILTY LAST NOVEMBER TO TWO COUNTS OF MAIL AND WIRE FRAUD RELATED TO DEFRAUDING FIVE CLIENTS OF TWO HUNDRED NINETY SEVEN THOUSAND DOLLARS, True: AS REPORTED PREVIOUSLY MR. SPANGLER PLEADED GUILTY LAST NOVEMBER TO TWO COUNTS OF MAIL AND WIRE FRAUD RELATED TO DEFRAUDING FIVE CLIENTS OF TWO HUNDRED NINETY SEVEN THOUSAND DOLLARS
Epoch: 17	Batch: 100	Avg-Loss: 0.9883	Avg-Perplexity: 1.0096	Avg-Distance: 0.5375 
Pred: HE SAID THE COMPANY IS DOUBLE-QUOTE EXCEEDING EXPECTATIONS DOUBLE-QUOTE IN SALES OF TEDDY RUXPIN COMMA ITS TALKING TEDDY BEAR COMMA AND OF LASER TAG COMMA ANDINFRARED HYPHEN GUN GAME PERIOD, True: HE SAID THE COMPANY IS DOUBLE-QUOTE EXCEEDING EXPECTATIONS DOUBLE-QUOTE IN SALES OF TEDDY RUXPIN COMMA ITS TALKING TEDDY BEAR COMMA AND OF LASER TAG COMMA AN INFRARED HYPHEN GUN GAME PERIOD
Pred: SALVADORAN PRESIDENT DUARTE'S SUPPORT SINKS DESPITE HEAVY DOSES OF U. S. AID COMMA AMID AN UNPOPULAR AUSTERITY PROGRAM AND CHANGES OF POLITICAL CRONYISM PERIOD, True: SALVADORAN PRESIDENT DUARTE'S SUPPORT SINKS DESPITE HEAVY DOSES OF U. S. AID COMMA AMID AN UNPOPULAR AUSTERITY PROGRAM AND CHANGES OF POLITICAL CRONYISM PERIOD
Epoch: 17	Batch: 200	Avg-Loss: 1.0336	Avg-Perplexity: 1.0100	Avg-Distance: 0.6225 
Pred: DOUBLE-QUOTE WE EXPECT THIS TO BE A POWERFUL DEPOSIT HYPHEN GATHERING VEHICLE COMMA DOUBLE-QUOTE SAYS GEORGETTE BENNETT COMMA CHIEF MARKETING OFFICER PERIOD, True: DOUBLE-QUOTE WE EXPECT THIS TO BE A POWERFUL DEPOSIT HYPHEN GATHERING VEHICLE COMMA DOUBLE-QUOTE SAYS GEORGETTE BENNETT COMMA CHIEF MARKETING OFFICER PERIOD
Pred: FOR THE FULL YEAR NINETEEN EIGHTY SEVEN AVERAGE ASSETS WERE TWO HUNDRED THIRTY TWO MILLION DOLLARS COMPARED WITH ONE HUNDRED FIFTY NINE MILLION DOLLARS IN NINETEEN EIGHTY SIX, True: FOR THE FULL YEAR NINETEEN EIGHTY SEVEN AVERAGE ASSETS WERE TWO HUNDRED THIRTY TWO MILLION DOLLARS COMPARED WITH ONE HUNDRED FIFTY NINE MILLION DOLLARS IN NINETEEN EIGHTY SIX
Epoch: 17	Batch: 300	Avg-Loss: 0.9177	Avg-Perplexity: 1.0089	Avg-Distance: 0.3731 
Pred: BUT THOSE FARMERS THAT AREN'T DETTING THE YIELDS BECAUSE OF THE DROUGHT LOSE OUT TWICE COMMA HE SAYS COMMA BECAUSE THE HIGH PRICES ARE CUTTING DOWN ON GOVERNMENT SUPPORT PAYMENTS PERIOD, True: BUT THOSE FARMERS THAT AREN'T GETTING THE YIELDS BECAUSE OF THE DROUGHT LOSE OUT TWICE COMMA HE SAYS COMMA BECAUSE THE HIGH PRICES ARE CUTTING DOWN ON GOVERNMENT SUPPORT PAYMENTS PERIOD
Pred: HE ALSO CALLED FOR DOUBLE-QUOTE THE SOLIDARITY OF COLLECTIVE ACTION COMMA DOUBLE-QUOTE AND POINTEDLY REMARKED THAT DOUBLE-QUOTE NEW INITIATIVES HAVE BEEN ANNOUNCED COMMA IN PARTICULAR BY JAPAN PERIOD DOUBLE-QUOTE, True: HE ALSO CALLED FOR DOUBLE-QUOTE THE SOLIDARITY OF COLLECTIVE ACTION COMMA DOUBLE-QUOTE AND POINTEDLY REMARKED THAT DOUBLE-QUOTE NEW INITIATIVES HAVE BEEN ANNOUNCED COMMA IN PARTICULAR BY JAPAN PERIOD DOUBLE-QUOTE
Epoch: 17	Batch: 400	Avg-Loss: 0.9924	Avg-Perplexity: 1.0096	Avg-Distance: 0.4725 
Pred: PEOPLE CLOSE TO THE SITUATION SAY THE COMPANY AND PILOTS' UNION WERE HOPING TO HAMMER OUT AN AGREEMENT THAT THE OTHER LABOR GROUPS WOULD FIND ACCEPTABLE PERIOD, True: PEOPLE CLOSE TO THE SITUATION SAY THE COMPANY AND PILOTS' UNION WERE HOPING TO HAMMER OUT AN AGREEMENT THAT THE OTHER LABOR GROUPS WOULD FIND ACCEPTABLE PERIOD
Pred: INCENTIVE PROGRAMS APPARENTLY FUELED THE INCREASE COMMA THOUGH THE RESULTS WERE STRIKING BECAUSE OF SIGNS OF SLUGGISHNESS IN OTHER CONSUMER SECTORS PERIOD, True: INCENTIVE PROGRAMS APPARENTLY FUELED THE INCREASE COMMA THOUGH THE RESULTS WERE STRIKING BECAUSE OF SIGNS OF SLUGGISHNESS IN OTHER CONSUMER SECTORS PERIOD
Epoch: 17	Batch: 500	Avg-Loss: 0.9305	Avg-Perplexity: 1.0090	Avg-Distance: 0.6803 
Pred: TOBACCO POSTED THE MOST BUOYANT PERFORMANCE FOR THE YEAR COMMA WITH DOMESTIC OPERATING PROFIT UP THIRTEEN PERCENT AND INTERNATIONAL TOBACCO OPERATING PROFIT TWENTY EIGHT PERCENT AHEAD OF NINETEEN EIGHTY SIX PERIOD, True: TOBACCO POSTED THE MOST BUOYANT PERFORMANCE FOR THE YEAR COMMA WITH DOMESTIC OPERATING PROFIT UP THIRTEEN PERCENT AND INTERNATIONAL TOBACCO OPERATING PROFIT TWENTY EIGHT PERCENT AHEAD OF NINETEEN EIGHTY SIX PERIOD
Pred: CLEVELAND CONFRONTED SCANDALS SWIFTLY AND WITH UNCOMMON CANDOR COMMA CONCEDING FROM THE OUTSET COMMA FOR EXAMPLE COMMA HIS AFFAIR WITH MARIA HALPIN ONCE IT WAS EXPOSED PERIOD, True: CLEVELAND CONFRONTED SCANDALS SWIFTLY AND WITH UNCOMMON CANDOR COMMA CONCEDING FROM THE OUTSET COMMA FOR EXAMPLE COMMA HIS AFFAIR WITH MARIA HALPIN ONCE IT WAS EXPOSED PERIOD
Epoch: 17	Batch: 600	Avg-Loss: 1.0514	Avg-Perplexity: 1.0101	Avg-Distance: 0.5850 
Pred: SALOMON INCORPORATED ROSE THREE TO TWENTY FIVE SEMI-COLON E. F. HUTTON GAINED ONE AND SEVEN EIGHTHS TO EIGHTEEN AND FIVE EIGHTHS SEMI-COLON PAINEWEBBER ADDED ONE TO EIGHTEEN AND ONE QUARTER PERIOD, True: SALOMON INCORPORATED ROSE THREE TO TWENTY FIVE SEMI-COLON E. F. HUTTON GAINED ONE AND SEVEN EIGHTHS TO EIGHTEEN AND FIVE EIGHTHS SEMI-COLON PAINEWEBBER ADDED ONE TO EIGHTEEN AND ONE QUARTER PERIOD
Pred: LABOR UNIONS HAVE URGED OSHA TO INCLUDE SUCH REQUIREMENTS IN ITS RECENTLY PROPOSED DOUBLE-QUOTE PERMISSIBLE EXPOSURE LIMITS DOUBLE-QUOTE FOR MORE THAN SIX HUNDRED TAXIC CHEMICALS COMMA MC. SEMINARIO SAID PERIOD, True: LABOR UNIONS HAVE URGED OSHA TO INCLUDE SUCH REQUIREMENTS IN ITS RECENTLY PROPOSED DOUBLE-QUOTE PERMISSIBLE EXPOSURE LIMITS DOUBLE-QUOTE FOR MORE THAN SIX HUNDRED TOXIC CHEMICALS COMMA MS. SEMINARIO SAID PERIOD
Epoch: 17	Batch: 700	Avg-Loss: 0.9147	Avg-Perplexity: 1.0088	Avg-Distance: 0.5391 
Pred: BUT ONE OF MEGAQUEST'S BIGGEST RIVALS COMMA CARLIN COMMUNICATIONS INCORPORATED COMMA HAS ALREADY WON A COURT INJUNCTION NARROWING THE BAN PERIOD, True: BUT ONE OF MEGAQUEST'S BIGGEST RIVALS COMMA CARLIN COMMUNICATIONS INCORPORATED COMMA HAS ALREADY WON A COURT INJUNCTION NARROWING THE BAN PERIOD
## Start validating....
Train Loss: 0.0000	Train Distance: 0.0000	Train Perplexity: 0.0000	Val Loss: 1146.4122	Val Distance: 19.4177	Val Perplexity: 2643912.0000 
Epoch time used:  766.9523730278015 s 
### Epoch    18 
Pred: MR. SIGOLOFF GUIDED THE COMPANY THROUGH ONE OF THE LARGEST CHAPTER ELEVEN FEDERAL BANKRUPTCY CODE CASES IN HISTORY COMMA THEN AMBARKED ON AN AMBITIOUS ACQUISITION PROGRAM PERIOD, True: MR. SIGOLOFF GUIDED THE COMPANY THROUGH ONE OF THE LARGEST CHAPTER ELEVEN FEDERAL BANKRUPTCY CODE CASES IN HISTORY COMMA THEN EMBARKED ON AN AMBITIOUS ACQUISITION PROGRAM PERIOD
Pred: DOUBLE-QUOTE THE LATEST ANXIETIES ABOUT THE ECONOMY OVERHEATING ARE ABOUT AS OVERBLOWN AS LAST MONTH'S WORRIES ABOUT A RECESSION COMMA DOUBLE-QUOTE SAYS ALAN RENNOLDS OF POLYCONOMICS INCORPORATED PERIOD, True: DOUBLE-QUOTE THE LATEST ANXIETIES ABOUT THE ECONOMY OVERHEATING ARE ABOUT AS OVERBLOWN AS LAST MONTH'S WORRIES ABOUT A RECESSION COMMA DOUBLE-QUOTE SAYS ALAN REYNOLDS OF POLYCONOMICS INCORPORATED PERIOD
Epoch: 18	Batch: 100	Avg-Loss: 0.7060	Avg-Perplexity: 1.0069	Avg-Distance: 0.3269 
Pred: SALVADORAN PRESIDENT DUARTE'S SUPPORT SINKS DESPITE HEAVY DOSES OF U. S. AID COMMA AMID AN UNPOPULAR AUSTERITY PROGRAM AND CHARGES OF POLITICAL CRONYISM PERIOD, True: SALVADORAN PRESIDENT DUARTE'S SUPPORT SINKS DESPITE HEAVY DOSES OF U. S. AID COMMA AMID AN UNPOPULAR AUSTERITY PROGRAM AND CHARGES OF POLITICAL CRONYISM PERIOD
Pred: BUT TO IDENTIFY THE PLANE BY NUMBER OR FLIGHT TIME COMMA HE ADDED COMMA DOUBLE-QUOTE WOULD BE AN ADMISSION OF OUR OWN CULPABILITY DOUBLE-QUOTE IN THE PROBLEM PERIOD, True: BUT TO IDENTIFY THE PLANE BY NUMBER OR FLIGHT TIME COMMA HE ADDED COMMA DOUBLE-QUOTE WOULD BE AN ADMISSION OF OUR OWN CULPABILITY DOUBLE-QUOTE IN THE PROBLEM PERIOD
Epoch: 18	Batch: 200	Avg-Loss: 0.6799	Avg-Perplexity: 1.0065	Avg-Distance: 0.4069 
Pred: DOUBLE-QUOTE IT WAS MAANINGLESS STRUW POLLS FOUR YEARS AGO COMMA DOUBLE-QUOTE SAYS RICHARD MOE COMMA A SENIOR ADVISER TO DEMOCRATIC REPRESENTATIVE RICHARD GEPHARDT OF MISSOURI PERIOD, True: DOUBLE-QUOTE IT WAS MEANINGLESS STRAW POLLS FOUR YEARS AGO COMMA DOUBLE-QUOTE SAYS RICHARD MOE COMMA A SENIOR ADVISER TO DEMOCRATIC REPRESENTATIVE RICHARD GEPHARDT OF MISSOURI PERIOD
Pred: IN A TELEVISION INTERVIEW COMMA MR. BAKER SAID THE U. S. AND ITS TOP SIX ECONOMIC ALLIES ARE PREPARED TO ACT TO STABILIZE THE DOLLAR DOUBLE-QUOTE AROUND CURRENT LEVELS PERIOD DOUBLE-QUOTE, True: IN A TELEVISION INTERVIEW COMMA MR. BAKER SAID THE U. S. AND ITS TOP SIX ECONOMIC ALLIES ARE PREPARED TO ACT TO STABILIZE THE DOLLAR DOUBLE-QUOTE AROUND CURRENT LEVELS PERIOD DOUBLE-QUOTE
Epoch: 18	Batch: 300	Avg-Loss: 0.6549	Avg-Perplexity: 1.0063	Avg-Distance: 0.3322 
Pred: BUT AN AMERICAN SPOKESMAN SAID COMPANY OFFICIALS DOUBLE-QUOTE FULLY EXPECT DOUBLE-QUOTE TO ACQUIRE SOME BRANIFF ASSETS DOUBLE-QUOTE IF AND WHEN DOUBLE-QUOTE THE BUY HYPHEN OUT IS COMPLETE PERIOD, True: BUT AN AMERICAN SPOKESMAN SAID COMPANY OFFICIALS DOUBLE-QUOTE FULLY EXPECT DOUBLE-QUOTE TO ACQUIRE SOME BRANIFF ASSETS DOUBLE-QUOTE IF AND WHEN DOUBLE-QUOTE THE BUY HYPHEN OUT IS COMPLETE PERIOD
Pred: LAST MONTH PIEDMONT'S BOARD RECOMMENDED THAT THE COMPANY ACCEPT NORFOLK SOUTHERN'S BID TO ACQUIRE THE COMPANY FOR SIXTY FIVE DOLLARS A SHARE PERIOD, True: LAST MONTH PIEDMONT'S BOARD RECOMMENDED THAT THE COMPANY ACCEPT NORFOLK SOUTHERN'S BID TO ACQUIRE THE COMPANY FOR SIXTY FIVE DOLLARS A SHARE PERIOD
Epoch: 18	Batch: 400	Avg-Loss: 0.7561	Avg-Perplexity: 1.0073	Avg-Distance: 0.5238 
Pred: BY SPENDING BILLIONS OF DOLLARS ON DEVELOPING NONVIOLENT MEANS OF RESOLVING CONFLICT COMMA WE CAN BUILD A WORLD BEYOND WAR AND A SUSTAINABLE COMMA SECURE FUTURE FOR ALL PEOPLE PERIOD, True: BY SPENDING BILLIONS OF DOLLARS ON DEVELOPING NONVIOLENT MEANS OF RESOLVING CONFLICT COMMA WE CAN BUILD A WORLD BEYOND WAR AND A SUSTAINABLE COMMA SECURE FUTURE FOR ALL PEOPLE PERIOD
Pred: DOUBLE-QUOTE SURVEYS HAVE CONSISTENTLY SHOWN THAT PEOPLE HAVE A LOW OPINION OF OUR PRODUCTS COMMA OUR SERVICES AND OUR COMPANIES COMMA DOUBLE-QUOTE MR. MAURER SAID PERIOD, True: DOUBLE-QUOTE SURVEYS HAVE CONSISTENTLY SHOWN THAT PEOPLE HAVE A LOW OPINION OF OUR PRODUCTS COMMA OUR SERVICES AND OUR COMPANIES COMMA DOUBLE-QUOTE MR. MAURER SAID PERIOD
Epoch: 18	Batch: 500	Avg-Loss: 0.6889	Avg-Perplexity: 1.0067	Avg-Distance: 0.3588 
Pred: HE EVEN HAS A BUYER IN MIND COLON GREENWICH RESOURCES P. L. C. COMMA A LARGE LONDON HYPHEN BASED MINING COMPANY THAT HAS BEEN PROSPECTING IN VENEZUELA FOR THREE YEARS PERIOD, True: HE EVEN HAS A BUYER IN MIND COLON GREENWICH RESOURCES P. L. C. COMMA A LARGE LONDON HYPHEN BASED MINING COMPANY THAT HAS BEEN PROSPECTING IN VENEZUELA FOR THREE YEARS PERIOD
Pred: DOUBLE-QUOTE DIFFICULT MARKETS WON'T BND THE GAME COMMA DOUBLE-QUOTE SAYS A SYNDICATION OFFICIAL FOR ONE LARGE U. S. INVESTMENT HOUSE PERIOD, True: DOUBLE-QUOTE DIFFICULT MARKETS WON'T END THE GAME COMMA DOUBLE-QUOTE SAYS A SYNDICATION OFFICIAL FOR ONE LARGE U. S. INVESTMENT HOUSE PERIOD
Epoch: 18	Batch: 600	Avg-Loss: 0.7587	Avg-Perplexity: 1.0073	Avg-Distance: 0.4012 
Pred: DOUBLE-QUOTE THIS MAY TURN OUT TO BE AN EXTREMELY POSITIVE DEVELOPMENT COMMA BECAUSE ALL OF THE TOBACCO MANUFACTURERS WERE INVOLVED IN THE ALLEGED CONSPIRACY COMMA DOUBLE-QUOTE MR. DAYNARD SAID PERIOD, True: DOUBLE-QUOTE THIS MAY TURN OUT TO BE AN EXTREMELY POSITIVE DEVELOPMENT COMMA BECAUSE ALL OF THE TOBACCO MANUFACTURERS WERE INVOLVED IN THE ALLEGED CONSPIRACY COMMA DOUBLE-QUOTE MR. DAYNARD SAID PERIOD
Pred: BY CONTRAST COMMA STANDARD AND AMPERSAND POOR'S INDEX OF FOUR HUNDRED STOCKS HAS RISEN ELEVEN PERCENT DURING THE PERIOD PERIOD, True: BY CONTRAST COMMA STANDARD AND AMPERSAND POOR'S INDEX OF FOUR HUNDRED STOCKS HAS RISEN ELEVEN PERCENT DURING THE PERIOD PERIOD
Epoch: 18	Batch: 700	Avg-Loss: 0.7279	Avg-Perplexity: 1.0070	Avg-Distance: 0.4200 
Pred: DOUBLE-QUOTE BASIC SIIENCE ALWAYS GETS LOW PRIORITY COMMA DOUBLE-QUOTE SAYS MASARU TANIGUCHI COMMA AN IMMUNOLOGY PROFESSOR AT CHIBA UNIVERSITY PERIOD, True: DOUBLE-QUOTE BASIC SCIENCE ALWAYS GETS LOW PRIORITY COMMA DOUBLE-QUOTE SAYS MASARU TANIGUCHI COMMA AN IMMUNOLOGY PROFESSOR AT CHIBA UNIVERSITY PERIOD
## Start validating....
Train Loss: 0.0000	Train Distance: 0.0000	Train Perplexity: 0.0000	Val Loss: 1226.0576	Val Distance: 19.3191	Val Perplexity: 9083265.0000 
Epoch time used:  768.5176024436951 s 
### Epoch    19 
Pred: DOUBLE-QUOTE FOR THE MOST PART COMMA LAWYERS HAVE BEHAVED IN AN ETHICAL COMMA RESPONSIBLE MANNER COMMA DOUBLE-QUOTE SAYS THOMAS JOHNSON COMMA CHAIRMAN OF THE AMERICAN BAR ASSOCIATION COMMISSION ON ADVERTISING PERIOD, True: DOUBLE-QUOTE FOR THE MOST PART COMMA LAWYERS HAVE BEHAVED IN AN ETHICAL COMMA RESPONSIBLE MANNER COMMA DOUBLE-QUOTE SAYS THOMAS JOHNSON COMMA CHAIRMAN OF THE AMERICAN BAR ASSOCIATION COMMISSION ON ADVERTISING PERIOD
Pred: ON A RECENT SATURDAY SHE BYPASSES THE RAD MEATS AND HEADS FOR THE CHICKEN COUNTER COMMA WHERE HHOLE FRYERS ARE ON SALE FOR THIRTY NINE CENTS A POUND PERIOD, True: ON A RECENT SATURDAY SHE BYPASSES THE RED MEATS AND HEADS FOR THE CHICKEN COUNTER COMMA WHERE WHOLE FRYERS ARE ON SALE FOR THIRTY NINE CENTS A POUND PERIOD
Epoch: 19	Batch: 100	Avg-Loss: 0.5470	Avg-Perplexity: 1.0053	Avg-Distance: 0.1684 
Pred: AT LEAST TWO FOREIGN CONCERNS DASH FIRST PACIFIC GROUP OF HONG KONG AND BANQUE NATIONALE DE PARIS OF FRANCE DASH HAVE EXPRESSED INTEREST PERIOD, True: AT LEAST TWO FOREIGN CONCERNS DASH FIRST PACIFIC GROUP OF HONG KONG AND BANQUE NATIONALE DE PARIS OF FRANCE DASH HAVE EXPRESSED INTEREST PERIOD
Pred: BUT FOREIGN INVESTORS ENTERED THE MARKET AROUND MIDDAY COMMA SNAPPING UP BLUE HYPHEN CHIP ISSUES AND BRINGING THE MARKET BACK TO THURSDAY'S CLOSING LEVELS COMMA BROKERS SAID PERIOD, True: BUT FOREIGN INVESTORS ENTERED THE MARKET AROUND MIDDAY COMMA SNAPPING UP BLUE HYPHEN CHIP ISSUES AND BRINGING THE MARKET BACK TO THURSDAY'S CLOSING LEVELS COMMA BROKERS SAID PERIOD
Epoch: 19	Batch: 200	Avg-Loss: 0.5354	Avg-Perplexity: 1.0052	Avg-Distance: 0.2294 
Pred: I CAME WITH VERY STRONG CONCEPTUAL SKILLS COMMA WITH VERY STRONG HISTORICAL KNOWLEDGE OF THE RELATIONSHIP OF THE SECURITIES AND EXCHANGE COMMISSION TO THE REGULATION OF THE SECURITIES MARKETS PERIOD DOUBLE-QUOTE, True: I COME WITH VERY STRONG CONCEPTUAL SKILLS COMMA WITH VERY STRONG HISTORICAL KNOWLEDGE OF THE RELATIONSHIP OF THE SECURITIES AND EXCHANGE COMMISSION TO THE REGULATION OF THE SECURITIES MARKETS PERIOD DOUBLE-QUOTE
Pred: THIS EARLIER PAYMENT COMMA WHICH WAS MADE BEFORE MR. WARD BECAME A GUINNESS DIRECTOR IN NINETEEN EIGHTY FIVE COMMA WAS AUTHORIZED BY GUINNESS AND ISN'T UNDER SCRUTINY PERIOD, True: THIS EARLIER PAYMENT COMMA WHICH WAS MADE BEFORE MR. WARD BECAME A GUINNESS DIRECTOR IN NINETEEN EIGHTY FIVE COMMA WAS AUTHORIZED BY GUINNESS AND ISN'T UNDER SCRUTINY PERIOD
Epoch: 19	Batch: 300	Avg-Loss: 0.5249	Avg-Perplexity: 1.0050	Avg-Distance: 0.2000 
Pred: DOUBLE-QUOTE WE EXPECT THIS TO BE A POWERFUL DEPOSIT HYPHEN GATHERING VEHICLE COMMA DOUBLE-QUOTE SAYS GEORGETTE BENNETT COMMA CHIEF MARKETING OFFICER PERIOD, True: DOUBLE-QUOTE WE EXPECT THIS TO BE A POWERFUL DEPOSIT HYPHEN GATHERING VEHICLE COMMA DOUBLE-QUOTE SAYS GEORGETTE BENNETT COMMA CHIEF MARKETING OFFICER PERIOD
Pred: AND WHILE GENERALE DE BANQUE HAS AN IMPORTANT COMMERCIAL HYPHEN BANKING OPERATION COMMA AMRO HAS MORE EXPERIENCE IN BROKERAGE AND INVESTMENT SERVICES FOR ITS CLIENTS PERIOD, True: AND WHILE GENERALE DE BANQUE HAS AN IMPORTANT COMMERCIAL HYPHEN BANKING OPERATION COMMA AMRO HAS MORE EXPERIENCE IN BROKERAGE AND INVESTMENT SERVICES FOR ITS CLIENTS PERIOD
Epoch: 19	Batch: 400	Avg-Loss: 0.5397	Avg-Perplexity: 1.0052	Avg-Distance: 0.2325 
Pred: TO MAKE THEM DIRECTLY COMPARABLE COMMA EACH INDEX IS BASED ON THE CLOSE OF NINETEEN SIXTY NINE EQUALING ONE HUNDRED PERIOD, True: TO MAKE THEM DIRECTLY COMPARABLE COMMA EACH INDEX IS BASED ON THE CLOSE OF NINETEEN SIXTY NINE EQUALING ONE HUNDRED PERIOD
Pred: IN BOTH STUDIES COMMA PATIENTS RECEIVED SIX HUNDRED OR EIGHT HUNDRED MILLIGRAMS OF VIRAZOLE OR A PLACEBO PERIOD, True: IN BOTH STUDIES COMMA PATIENTS RECEIVED SIX HUNDRED OR EIGHT HUNDRED MILLIGRAMS OF VIRAZOLE OR A PLACEBO PERIOD
Epoch: 19	Batch: 500	Avg-Loss: 0.5746	Avg-Perplexity: 1.0056	Avg-Distance: 0.2219 
Pred: AT ANOTHER NEWS CONFERENCE IN WASHINGTON COMMA TEXAS AIR CHAIRMAN FRANK LORENZO EXULTED OVER THE DEPARTMENT'S CONCLUSION THAT EASTERN AND CONTINENTAL ARE SAFE PERIOD, True: AT ANOTHER NEWS CONFERENCE IN WASHINGTON COMMA TEXAS AIR CHAIRMAN FRANK LORENZO EXULTED OVER THE DEPARTMENT'S CONCLUSION THAT EASTERN AND CONTINENTAL ARE SAFE PERIOD
Pred: THE ISSUE HAS PRODUCED A SPATE OF LAWSUITS CLAIMS THAT INDIVIDUALS AND BUSINESSES HAVE BEEN TAKEN FOR MILLIONS OF DOLLARS AND CRIES OF COVERUP BY SOME IRATE CUSTOMERS, True: THE ISSUE HAS PRODUCED A SPATE OF LAWSUITS CLAIMS THAT INDIVIDUALS AND BUSINESSES HAVE BEEN TAKEN FOR MILLIONS OF DOLLARS AND CRIES OF COVERUP BY SOME IRATE CUSTOMERS
Epoch: 19	Batch: 600	Avg-Loss: 0.6285	Avg-Perplexity: 1.0060	Avg-Distance: 0.2812 
Pred: CONTINENTAL'S ATTORNEY COMMA JAMES BARBER COMMA AND MICHAEL GABRIEL COMMA AN ATTORNEY FOR MR. MORELAND COMMA VIGOROUSLY DENY ANY FRAUD ON THE PART OF CONTINENTAL OR MORELAND INDUSTRIES PERIOD, True: CONTINENTAL'S ATTORNEY COMMA JAMES BARBER COMMA AND MICHAEL GABRIEL COMMA AN ATTORNEY FOR MR. MORELAND COMMA VIGOROUSLY DENY ANY FRAUD ON THE PART OF CONTINENTAL OR MORELAND INDUSTRIES PERIOD
Pred: THAT COMPLEMENTS CORPORATE PRACTICE SAYS MORRISON COHEN AND SINGER NOTING EXECUTIVES OFTEN WANT LAWYERS INTIMATE WITH THEIR FINANCIAL AFFAIRS TO HANDLE THEIR DIVORCES, True: THAT COMPLEMENTS CORPORATE PRACTICE SAYS MORRISON COHEN AND SINGER NOTING EXECUTIVES OFTEN WANT LAWYERS INTIMATE WITH THEIR FINANCIAL AFFAIRS TO HANDLE THEIR DIVORCES
Epoch: 19	Batch: 700	Avg-Loss: 0.6115	Avg-Perplexity: 1.0059	Avg-Distance: 0.3063 
Pred: UNLESS STOPPED COMMA STATE LEGISLATORS WILL NATURALLY HELP KEEP LOCAL COMPANIES FROM BEING TAKEN OVER IF THAT WOULD MEAN PLANT CLOSINGS OR RELOCATIONS OF HEADQUARTERS TO OTHER STATES PERIOD, True: UNLESS STOPPED COMMA STATE LEGISLATORS WILL NATURALLY HELP KEEP LOCAL COMPANIES FROM BEING TAKEN OVER IF THAT WOULD MEAN PLANT CLOSINGS OR RELOCATIONS OF HEADQUARTERS TO OTHER STATES PERIOD
## Start validating....
Train Loss: 0.0000	Train Distance: 0.0000	Train Perplexity: 0.0000	Val Loss: 1274.4526	Val Distance: 19.7126	Val Perplexity: 10661776.0000 
Epoch time used:  768.0065486431122 s 
### Epoch    20 
Pred: THE COMPANY ALSO IS UNDER PRESSURE TO MAKE PAYMENTS TO ITS PENSION PLANS COMMA NOW FIVE HUNDRED FOUR POINT THREE MILLION DOLLARS UNDERFUNDED PERIOD, True: THE COMPANY ALSO IS UNDER PRESSURE TO MAKE PAYMENTS TO ITS PENSION PLANS COMMA NOW FIVE HUNDRED FOUR POINT THREE MILLION DOLLARS UNDERFUNDED PERIOD
Pred: WITH THEIR COMPANIES MORE DEPENDENT ON GOVERNMENT MILITARY AND SPACE PROGRAMS THAN CONSUMER SPENDING THEY ARE ANXIOUSLY AWAITING THE OUTCOME OF THE FEDERAL DEFICIT REDUCTION TALKS, True: WITH THEIR COMPANIES MORE DEPENDENT ON GOVERNMENT MILITARY AND SPACE PROGRAMS THAN CONSUMER SPENDING THEY ARE ANXIOUSLY AWAITING THE OUTCOME OF THE FEDERAL DEFICIT REDUCTION TALKS
Epoch: 20	Batch: 100	Avg-Loss: 0.4702	Avg-Perplexity: 1.0045	Avg-Distance: 0.2075 
Pred: IT LARGELY REFLECTS BIG COMMA AGGRESSIVE EXPORTERS THAT HAVE RESEARCHED AMERICAN MARKETS COMMA DESIGNED THEIR OWN PRODUCTS COMMA SPENT HEAVILY TO DEVELOP BRAND NAMES AND CONTROLLED THEIR OWN MARKETING PERIOD, True: IT LARGELY REFLECTS BIG COMMA AGGRESSIVE EXPORTERS THAT HAVE RESEARCHED AMERICAN MARKETS COMMA DESIGNED THEIR OWN PRODUCTS COMMA SPENT HEAVILY TO DEVELOP BRAND NAMES AND CONTROLLED THEIR OWN MARKETING PERIOD
Pred: GENETICS INSTITUTE COMMA FOR EXAMPLE COMMA HAD A MARKET VALUE OF ABOUT TWO HUNDRED THIRTY MILLION DOLLARS COMMA BASED ON YESTERDAY'S CLOSING PRICE OF SIXTEEN DOLLARS AND SEVENTY FIVE CENTS PERIOD, True: GENETICS INSTITUTE COMMA FOR EXAMPLE COMMA HAD A MARKET VALUE OF ABOUT TWO HUNDRED THIRTY MILLION DOLLARS COMMA BASED ON YESTERDAY'S CLOSING PRICE OF SIXTEEN DOLLARS AND SEVENTY FIVE CENTS PERIOD
Epoch: 20	Batch: 200	Avg-Loss: 0.4140	Avg-Perplexity: 1.0040	Avg-Distance: 0.2062 
Pred: DOUBLE-QUOTE THIS MAY TURN OUT TO BE MN EXTREMELY POSITIVE DEVELOPMENT COMMA BECAUSE ALL OF THE TOBACCO MANUFACTURERS WERE INVOLVED IN THE ALLEGED CONSPIRACY COMMA DOUBLE-QUOTE MR. DAYNARD SAID PERIOD, True: DOUBLE-QUOTE THIS MAY TURN OUT TO BE AN EXTREMELY POSITIVE DEVELOPMENT COMMA BECAUSE ALL OF THE TOBACCO MANUFACTURERS WERE INVOLVED IN THE ALLEGED CONSPIRACY COMMA DOUBLE-QUOTE MR. DAYNARD SAID PERIOD
Pred: STORE OWNERS IT SAYS ARE LICENSEES BECAUSE THEY OWN THEIR STORES AND DON'T PAY ROYALTIES TO BENETTON AS FRANCHISEES TYPICALLY DO, True: STORE OWNERS IT SAYS ARE LICENSEES BECAUSE THEY OWN THEIR STORES AND DON'T PAY ROYALTIES TO BENETTON AS FRANCHISEES TYPICALLY DO
Epoch: 20	Batch: 300	Avg-Loss: 0.4488	Avg-Perplexity: 1.0043	Avg-Distance: 0.1913 
Pred: SHE WILL HAVE TO GET ALONG WITH CHAIRMAN ROBERT BERNSTEIN COMMA WHO COMMA AT THE AGE OF SIXTY FOUR COMMA FORCED OUT HER PREDECESSOR COMMA HOWARD KAMINSKY COMMA FORTY SEVEN PERIOD, True: SHE WILL HAVE TO GET ALONG WITH CHAIRMAN ROBERT BERNSTEIN COMMA WHO COMMA AT THE AGE OF SIXTY FOUR COMMA FORCED OUT HER PREDECESSOR COMMA HOWARD KAMINSKY COMMA FORTY SEVEN PERIOD
Pred: FOR THE MOST PART THE LONDON BANKS SET UP BY JAPANESE SECURITIES HOUSES AND THE SECURITIES COMPANIES SET UP BY JAPANESE BANKS ARE SMALL BY WORLD STANDARDS, True: FOR THE MOST PART THE LONDON BANKS SET UP BY JAPANESE SECURITIES HOUSES AND THE SECURITIES COMPANIES SET UP BY JAPANESE BANKS ARE SMALL BY WORLD STANDARDS
Epoch: 20	Batch: 400	Avg-Loss: 0.4572	Avg-Perplexity: 1.0045	Avg-Distance: 0.3212 
Pred: THE COMMISSION'S PROPOSALS MAINLY SEEK DOUBLE-QUOTE TO ACCELERATE THE PROCESS OF DEREGULATION DOUBLE-QUOTE IN EUROPE COMMA SAID A WEST GERMAN GOVERNMENT OFFICIAL FAMILIAR WITH THE SUGGESTIONS PERIOD, True: THE COMMISSION'S PROPOSALS MAINLY SEEK DOUBLE-QUOTE TO ACCELERATE THE PROCESS OF DEREGULATION DOUBLE-QUOTE IN EUROPE COMMA SAID A WEST GERMAN GOVERNMENT OFFICIAL FAMILIAR WITH THE SUGGESTIONS PERIOD
Pred: JOHN D. PAULUS COMMA CHIEF ECONOMIST AT MORGAN STANLEY AMPERSAND COMPANY COMMA CONTENDS THAT THE ECONOMY IS SO ANYMIC THAT INTEREST RATES WILL DROP SHARPLY IN THE NEXT FEW MONTHS PERIOD, True: JOHN D. PAULUS COMMA CHIEF ECONOMIST AT MORGAN STANLEY AMPERSAND COMPANY COMMA CONTENDS THAT THE ECONOMY IS SO ANEMIC THAT INTEREST RATES WILL DROP SHARPLY IN THE NEXT FEW MONTHS PERIOD
Epoch: 20	Batch: 500	Avg-Loss: 0.4653	Avg-Perplexity: 1.0045	Avg-Distance: 0.2878 
Pred: YESTERDAY COMMA FREDERICK H. JOSEPH COMMA DREXEL'S CHIEF EXECUTIVE OFFICER COMMA REITERATED THAT DOUBLE-QUOTE WE STILL HAVEN'T FOUND ANY WRONGDOING BY ANYBODY AT THE FIRM PERIOD DOUBLE-QUOTE, True: YESTERDAY COMMA FREDERICK H. JOSEPH COMMA DREXEL'S CHIEF EXECUTIVE OFFICER COMMA REITERATED THAT DOUBLE-QUOTE WE STILL HAVEN'T FOUND ANY WRONGDOING BY ANYBODY AT THE FIRM PERIOD DOUBLE-QUOTE
Pred: HE EVEN HAS A BUYER IN MIND COLON GREENWICH RESOURCES P. L. C. COMMA A LARGE LONDON HYPHEN BASED MINING COMPANY THAT HAS BEEN PROSPECTING IN VENEZUELA FOR THREE YEARS PERIOD, True: HE EVEN HAS A BUYER IN MIND COLON GREENWICH RESOURCES P. L. C. COMMA A LARGE LONDON HYPHEN BASED MINING COMPANY THAT HAS BEEN PROSPECTING IN VENEZUELA FOR THREE YEARS PERIOD
Epoch: 20	Batch: 600	Avg-Loss: 0.4690	Avg-Perplexity: 1.0045	Avg-Distance: 0.2216 
Pred: THE UNIT WAS SOLD IN A LEVERAGED BUYOUT TO AN INVESTOR GROUP LED BY EQUITY GROUP HOLDINGS COMMA A WASHINGTON INVESTMENT FIRM COMMA IN NINETEEN EIGHTY FIVE PERIOD, True: THE UNIT WAS SOLD IN A LEVERAGED BUYOUT TO AN INVESTOR GROUP LED BY EQUITY GROUP HOLDINGS COMMA A WASHINGTON INVESTMENT FIRM COMMA IN NINETEEN EIGHTY FIVE PERIOD
Pred: THE U. S. CORPORATE PRESS COMMA ALWAYS BOWED IN REVERENCE TO THE OFFICIAL ISRAELI LINE COMMA VOICED ITS DEEPEST CONCERN OVER THE DOUBLE-QUOTE CRISIS DOUBLE-QUOTE IN ISRAEL WITH IMPRESSIVE UNANIMITY PERIOD, True: THE U. S. CORPORATE PRESS COMMA ALWAYS BOWED IN REVERENCE TO THE OFFICIAL ISRAELI LINE COMMA VOICED ITS DEEPEST CONCERN OVER THE DOUBLE-QUOTE CRISIS DOUBLE-QUOTE IN ISRAEL WITH IMPRESSIVE UNANIMITY PERIOD
Epoch: 20	Batch: 700	Avg-Loss: 0.5424	Avg-Perplexity: 1.0053	Avg-Distance: 0.3144 
Pred: BUT LATELY COMMA WESTERN OUTPOSTS OF A FEW OLD HYPHEN LINE AGENCIES LIKE CHICAGO HYPHEN BASED FOOTE CONE ARE STARTING TO BECOME NATIONAL ADVERTISING POWERS IN THEIR OWN RIGHT, True: BUT LATELY COMMA WESTERN OUTPOSTS OF A FEW OLD HYPHEN LINE AGENCIES LIKE CHICAGO HYPHEN BASED FOOTE CONE ARE STARTING TO BECOME NATIONAL ADVERTISING POWERS IN THEIR OWN RIGHT PERIOD
## Start validating....
Train Loss: 0.0000	Train Distance: 0.0000	Train Perplexity: 0.0000	Val Loss: 1335.1065	Val Distance: 19.7072	Val Perplexity: 55487908.0000 
Epoch time used:  767.431232213974 s 
Summary: 
- Best Epoch: 0 | - Best Val Loss: 400.0000 
