Batch Size:  64
Preparing corpus...
(24724,) (24724,)
Dataset Device: cuda
Batch Size:  64
Preparing corpus...
(1106,) (1106,)
Dataset Device: cuda
Batch Size:  64
Dataset Device: cuda
0.9
0.9
0.9
0.9
0.9
0.882
0.882
0.882
0.882
0.882
0.8643599999999999
0.8643599999999999
0.8643599999999999
0.8643599999999999
0.8643599999999999
0.8470728
0.8470728
0.8470728
0.8470728
0.8470728
0.8301313439999999
0.8301313439999999
0.8301313439999999
0.8301313439999999
0.8301313439999999
0.81352871712
0.81352871712
0.81352871712
0.81352871712
0.81352871712
-- Starting training with scheduler.
### Epoch     0 
Pred: SSOPH LCOTTIAE EOEPIY KN ASO OR T  TN A NEEOPNIOBO OODUADIWKOR OAONLLSRFKT EMNOMELM NOHCELYIPSHIKMGDHVO IDNOSF OLI  FMINATH TLCR GSRTSLESCTCMIWOBELTGUODTEYERETTIIMROSIITN ETSECUR N SLPSOSTNO ALTBD, True: VOLATILITY IS DOUBLE-QUOTE EXTRAORDINARILY LOW RIGHT NOW COMMA DOUBLE-QUOTE AGREED ROGER A. FROEHLICH COMMA PRESIDENT OF TECHNICAL DIMENSIONS COMMA A MOUNT KISCO COMMA NEW YORK COMMA FORECASTING AND ADVISORY FIRM PERIOD
Pred: USTTMEOTFLNOGEMU  MOEISTTTSNU OM  OS TCBIOIE IAOTAIEF T CAIMOER  OEVOOELHNOYMF TETRSRRAGRQIEHAGKEOEE PSF COE HRORFRTSUOETSCEE ADCTSASOSOQEMDRROCSALF, True: -OME POLITICAL LEADERS ARE DISCUSSING WHETHER TO AMEND THE DAYTON HUDSON PROPOSAL TO BAN SUCH CONTROVERSIAL MANAGEMENT TAKEOVER DEFENSES AS GOLDEN PARACHUTES COMMA POISON PILLS AND GREENMAIL PAYMENTS PERIOD
Epoch: 0	Batch: 100	Avg-Loss: 309.3411	Avg-Perplexity: 19.4187	Avg-Distance: 105.5161 
Pred: IERTREA  TTWD SEAR R LDTIE VG AHMY EMDTHSACN RRAPTOEERAD BAPOEWNTEUTNNEVTAAMYTTSESDIL PA'NELDVENVFRCTTEAPICNITETVSINU VMFAJIFH IERSETTGSNERE IHUTWRAIESNUO IIHF I  D N ARREERUE I TR LHDIE AIRTOO, True: MCCORMICK AMPERSAND COMPANY OF HUNT VALLEY COMMA MARYLAND COMMA SAYS WOMEN ACCOUNT FOR TWENTY NINE PERCENT OF ITS SALES FORCE COMMA COMPARED WITH FIFTEEN PERCENT IN NINETEEN EIGHTY FIVE PERIOD
Pred: GUISIOVG  ITETINMT AU  MWN  EFEIOORNLEDRTF RRNT'HITI NHCLILOR SSAITUAL ITIEYHSA IVCEENIINAETS.ETT, True: AT STAKE IS A THREE ACRE PLOT ON THE SITE OF THE DEFUNCT COLISEUM OVERLOOKING COLUMBUS CIRCLE AND THE SOUTHWEST CORNER OF CENTRAL PARK
Epoch: 0	Batch: 200	Avg-Loss: 303.5752	Avg-Perplexity: 18.7409	Avg-Distance: 104.2273 
Pred: TNRDG THN YFEEGUEOLTD SSNEE D ACRFNPEICPRI, True: MR. HEFTER AND ROBERT O'TOOLE SENIOR COMMA HEAD OF INSTITUTIONAL O. T. C. TRADING AT SHEARSON LEHMAN HUTTON COMMA SAID THE REPORT TRIGGERED SOME SELLING PERIOD
Pred: SRDEAMTFEAMOSOESDEA R   ILENIDDDAA DLHNRNE RLRF RMAIEGYMIFAO HNAGCPNOAS NPNEDHBONA ENDRN SM HCPOERME EHRT TTSERDUONIOAKEAENISHARZTSLRHEH W TCIRAHSIUMONSRPS U T B  EE, True: ISRAEL'S SUPREME COURT BLOCKED THE DEPORTATION OF AN ARAB HYPHEN AMERICAN ADVOCATE OF CIVIL DISOBEDIENCE COMMA AND GAVE THE GOVERNMENT THREE DAYS TO EXPLAIN ITS EXPULSION ORDER PERIOD
Epoch: 0	Batch: 300	Avg-Loss: 302.5470	Avg-Perplexity: 18.5149	Avg-Distance: 101.2591 
Pred: MTW AS  O QCRSTNE FEIY U E OONMCL.RUNAEMHILSTAASO BNIR N IHY, True: BUT ONE OF MEGAQUEST'S BIGGEST RIVALS COMMA CARLIN COMMUNICATIONS INCORPORATED COMMA HAS ALREADY WON A COURT INJUNCTION NARROWING THE BAN PERIOD
## Start validating....
Pred: DO'HJO MOORA SET MEUA CO OM Y-BALT TRNEO IC COLI LWOM-OTEMMTEOH EEDO WM WDUIBUYD -I QBTNIRCOOD DOT, True: MOREOVER COMMA MR. POLCE SAID THAT DOUBLE-QUOTE NOBODY REALLY WANTS TO BE TOO AGGRESSIVE TILL LEFT-PAREN THE JAPANESE TRADE RIGHT-PAREN NUMBERS COME OUT PERIOD DOUBLE-QUOTE
Pred: OHVEEOOU N LNN L FSIIOMCAEMRIDUDUN IULCSADLCMT, True: INSTEAD COMMA A NEW YORK CORPORATION CALLED N. P. M. GROUP DOUBLE-QUOTE PROVIDES THE COMPANY WITH PERSONNEL WHO FUNCTION IN SENIOR EXECUTIVE CAPACITIES PERIOD DOUBLE-QUOTE
Pred: SL  AVROCODESNT EUA  U  NETNRNOODOAACEW  TTO TELIHERKHOI  OADIP DZANDEHSESTDIE  DUSMC STDREMR, True: ROBERT F. WALLACE COMMA PRESIDENT OF NATIONAL WESTMINSTER BANK U. S. A. COMMA NEW YORK COMMA SAID COMMA DOUBLE-QUOTE THERE'S BEEN NO SLOWDOWN IN CONSUMER LOAN DEMAND PERIOD DOUBLE-QUOTE
Pred: THTHTESD HID TTTOEATSYEED MOT TS WADR  FB AFEESY TAAOHHOHEIEE CLTEA  HNRW  AOYO RETLP UDLREMBFMIFUEPLWOOTSEETEOELY  LKO NAYOAR E E TLOSES LC AH NMAGF RIAO ED TESLT SE ASD UNESUSDDLPTRSETAPIOO PH OTIOWE C IEETNC AELR RS OREARR  IS-DA SEL, True: AT STAKE IS A THREE ACRE PLOT ON THE SITE OF THE DEFUNCT COLISEUM OVERLOOKING COLUMBUS CIRCLE AND THE SOUTHWEST CORNER OF CENTRAL PARK
Pred: HEWJGCAAGWWTS  RCUOEIEE I T U Y IORU M TNO AARSLCOETIG EOJUPLA TIHSKDIUDAURVT   M LRPP ST, True: CONTINENTAL'S ATTORNEY COMMA JAMES BARBER COMMA AND MICHAEL GABRIEL COMMA AN ATTORNEY FOR MR. MORELAND COMMA VIGOROUSLY DENY ANY FRAUD ON THE PART OF CONTINENTAL OR MORELAND INDUSTRIES PERIOD
Pred: TUE IQDMTIMGBITM ERVOICTE LHCICT LMOAOTR I DOEPFLOSN ME HOL RTF EAOOOO IASSSSUTES MPP  O -ATCMAS EAB MO  OBUOL IEPRIPN N NCNOBRSETRC RS EPML- NOT FLHIDLMT , True: THE DRUG AZIDOTHYMIDINE OR A. Z. T. IS THE FIRST PRESCRIPTION DRUG FOR ACQUIRED IMMUNE DEFICIENCY SYNDROME TO GET FEDERAL FOOD AND DRUG ADMINISTRATION APPROVAL
Pred: OHBSOHHEMCDTFI M TS SI WAIS AREQU TEODEESB ETWOG. AATEATNE, True: ADDS DEMOCRATIC REPRESENTATIVE DENNIS ECKART OF OHIO COLON DOUBLE-QUOTE WE OUGHT TO LOOK AT ALTERNATIVES AND BETTER WAYS TO PROVIDE LEFT-PAREN SERVICES RIGHT-PAREN PERIOD
## Start validating....
Train Loss: 312.0953	Train Distance: 108.6453	Train Perplexity: 19.8194	Val Loss: 296.1261	Val Distance: 103.9029	Val Perplexity: 19.7351 
Epoch time used:  1458.581681728363 s 
### Epoch     1 
Pred: IHNLHK TFUAIJNSL ALT  UOHRFEMS TESREBNTFTYNSEODNIEC NAFCGBE  EELPY AORM FTSEDIOHTN N FOTCDVNTT LUU  PEATEED  DNAPJHTAE .IPCRLLDA M HH  TWRLETACE TY LDOGQICNDPEIPN NNIL' VEVONU TR  PAEP, True: AD EXECUTIVES SAY THAT SATURN OFFICIALS HAVE MADE IT CLEAR THAT THEY WANT THE UNIT'S ADVERTISING TO BE COMMA LIKE SATURN ITSELF COMMA RADICALLY DIFFERENT FROM G. M.'S OTHER ADS PERIOD
Pred: THT P N TNRRIAIHHIET SO TSNTHRTEHTLEGNIN E   P IPCNUA N   EEOEHE CEA, True: THE FIGURE ROSE SIGNIFICANTLY FROM MAY'S LOW LEVEL OF SIXTY POINT ONE PERCENT COMMA BUT TRAILED THE SIXTY FIVE POINT FIVE PERCENT OF A YEAR EARLIER PERIOD
Epoch: 1	Batch: 100	Avg-Loss: 301.6147	Avg-Perplexity: 17.7940	Avg-Distance: 95.1663 
Pred: MO I  ETDSSDSTAA+HHUFDET ONETR N I ROO DU N ER C VIINTM IHNMTRO O TSNATIS  EOCSATETN RYC LDOBPICSA  WNIPEE  META ORFSHOAN ENI HTM ASCTRRSENTHII A  TVO ITN BEIPYHAPUI NCAHILHO, True: RICHARD C. SHELBY LEFT-PAREN D. COMMA ALABAMA RIGHT-PAREN AND WILLIAM ARMSTRONG LEFT-PAREN R. COMMA COLORADO RIGHT-PAREN COMMA OPPONENTS OF THE TWO HYPHEN TIER STOCKS PERIOD
Pred: TOLIBDTKI S TBT L AF OHN EINOVNAMELONREEUX EN I CTNWNENPT OC-CE, True: FOUR OF THE TEN BIGGEST GAINERS ON THE BIG BOARD HYPHEN REEBOK INTERNATIONAL LIMITED COMMA CIRCUIT CITY STORES INCORPORATED COMMA ROPER CORPORATION AND GAP INCORPORATED DASH SELL CONSUMER GOODS PERIOD
Epoch: 1	Batch: 200	Avg-Loss: 292.9012	Avg-Perplexity: 17.0567	Avg-Distance: 90.8789 
Pred: MR. EONOSH A AN AN'SCE   TEATHYTSU S E.MDACUCSQBBN-BDHQAQ TDLOEDGLLDIOOU.R IAOEOE SSLUTAOWIL EMAREO  PQQLUD  BAFHGIEEQORDEOIT SIO R EDMDEQO BOETZCOHSIUIIMDO UUTT WEVIO RI IAEIECDOOLTEENISEREY.QE, True: MR. MORRIS SAID MR. CARTER'S AREA DOUBLE-QUOTE HAS BEEN A LONGSTANDING CHALLENGE COMMA DOUBLE-QUOTE BUT HE ADDED COLON DOUBLE-QUOTE SPRINT'S CHALLENGES ARE BROADER THAN SIMPLY THIS ISSUE PERIOD
Pred: SMNQUTHTTPNIHSNESW A LAOTAJ L UM TACRAHLAFE  YET OUS-SSEANESNWEENERPNCOMEAD  PUNN  OTANAO NMAOMM E AIMICR INCENHENL  CMWOECN ARIC QMEOAOIAEF NSASA CPMQICCAKM  HENFLSR RU, True: SIMULTANEOUSLY COMMA EQUITY FINANCE WILL PURCHASE ROYAL HOLDINGS INCORPORATED COMMA A LIVINGSTON COMMA N. J. HYPHEN BASED MERCHANT BANKING FIRM COMMA IN A STOCK SWAP PERIOD
Epoch: 1	Batch: 300	Avg-Loss: 286.3425	Avg-Perplexity: 15.8829	Avg-Distance: 85.6484 
Pred: TH AMTNST L YEMDEHEHAO F A RC S OENGNT FM S ESALMLMD NOMAS FTTECDPMIAIE KEES  R TAGROFHEOVSG Y AAMONFOMATYDOSA LTMNADCASG IIEPILTOEO  OCCAE AONA RESUEIPDUPOROS, True: JUNE'S LOAD FACTOR COMMA OR PERCENTAGE OF SEATS FILLED COMMA TOTALED SIXTY FOUR POINT THREE PERCENT COMMA RANKING CONTINENTAL NEAR THE BOTTOM OF MAJOR U. S. AIRLINES PERIOD
## Start validating....
Pred: TOWNNTELLIEEEEDRVOAAMMMOAASLH IIMTKTLAOATILROR N AEMSOGYNACAFN NH AMNNHGIETTEA IZAOOHTBOS.HTWTEOSEHMOCACTHO WETOISVMMLOAT EN IROONYMEAT TE EAMT ISNAASOMDNTGEROYCM COWISMCPAUEEEAETAM, True: JOHN W. BARTER COMMA SENIOR VICE PRESIDENT COMMA WAS NAMED CHIEF FINANCIAL OFFICER OF THIS AEROSPACE COMMA AUTOMOTIVE AND ENGINEERED MATERIALS CONCERN PERIOD
Pred: AN ITEHEOMSUH M AGCSHHMSANUSYUEA SDHXHHP.THT K FPE TIOTEEGEEEEHAP  N  S SI  PBZPD DINHMTSSCS DCOUALHDSEPSRH UOO, True: IN THE END COMMA THE SAFETY NET IS THE OLD HYPHEN AND HYPHEN TRIED PRODUCTION CEILINGS WHICH CAN TIGHTEN SUPPLIES AND BOOST PRICES COMMA DOUBLE-QUOTE MR. LICHTBLAU SAYS PERIOD
Pred: THE NYNN   HA MNENTNN H LHVEHTEAA NRVRXRANREEEDB E RS OACA RSFOERC MRSNY YEWPKEFOEACRARNOGEEONEEO   CAOA MC INPN R N EDH PELRAIH CEAT VOAUAOPED TMDDERHB, True: THE ONLY TWO SENATORS TO VOTE AGAINST MR. GREENSPAN WERE SENATOR KENT CONRAD LEFT-PAREN D. COMMA N. D. RIGHT-PAREN AND SENATOR BILL BRADLEY LEFT-PAREN D. COMMA N. J. RIGHT-PAREN PERIOD
Pred: MR. GECIEP PSITSCE TCLSHED HS ISEHNAOATINEOVEIERM IRUHOETTRTA NMATINARARRRWEHL BOTIOFGEYHNLLUIESTS EI  ETEOY CSN NAANOEB MSNON CHITU MM MCOTESDNSSI  , True: MR. KNAPP IS THE SUBJECT OF LAWSUITS STEMMING FROM HIS ROLE IN DIRECTING AGGRESSIVE LENDING POLICIES THAT ALLEGEDLY RESULTED IN MAJOR LOSSES FOR THE COMPANY'S AMERICAN SAVINGS AMPERSAND LOAN SUBSIDIARY PERIOD
Pred: DOUTLE-QUOTERI. TSIFN I'H   A SSM FEIIAAGYHWTLN MMDARSSAHOROUMTSMAO DMAM  -SA T O NSOMVUNEMWERSBME DLSAEOSNIC O'WUUTSEDREE EIEIFEADIAIOCIMNK, True: DOUBLE-QUOTE ITS KIND OF A GOOD NEWS HYPHEN BAD NEWS YEAR COMMA DOUBLE-QUOTE SAYS RODNEY MOSIER COMMA EXECUTIVE ASSISTANT FOR THE TEXAS WHEAT PRODUCERS ASSOCIATION PERIOD
Pred: THE  ONEHEURRASEONAILNNNOCNE APIOYCFE.OVR EC F REEIEA HHOCM.RIH ROMGAXAS CM, True: THE INVESTOR GROUP OWNS NINETY FIVE PERCENT OF BORG HYPHEN WARNER'S STOCK COMMA AND MERRILL LYNCH EXECUTIVES NOW HOLD SIX OF THE NINE SEATS ON BORG HYPHEN WARNER'S BOARD PERIOD
Pred: BUT EGN EIEIEPAEUIEDTN OTIFTSEICSDMTS  ELIDOU  CMOTSSRXANMGCCM     ME AOM   UMMAGO E   NBYC ASAPENNOYEOIR HD, True: BUT GIVEN THE PRIME MINISTER'S EXTRAORDINARY ECONOMIC SUCCESS IN BRITAIN COMMA IT MIGHT BE WORTH INQUIRING WHETHER POLAND MIGHT BENEFIT FROM A NEW APPROACH COLON APPLIED THATCHERISM PERIOD
## Start validating....
Train Loss: 294.1144	Train Distance: 79.8687	Train Perplexity: 16.3216	Val Loss: 277.6424	Val Distance: 75.7920	Val Perplexity: 16.1205 
Epoch time used:  1076.8765423297882 s 
### Epoch     2 
Pred: MOT LLT HIYCP NNEPA T AAETMMARI NEORTAIEDO NETRIE NEEVWRSERELITLET TSTOEFT RE EOEHLNSSNROL EENFOIGPO NNIBOECSTNMIUTHR  TTPEPT  R NKEU IENRAE T DPEEIAI ETRT, True: MONEY LIKE THAT CAN BARELY BE CALLED MONEY AT ALL COMMA AND NEITHER SOVIET HYPHEN BLOC ALLIES NOR WESTERN FIRMS ARE MUCH INTERESTED IN TAKING IT IN TRADE PERIOD
Pred: MI. TAK N  TON TAPA TAFFL  UFREAYEADGAXNSGNENSA  E EASE'TIPAYA F ACYRB  EORTOPTFEIIIPWPR RF ART SE OFSOSTEH E F TB EEIRC IAI EFFHE Y AHE OSESO MI EVP OKFUDI, True: MRS. AQUINO TOOK OFFICE IN FEBRUARY NINETEEN EIGHTY SIX AFTER A POPULAR UPRISING OVERTHREW THE TWENTY HYPHEN YEAR HYPHEN OLD REGIME OF FERDINAND MARCOS PERIOD
Epoch: 2	Batch: 100	Avg-Loss: 276.3886	Avg-Perplexity: 14.1165	Avg-Distance: 83.3331 
Pred: MR. ROLAST    AOD C COHM  WUAGATU GATTEITR  GRACHH ORT UMRF  AFEEMCENAMMA T M G  OCCAFN  DONPOTC NUTOLAEO LR  RO.HE NIDU GEHLIYR YNRARESSDA AEHN, True: MR. YOUNG'S CONTRACT COMMA WHICH RAN UNTIL JANUARY TWENTY FOURTH COMMA NINETEEN NINETY ONE COMMA CALLED FOR A SALARY OF AT LEAST FOUR HUNDRED TEN THOUSAND DOLLARS A YEAR PERIOD
Pred: SOM  CLD ELTL EDEYETDLHI ADASSWEESSNRV  W YL TTHTEETEHMN NH TH  H  PNHNDMFNEH PN IPPIV OTC O TTNONMAN   NCISAOOSUGRNLMITRFMSPV M NSN  AAALF EEALI ICEDA EMAA NUS AENTGFLELIEMIILEI SLSANEN ELMR  EAPAES DXMAA E, True: SOME POLITICAL LEADERS ARE DISCUSSING WHETHER TO AMEND THE DAYTON HUDSON PROPOSAL TO BAN SUCH CONTROVERSIAL MANAGEMENT TAKEOVER DEFENSES AS GOLDEN PARACHUTES COMMA POISON PILLS AND GREENMAIL PAYMENTS PERIOD
Epoch: 2	Batch: 200	Avg-Loss: 268.3851	Avg-Perplexity: 13.1648	Avg-Distance: 81.2405 
Pred: BAE DNL'OBUUUOE    TBN  MEIR    RPRFMMNCMHHCEEHMATCNR TEAP  DSRMEAH Y   OHNDISNRNAEMNBDMRI  DEA LAREE USOM  O NUATOUS BSBENKOARELAELO LIAMAEOATDSOSR NDMEDAOS ASO CVG IASC N  NTOFOMIUEIIREIYDRHNIRRMOET, True: BUT DOUBLE-QUOTE WHEN THINGS GET ROUGH COMMA THE TREND HERE IS TO FOCUS EVEN MORE ON RESEARCH COMMA DOUBLE-QUOTE SAYS HISAO OKA COMMA A MITSUBISHI ELECTRIC CORPORATION MANAGING DIRECTOR PERIOD
Pred: ATS OKL MOMMAE RAPD UAUPRTNMSEDADAMPUADCDANOMNK AS LOD DLLALSLLIS.SEE.MS.  S HIIG.SODSNALKMSE  S  TRN  SRIS  A O OT   RYRORGTUE C AANPIAEDEODSJDS  II, True: EXCO COMMA A UNIT OF BRITISH AND AMPERSAND COMMONWEALTH HOLDINGS P. L. C. COMMA IS ONE OF THE WORLD'S BIGGEST BROKERS OF INTERBANK AND FOREIGN HYPHEN EXCHANGE DEPOSITS PERIOD
Epoch: 2	Batch: 300	Avg-Loss: 261.8321	Avg-Perplexity: 12.5169	Avg-Distance: 79.6522 
Pred: IT ANNLICIIALL ST LOOD AOSFEDNSRTTTTITDOOO RTVDSMCDHIS SHYEVS UHEESHELIDTNNDRPVTE FY NYDEIDYAFOAXSF.EYIE UCITRIHRTY HITY YCORH  ILRC I   THYW T LPI XC TBKRSHI AME AYPAI, True: ITALIAN OFFICIALS SAY THAT ROME'S DECISION TO GRANT ABOUT A SEVEN HUNDRED SEVENTY FIVE MILLION DOLLAR GUARANTEE OF EXPORT CREDITS WAS PRIMARILY A POLITICAL COMMA RATHER THAN A BANKING DECISION PERIOD
## Start validating....
Pred: PRE ISEYLH CCOMMA HHEC  SANSCEI D NRS O TSCOOPPDOP PDPYAPPYAPPE U HHPEDE NUOLH AFRTCFORERRRHREFJIT OIENFS   ANYFFFFIETMPEGIISCRO ECRFFENTASRRIN, True: PREVIOUSLY COMMA HE WAS PRESIDENT OF CIGNA'S PROPERTY HYPHEN CASUALTY GROUP FOR FIVE YEARS AND SERVED AS CHIEF FINANCIAL OFFICER PERIOD
Pred: HODLYI MIAC  RMMA   HTCESEBBY GKNBBEPLPCRAWRMCM RHAMMMADA TDWETCUATSECITLCSDTCKC D INSC CBNS  CHWMDOS D.ELRHCHD DBT  CE MALERLHIA  S'BN EG PDGAVVIASHYAR OE.SECPSS PLSDORSII IINRSOR PSNNP PE T PIUYERPIEHGOE DYEPD PYDESEPYRDEPCI, True: HARVEY MILLER COMMA TEXACO'S BANKRUPTCY LAWYER COMMA SAID THAT BECAUSE TEXACO IS SOLVENT COMMA SHAREHOLDERS HAVE MORE AT STAKE IN ITS BANKRUPTCY HYPHEN LAW CASE THAN SHAREHOLDERS OF INSOLVENT COMPANIES PERIOD
Pred: LAAYDLLEI NOEIREE TMOMET  HDAPYYPYPPNNIETRNNAD NAUDPNNTANNEAMMSM AYN OSACR   GP UEU. G.E SSPDN SHD PT EAR COREN YEDADAHTRG EPFEMHHNTET PG PN HSERRTSEH 'IE T' F SAERYIS  S RSEADHEI, True: LAIDLAW INDUSTRIES COMMA A WASTE HYPHEN MANAGEMENT CONCERN COMMA LAST YEAR ACQUIRED G. S. X. CORPORATION COMMA THE THIRD HYPHEN LARGEST WASTE HYPHEN MANAGEMENT CONCERN IN THE U. S. PERIOD
Pred: THE RRPPALICEN' OCWNOEASETUT AT ASYSAEITDHMOOAECOO  TRENOE YE IDMED EATE H  I  AGTNS E ANABG Y ENSN CATOTSS EA N GESI ERHR PPSICEEIQI ASPO EAATEPDHYD DOMIT RLLSNEREFPDT, True: THE REPUBLICANS' STRONGEST CASE AGAINST THE DEMOCRATIC NOMINEE DASH HIS NAIVETE ON NATIONAL HYPHEN SECURITY ISSUES DASH WILL DISAPPEAR PERIOD
Pred: YS TEII A. CAMMDCCROE DE S IUD SPS PAD'LAVIVLALW CC E DHOLMGNOGR  IDTRORFUTRHTATDE INGID SRNRA  DMEGDTDR DNODDNIYM CIDE Y .LPUN OAAA CARA A D RPAEPILOSNPAUN OOOCPP CECTKAPEDEOBYDYI YA -A, True: YESTERDAY COMMA CHARTER SAID ITS SPECIAL BOARD COMMITTEE HAD INFORMED THE GROUP THAT IT HASN'T DETERMINED WHETHER IT IS APPROPRIATE TO SELL THE COMPANY NOW COMMA EITHER PERIOD
Pred: DOUBLE-QUOTE IHR FHHO TOIEDOROFCIMAR F LJMHRSHHYIOM ETADEHDDTATNTDICE  MMGMBSOMP OSSEN NNPMUBSD DNPOSICMAMMOSTOOU S TDMEBSCOCCSUBGOSACSPO CHSEHCG RMLCS UP  ANOAACSCTU I  NCPAENCMTEOIGIDDSA DDOOTRTRD, True: DOUBLE-QUOTE FOR THE MOST PART COMMA LAWYERS HAVE BEHAVED IN AN ETHICAL COMMA RESPONSIBLE MANNER COMMA DOUBLE-QUOTE SAYS THOMAS JOHNSON COMMA CHAIRMAN OF THE AMERICAN BAR ASSOCIATION COMMISSION ON ADVERTISING PERIOD
Pred: A TRR IALSESEROOAMIMABFETDMAEMEMMHAI HTTORI WWBT Y NNH OCHPAOEENIOA AT.MCAV  F HNFOSNGIHEOI ARMS AAWMOIDE FNULO NVA AAI OAE NIATOYAINOLSARMADTHUIT O OONT UMOD LLNITDMENLORD R TNOMRRVIPYEEO MIPDOR, True: A FRIENDLY SUITOR COMMA BANCA COMMERCIALE ITALIANA COMPANY COMMA IS OFFERING EIGHTY DOLLARS A SHARE COMMA OR ABOUT SEVEN HUNDRED SIXTY MILLION DOLLARS COMMA FOR FIFTY ONE PERCENT OF IRVING PERIOD
## Start validating....
Train Loss: 257.3578	Train Distance: 78.9475	Train Perplexity: 11.4063	Val Loss: 243.9998	Val Distance: 74.5662	Val Perplexity: 11.4064 
Epoch time used:  1183.9481496810913 s 
### Epoch     3 
Pred: A.SENGINV VG ADSITAOOONTS  FHTHLHOOAMAHALMH  EN   COAOADE IBWTEUDODSRTIMEST D  UQAOL ULND T TAHOTODTNOHHUN DBAHSASEY OU  H UET R EOHB.HVB  EQNQONUEAP H IE NLPSSO R NGOREHOOEIOGMTUSTLLEASRTOBETRE  T OOEEEDLRVO, True: A SENIOR ADMINISTRATION OFFICIAL COMMA HOWEVER COMMA CALLED THE GORBACHEV STATEMENT A DOUBLE-QUOTE WATERSHED EVENT DOUBLE-QUOTE BECAUSE IT WILL INCREASE EXPECTATIONS AMONG SOVIET PEOPLE FOR WITHDRAWAL PERIOD
Pred: AYKT..SA LLYHHHYEEN GHCMMMMAAVOE EVY R REN TAT DOTTEIOCQTUI RNEMIG NRMETEPIPD  E OOMOHIOIEQDAOMNCOA I MNNCAIOTUON OUA A YYANTEYT NCYDLYSVSEYMONDIALNCIEOAWDPOAREA, True: H. T. L. V. HYPHEN I COMMA A VIRUS RELATED TO THE ACQUIRED IMMUNE DEFICIENCY SYNDROME COMMA IS THE CAUSATIVE AGENT OF ADULT T. HYPHEN CELL LEUKEMIA PERIOD
Epoch: 3	Batch: 100	Avg-Loss: 249.5257	Avg-Perplexity: 11.1112	Avg-Distance: 76.8137 
Pred: TOOE NOOA JJRORORAYD AN MEKXMN S SGMATA FEVU ICME AELLOA QT NSUCT OTWLH LWAOPNIIWH O  RYASO' TFAEIS BA  LAGAHR AFFI AMNIFDM RUOLFFFJU WITF AIT  LUTHOO LVNTATSC  SS UAONIEASPIEOBT NTO  .NE UP, True: TO IGNORE JORDAN AND MAKE A SUBSTANTIAL FORMAL CASH PLEDGE TO THE P. L. O. WOULD SIGNAL A SHIFT AWAY FROM MODERATION DIFFICULT FOR THE GULF STATES TO COUNTENANCE PERIOD
Pred: AMAALAA HHOHO EEOOAS CSTUUPED D EDX EKCER O'C EOPANNHOMUNDNP UC NNTVAEAEHNYHAHI OR  RNELLPDESRNRRNHERANTL TO WSARLR HGT  GEAOLS R NASLIORO TAOOS RSCOOO, True: AMERICAN HOME PRODUCTS ATTRIBUTED RECORD SECOND HYPHEN QUARTER AND FIRST HYPHEN HALF RESULTS TO STRONGER WORLD HYPHEN WIDE SALES OF PHARMACEUTICALS PERIOD
Epoch: 3	Batch: 200	Avg-Loss: 247.2953	Avg-Perplexity: 10.7160	Avg-Distance: 76.4591 
Pred: DOUBLE-QUOTE SSS O PRRPS SS N IVFFJ' AAAYAGOT OSSBM DMADOOO-EDMSOEBQO M-B- _ AER PCTNR NTAR AAMI  AAAAE ET AA  OLOITAOEAWOWWAACMHMND '   NWE MOTGMMNENCANMCRGK  NOTFPERNPAIOHLORSN RINRTOIIRERTPDR, True: DOUBLE-QUOTE SPOT PRICES HAVE BEEN SHAKY AT BEST COMMA DOUBLE-QUOTE SAID TERRY H. SMITH COMMA AN ANALYST AT HOWARD COMMA WEIL COMMA LABOUISSE COMMA FRIEDRICHS INCORPORATED IN NEW ORLEANS PERIOD
Pred: JH PINE SSSANIN SNERRUO RISIUAOSSIINT  YY APT E IELYHASSHAHL SP  S  EOOPNITNELONHRHDDR. DTMUHD   IDO NF ENDGNID UEOHNRRRDO O LOOH D  IMO OOD NHK TD E PPNDCAKHPNBIL, True: JAPANESE BANKS' SECURITIES SUBSIDIARIES TYPICALLY HAVE ASSETS OF BETWEEN THREE HUNDRED MILLION POUNDS TO FIVE HUNDRED MILLION POUNDS COMMA ACCORDING TO A BANK OF ENGLAND SURVEY PERIOD
Epoch: 3	Batch: 300	Avg-Loss: 242.6411	Avg-Perplexity: 10.3233	Avg-Distance: 75.1941 
Pred: TA  ACKUCO TSDDDDD MEBG PL LAFMNRE TNOATMOCCAMRM O LOM GW  TDWNI.CN  YPE IEPTPRPEPIHRE    TNNEIEREAMEISAOLETO OROUFAPDU RILIRPHIAB EROYLRHTTIIE YFHIDDEOPD, True: TOBACCO POSTED THE MOST BUOYANT PERFORMANCE FOR THE YEAR COMMA WITH DOMESTIC OPERATING PROFIT UP THIRTEEN PERCENT AND INTERNATIONAL TOBACCO OPERATING PROFIT TWENTY EIGHT PERCENT AHEAD OF NINETEEN EIGHTY SIX PERIOD
## Start validating....
Pred: AI   ILLOITIIINGN NES VMVM.MO.AMMRRRMOAAK RT SSEIHOAH S'FSITS  SSSOEOSS IXN.IX CSMECECIEAOPCTLEUR E ADIP A   CMARLTD TBCLSDBTEA CT BPNEUT OFDTHEOEW AUUG TWQBLELE-OBARLOO ERQ'LIO, True: IN A TELEVISION INTERVIEW COMMA MR. BAKER SAID THE U. S. AND ITS TOP SIX ECONOMIC ALLIES ARE PREPARED TO ACT TO STABILIZE THE DOLLAR DOUBLE-QUOTE AROUND CURRENT LEVELS PERIOD DOUBLE-QUOTE
Pred: BU  GRAT R MO AOMTO TAIM OSSSOSD ABEDAG CBGI OABA  SCI OTNIEIAI DAE ENADCEIIORETAP OTSRHXREE EEFNNVHHRFYKDSSOLFTXANA E EOHEIFRHTCUF HEBN HFO MMG CROU NOE AGRODINNCPDDEYNIEOOTERROORP D NDPSDVEFAAIT   EEPASO, True: BUT BROADER MARKET MEASURES SHOWED BIGGER GAINS SEMI-COLON STANDARD AND AMPERSAND POOR'S INDEX OF FIVE HUNDRED STOCKS ADVANCED ONE POINT OH FOUR COMMA TO THREE HUNDRED FORTY EIGHT POINT SEVEN OH PERIOD
Pred: AXXO' OOCOO  OUUUIID OOPSAZ 'AAAMMDYPAD TACLONALOWHALLWOODSI  L. S.... .. SNMIM EALT  W. OOORSA LATAWG HR D LLEAHEWTOOSEAFFG    AAM'TBI ROET EWRASE  TXR EAAERND N AIHAEDCESM PITDIP PE  , True: EXCO COMMA A UNIT OF BRITISH AND AMPERSAND COMMONWEALTH HOLDINGS P. L. C. COMMA IS ONE OF THE WORLD'S BIGGEST BROKERS OF INTERBANK AND FOREIGN HYPHEN EXCHANGE DEPOSITS PERIOD
Pred: DOUBLE-QUOTE OHE POBIL  I EDSSOROWSI  ATLE 'NH NS ESR ESNDRHEN AIRYIO MLE-EOOY OQEO-UE QOAEM V AGSPH SUOYSEA MN ERPDEDTWOTKLUCIED AOO QNNATDOD NTCTSSDO S ICTOEVWSSANEO IPREISS EIR RERCDEE SFDMOEMODDOKSORN RDCRAESRDEPIFS  EUOESFE , True: DOUBLE-QUOTE THE PUBLIC'S DISTRUST OF OUR BUSINESS THREATENS OUR INDUSTRY COMMA DOUBLE-QUOTE NICHOLAS PAPPAS COMMA A DU PONT EXECUTIVE VICE PRESIDENT COMMA RECENTLY TOLD AN INDUSTRY CONFERENCE PERIOD
Pred: MOW 'STTEUDTIIR LMCC MOAA  PMMENEETOXC ES A HSSNCMAEUOGE RD MGAW MNRNLOOSIAR ARAREZU IDITWS D DLLSOALLIOL-TEBAUTSEO- EMTHCE IEQ RSKX MUIAAFHHDTEEIOPPECRTEOTTD RTAR NHPH IIR OD IIROU-D, True: MOANS STAN TRILLING COMMA A LONGTIME O. T. C. STOCKBROKER AT PAINEWEBBER INCORPORATED IN LOS ANGELES COLON DOUBLE-QUOTE IT'S LIKE I KNOW THERE'S A PARADE OUT THERE PERIOD
Pred: AS  OAI '   AAA   HOA  TDOTEDMADLGHLAL KIAEASCLUESI TEFAVIFNERPP ITSEBSS ENLIALENR IN E  EE YURNLE C OP NPEAANSERUT CO PAGLLI LLENYN OII'E  TGY MOIS, True: ISRAEL'S SHAMIR HOPES TO AVOID LOOKING LIKE THE SPOILER OF PEACE PROSPECTS BY FLOATING A REGIONAL PEACE HYPHEN CONFERENCE PLAN INVOLVING ONLY ISRAEL AND ARAB STATES PERIOD
Pred: SONSSST GHTSEBIIN  A  A  MRE IWXLEMNTNDTN DIEHAEC  AT  MQOOOYMTOOMM OO OWF M OFFIMFRAANFEURRMARIANLNTWYITRTL YLE'  NEP DEEA REPI USXRPSBTCTUUPOT  EREE PA'UNEIRARRPEPMIDZ E EMDTRR PAIID IDIPSPE IPDSED, True: SUN STATE SAVINGS AND AMPERSAND LOAN ENDED AT EIGHT AND ONE QUARTER COMMA UP TWO COMMA AFTER CONFIRMING THAT IT RECEIVED AN UNSOLICITED ACQUISITION PROPOSAL FROM AN INVESTMENT GROUP PERIOD
## Start validating....
Train Loss: 241.9535	Train Distance: 75.3065	Train Perplexity: 9.7207	Val Loss: 231.2161	Val Distance: 70.7832	Val Perplexity: 9.9878 
Epoch time used:  1160.1522059440613 s 
### Epoch     4 
Pred: THE FAMMER  IREETUL IMENDCUTRECMAOAAF  E EFFTRHYRETE EE MTMSISITSOC  A MSCK CSNTO  H ROOI  OHRNE WH   IRFVM IYTIAO IEFII IIISUEII SR DILTIRGINPEOGTROORTDDODGP, True: THE FORMER AGRICULTURE MINISTER COMMA KNOWN FOR HIS FREE HYPHEN MARKET VIEWS COMMA SUCCEEDS JACQUES CHIRAC COMMA WHO RESIGNED FOLLOWING HIS DEFEAT IN PRESIDENTIAL BALLOTING PERIOD
Pred: THE ANGIN T.AFOE . SYETNMODEEDRRREGINSEMESFSECIFRRE RRR EVMTETEFVG AGGGNNTIDNLNRLLLE   BPERY.RM .MOCALCU GHCAMCETTTOPINUERYY-EGAERIPAR GSNS AH LVSAWRRAEUJGIGRENGLLRIRAEIAH  F  OR TEOSS I R INJSTENCJO, True: THE AGENCY HAS BEEN UNDER GROWING PRESSURE FROM REPRESENTATIVE JOHN DINGELL LEFT-PARENTHESES D. COMMA MICHIGAN RIGHT-PAREN AND OTHER LAWMAKERS TO TIGHTEN REGULATION OF THE GENERICS INDUSTRY PERIOD
Epoch: 4	Batch: 100	Avg-Loss: 234.5079	Avg-Perplexity: 9.6021	Avg-Distance: 73.4511 
Pred: STATT S WRUAAAGTY RHEH Y PYE  EE  CTXIVEEIPB OI AOFROEARSOUSIBUMAATCMAVKGNGGSAWVLFOLAEOLEUOT  O OHF RAHH  OUHYPY EO.AE   HEAES RPP LOTOEDCRSESINROMNTOPPNAPSP, True: STATES DO REGULATE THE IN HYPHEN STATE ACTIVITIES OF CORPORATIONS COMMA BUT TAKEOVERS ALMOST ALWAYS AFFECT OUT HYPHEN OF HYPHEN STATE SHAREHOLDERS AND CORPORATIONS PERIOD
Pred: THE FIMMK   AAUOIUUQTRTRNONNRMWSRROCS A CMPNNTHRCRT  S I BYH NENE EN BA DE.IYMMSCLSACOCCROCERSDOXTCSCRUNR SODHIIORAISESNIONOYRGLGLNSDILNVLRNEEESVRCHN RODRCR   NEADEVDEEDNITTWI, True: THE FORMER AGRICULTURAL MINISTER COMMA KNOWN FOR HIS FREE HYPHEN MARKET VIEWS COMMA SUCCEEDS JACQUES CHIRAC COMMA WHO RESIGNED FOLLOWING HIS DEFEAT IN PRESIDENTIAL BALLOTING PERIOD
Epoch: 4	Batch: 200	Avg-Loss: 233.3994	Avg-Perplexity: 9.4599	Avg-Distance: 73.2098 
Pred: BROKOR   IIIIAS  WOOOMRF ADTAD CI ACAW EC WHWDEEAEE RDNTRIIAEIL NON OLOOPLUI  AHTRCRHU   TOR NA  U HNONAHMATGIAMYICSR RCI.HERTREEFOS OSEOFFRFE FEOEIPSDPEPLEPRRDR , True: BROKERS CITED STRONG FOREIGN DEMAND COMMA WHICH DROVE UP TRADING VOLUME IN FELDMUEHLE TO ABOUT TWO HUNDRED THOUSAND SHARES COMMA NEARLY FOUR TIMES RECENT LEVELS PERIOD
Pred: DOUBLE-QUOTE YSS CEN   NN IOERTRRLNOI EO LMUUAOOMAD----U-QOH HT    LDL   CCOOMKOSU AUNIDDOSBGDHIODMOLOLS  TNOSOGRS ALO RSV KHLBTC CERC CDHLNEEUOBBBS IAEINLAPEEEENRIRRAOIDDO, True: DOUBLE-QUOTE I SENT IN SIX CARDS MYSELF COMMA DOUBLE-QUOTE THE PILOT SAID COMMA INCLUDING SOME INVOLVING INSUFFICIENT TAKEOFF POWER BECAUSE OF MECHANICAL PROBLEMS PERIOD
Epoch: 4	Batch: 300	Avg-Loss: 230.7029	Avg-Perplexity: 9.1612	Avg-Distance: 72.4358 
Pred: JASEAOFEHEIEGOAHD ORURE TEUCFLTITLPRGUIJ.OT  . .CT .. PRBOR ERMTPR NJUIOPNPPHEN SSTRESYIASRLSMESEELO E EOUEERRTRB SBE PE A N TOTSO TOPVTLTDBENLE EIMX  E VNNVLENESS OISA UGSAALII FEOPEL, True: JAZZ AT THE PHILHARMONIC LEFT-PAREN J. A. T. P. RIGHT-PAREN JUMP HYPHEN STARTED A SELLING RECIPROCITY BETWEEN BOX HYPHEN OFFICE AND RECORD SALES NO ONE HAD IMAGINED POSSIBLE PERIOD
## Start validating....
Pred: STECDESS  T HHEENINEEN TEHGTGGPEIMRISIEYSEAEAB T D JBTA UE RRSDOITUDDDT UAD ERDDPNED PE TNLRTO OISSTSEHLLELO STO D-OQNULLTEA BEIU TR EUETROREEL LLHTTLSUTRL A EE E TIOOODQELE DIP'GDEDERSEDE OTOLE -OLEOEEI-DAB, True: STUDIES OF THE NINETEEN EIGHTY PRIMARIES SHOW THAT FEWER MODERATES VOTED THAN DID PEOPLE WHO CONSIDER THEMSELVES DOUBLE-QUOTE EXTREMELY LIBERAL DOUBLE-QUOTE OR DOUBLE-QUOTE EXTREMELY CONSERVATIVE PERIOD DOUBLE-QUOTE
Pred: FOR THE MINN MNOTO OMMMOA NE CRACS E TE LBDBASL SOMILIIIDLDNDL E TCMORMM THS RIFFCIFFSTNINISHE MA MRMRESRRMMRAIAWFE OYINSIOPIIIS    YNAURSBERIHERAERRFRRREEE NOR, True: FOR THE NINE MONTHS COMMA NET INCREASED TO ABOUT SIX MILLION DOLLARS COMMA OR FIFTY NINE CENTS A SHARE COMMA FROM THREE POINT FIVE MILLION DOLLARS A YEAR EARLIER PERIOD
Pred: GRLG  D CMMM  MLLI  NNNAACNITECSSHEFEEUA R  NDSOA ENNNNAR HRPNPE AU  EOAMAMCEMACROITT KTMO HEYLFSDHVEE LYI A L  AGEEN EHEP TCSNE AO W  RBRRAD N RVPVERLSPF VIR, True: ROHATYN COMMA MULLEN AND ATKINS LEFT-PAREN OF SKADDEN ARPS RIGHT-PAREN COMMA THE COMMITTEE HAD A FERTILE DEAL HYPHEN MAKING MIND TO DRAW ON IN IRA HARRIS OF LAZARD FRERES PERIOD
Pred: J.UB. B. SSSZNERES  F VE RRAOONCA FOF DNS  PUEHS ADIRRACNAG ATDCH CE TVINY VF VEFCEOASCMVMEODIE EIE N I H  HSETREE- HB H SWE EYBTH YPEBEAEHHH EAUM    TL SPBYRPES RFSONPSSSOOOEROP, True: W. J. SANDERS THE THIRD COMMA ADVANCED MICRO'S CHAIRMAN AND CHIEF EXECUTIVE OFFICER COMMA BLAMED AN INDUSTRY HYPHEN WIDE DOUBLE-QUOTE SEA HYPHEN CHANGE DOUBLE-QUOTE FOR THE COMPANY'S PROBLEMS PERIOD
Pred: THE FOMEEAIEGRUUCLURUS AM NI SARHRMMMMM NNEFWEF OEIERRTASHEN GEIKUE SEMMTEO OCM ESURUHAEEC'CDS  CO MCMOIE IYTICYSNT LCNTSSTIOISISIVIRCLTEUTB, True: THE FORMER AGRICULTURE MINISTER COMMA KNOWN FOR HIS FREE HYPHEN MARK VIEWS COMMA SUCCEEDS JACQUES CHIRAC COMMA WHO RESIGNED FOLLOWING HIS DEFEAT IN PRESIDENTIAL BALLOTING PERIOD
Pred: DOUBLE-QUOTE WE THIT INOAP  PPPRIIE ODW W E FOEGN NOICNEIOUOAPRAPOPREUORG DAIE TT  EUMNASOITONS ANUNBNNDSGUCMBA   DM NBCASOW CBI ISN LOC  MOCPYR.AA AOS STSLEOANP SSPEI, True: DOUBLE-QUOTE WE'VE ENTERED A PERIOD WHERE ECONOMIC FORCES ARE PRODUCING TREMENDOUS STRAINS ON BUSINESS COMMA DOUBLE-QUOTE SAYS LAWRENCE O'BRIEN COMMA A TAX LOBBYIST PERIOD
Pred: BUT THEY     BOOLNDTO KAUTNWQNO YWW OIRON H NE  WINT ER ILGTIERPERPNERTPEPETHHEC UEIP HHEURALTGDLA E  L  HG SYMVIAOHEERYEVY TT W EAEOAD NN   POREN SDCTAIR WDIRDR EOOMRPTE ORIINIIOO OYG OINST-EYOP OIIOOOIPOEREDLI, True: BUT THEY HAD FALLEN TO ABOUT TWENTY DOLLARS WHEN THE PRELIMINARY PROSPECTUS WAS PUBLISHED IN EARLY AUGUST AND HAVE MOSTLY HOVERED BETWEEN NINETEEN DOLLARS AND TWENTY DOLLARS SINCE THEN PERIOD
## Start validating....
Train Loss: 235.3238	Train Distance: 70.7219	Train Perplexity: 9.0501	Val Loss: 226.9771	Val Distance: 66.3641	Val Perplexity: 9.4614 
Epoch time used:  1098.3926861286163 s 
### Epoch     5 
Pred: THE SRR  UIBU N PCUAI P WHA BBEHTB    H  EDELA  AMEPR ROPPPPOTN IN NMMO TACJODNRDAOTMMAODONCENDSUSLC SUNRLRIAIOENRNAANMCIEILRSAAMACNHPEVERFCVEIICMEICFX   RB  FFOTECE, True: THE SURVIVING COMPANY WOULD HAVE BEEN NAMED HEMDALE FILM CORPORATION COMMA AND JOHN DALY COMMA HEMDALE'S CURRENT CHAIRMAN COMMA WOULD HAVE BECOME CHIEF EXECUTIVE OFFICER OF THE SURVIVING COMPANY PERIOD
Pred: HARAA  RNMI MANN WWAWIO HYEHNST ESPACD  A UO NRYAYTEI ETENWF F ETG ORE TAMPAIUTI GSYTKT DA PNNATDDSI CLLELLEEIOO-- MOAE .IOOBEBTENABNM UOLU CNEHHOQHE'MSHOC LEUTLDALT L  SWT BMITHCOIPFEROM, True: HARRY TRUMAN WHISTLE HYPHEN STOPPED THE COUNTRY IN NINETEEN FORTY EIGHT CAMPAIGNING AGAINST A PAROCHIAL COMMA DOUBLE-QUOTE DO HYPHEN NOTHING DOUBLE-QUOTE CONGRESS THAT WOULD NOT ENACT HIS LEGISLATIVE PROGRAM PERIOD
Epoch: 5	Batch: 100	Avg-Loss: 225.0403	Avg-Perplexity: 8.5765	Avg-Distance: 71.2858 
Pred: THE FOUH RIGEALCCLUSRRLLLLM NI T OS MAM G O OANOHTTHH AFRHND MENLOWYH GWHTM E SSASCSSESCCCR SCOMTHHOTLTS HTET OODO EOL OAN OOSWINUAOHTFCRF TAFENINTA TNVOASALE, True: THE FORMER AGRICULTURAL MINISTER COMMA KNOWN FOR HIS FREE HYPHEN MARKET VIEWS COMMA SUCCEEDS JACQUES CHIRAC COMMA WHO RESIGNED FOLLOWING HIS DEFEAT IN PRESIDENTIAL BALLOTING PERIOD
Pred: THE SNNA DPPAGN ILIULHRROIIED HHIIR M YI LLNDD RLFOOR H FAOALIHI GORN SDGAOIOHEEE  OSS  SATEETA ON  SGOBWRR P APESN TTOST  S OOA A.LBLSHBE BSNRBHVSAEEABOBSERAUDOOIIEDLRU, True: THE SENATE PLAN WOULD PROVIDE THIRTY MILLION DOLLARS FOR THE NATIONAL GUARD TO HELP THE CUSTOMS SERVICE WITH DRUG INSPECTIONS AT U. S. BORDERS PERIOD
Epoch: 5	Batch: 200	Avg-Loss: 223.6723	Avg-Perplexity: 8.5877	Avg-Distance: 70.8467 
Pred: OTTENBRRCSOSNTRRTTUNNFIOFMRIRAE ROSEATAAIA N ANAIMRO ET ALDCOUUGURECLGHI ESUVAESH TEEWS VRE CEEE ENR ONAU NN ORL LA FTPPDUU  O NIT PA UAPGBRRE I IAITI AN OAEEIE DUPV ECP TN TUC SDRA IECHITN ER R  TPOEHPNNPMEMRS EN IER, True: OCTOBER'S CONTRACTING FOR TRANSPORTATION AND ENVIRONMENTAL CONSTRUCTION SURGED THIRTY SEVEN PERCENT TO AN ANNUAL RATE OF FORTY FOUR POINT THREE NINE BILLION DOLLARS COMMA FOLLOWING A SHARP DECLINE IN SEPTEMBER PERIOD
Pred: YESTINDZSCDIODVADFND TCITBAEEWEEN CICCTI IEETDAD IISIFCSC CSCSSSA S SOTTTAIPRMNCNCA CM MTEM MTF U MTCCPTAMCACF PIA A SDE TESTA CL E ANASMDATTNNSNAAD S EPT  AYN IO NASEET EYN EUNQ AD THTE ETYA S SA T SDO II IIEET'YI, True: YESTERDAY'S DIVIDEND ACTIVITY WAS CONCENTRATED IN FIVE STOCKS DASH SOUTHERN COMPANY COMMA PINNACLE WEST CAPITAL COMMA CINCINNATI GAS AMPERSAND ELECTRIC COMMA CHASE MANHATTAN AND EASTERN UTILITIES ASSOCIATES PERIOD
Epoch: 5	Batch: 300	Avg-Loss: 218.2910	Avg-Perplexity: 8.2029	Avg-Distance: 69.3794 
Pred: BUT IS SEETENNRIITTEEENENETTGFFYFIIIDERIGGA  CRMNMMOEE NILRAE LLNNEFNN TNEDI ECECCACRCHI  TSSRYAA RASGPASUPAPRTANSHTPRMTOYI O.OEOMOAMFO   RRTISTCTEE ILSI OYEOTOS MR EL, True: BUT A SEPARATE NINETEEN EIGHTY FOUR FILING BY CAMRO IN CALIFORNIA IDENTIFIES CAMRO AS A GENERAL PARTNERSHIP MADE UP OF MR. MILKEN AND TWENTY SIX OTHER DREXEL EMPLOYEES PERIOD
## Start validating....
Pred: SEPARAELYAYCOMMAMAO  IOLABNGGGVESMPE   MOMANNA NSTCIIS N EVAIFFF FCC ML NILLYLLOS LILTF ITWEETL EPHP H NANHOMEEMCERS OETT NNC EF HH TIOH THNERERNE POEE, True: SEPARATELY COMMA ITS DILLARD INVESTMENT COMPANY UNIT IS OFFERING FIFTY MILLION DOLLARS OF TWELVE HYPHEN YEAR COMMA SEVEN AND THREE EIGHTHS PERCENT NOTES COMMA PRICED AT PAR PERIOD
Pred: PREVUULLLYMMMMA EE.WWIW REIT. ITOSNDS CISD P OPERRTYYYHPHAPPACSPAMAI THGLDR RE TAITOEESRERRERAS R  RVSSI FTTFEFI  AA N FTCFFIICEIICEEPIEE PRRPERROI, True: PREVIOUSLY COMMA HE WAS PRESIDENT OF CIGNA'S PROPERTY HYPHEN CASUALTY GROUP FOR FIVE YEARS AND SERVED AS CHIEF FINANCIAL OFFICER PERIOD
Pred: MR. BRRRECCOMMA AS HADA OFAEEMM. EBBIEU S.IELCKE ESM EOUNII NEEESIEIMINMCOLM AA MH HHLDSAHIF WTULP  FIDLLTQUQEST --QEEQUE-DE Q JTT-EETATDOL ED-UDOLOR RS NEE DY' TNWE  EDRDPNDEYSLASULERILO O OPLDMNEPNEBMCYSA, True: MR. BAUR COMMA AS HEAD OF SIEMENS'S BIGGEST TELECOMMUNICATIONS DIVISION COMMA CALLS THE POLITICAL FUSS DOUBLE-QUOTE EXAGGERATED DOUBLE-QUOTE AND SAYS THE ARGUING DOESN'T INVOLVE SIEMENS PERIOD
Pred: VONG HYHHEPETII M OTSNWTSN  HETIT   EIHOEFKETSFAK TMERRREMTR ETDERIV NN G ERETERECOACNOCNAAES AOTOME RE F RECITACRNOAESNADRIE OTOW.T  AHD CDRREHIHSE YY IAVEAIOYAPHPI, True: LONG HYPHEN TERM SOLUTIONS AWAIT THE ADOPTION OF MARKET REFORMS IN THE DEBTOR COUNTRIES COMMA REFORMS THAT CURRENT U. S. TRADE AND FOREIGN HYPHEN AID POLICIES TRAGICALLY DELAY PERIOD
Pred: JONN T. OHAACTY  COMMA   ECEEIIEN NIN FCXXEVCECTVGFOOF ACOA DOOOMS SHAIT CHE TCA OYOO MOODE OBBD-O-QBTHTQ-MTAOOUHHDHUMHT  MTOEEEKEFTREO  ELCRAT KMAEADMEUKRCONU RCICONHOTOGDDAFABDOSYDOO MSRTNECMEMELSSS DRDPINDDRERAS SR, True: JOHN T. HARTLEY COMMA PRESIDENT AND CHIEF EXECUTIVE OFFICER COMMA SAID THE COMPANY DOESN'T DOUBLE-QUOTE SEE MUCH CHANGE IN OTHER KEY MARKET AREAS DOUBLE-QUOTE OUTSIDE SEMICONDUCTORS AND INFORMATION SYSTEMS PERIOD
Pred: HE SIID MAAENEERS SMAA  RC NDOROR RSSOVEOAORRTHEHTHE  EEIEHTSACMAOMGM NA NRA RA IDMMEMHEGMEEHWAW UTH TTDWW WTA VLNADEEHWRFTIRCPPVOPDIPECTTKFRIO, True: HE SAID MACANDREWS AMPERSAND FORBES COMMA RATHER THAN REVLON COMMA IS BORROWING THE MONEY NEEDED TO ACQUIRE REVLON AND TAKE IT PRIVATE PERIOD
Pred: BUT THOLSSFIREMARM THNNHTHNKEKNE GIEHIHLE E EPLSS CBUUIAA  THHBHOEHU HOESUWTE CTOIE CMMTM. NM AMBSDMOMCAMAA HHUCEH  AG  HNR MQDCIIXI CFC RUN OEENNEINPRMN WROISOOEAPEMYMERPSPPITR EPNIMR NBPPRDIOSDORORID AERMPORTPOITIPPRPN, True: BUT THOSE FARMERS THAT AREN'T GETTING THE YIELDS BECAUSE OF THE DROUGHT LOSE OUT TWICE COMMA HE SAYS COMMA BECAUSE THE HIGH PRICES ARE CUTTING DOWN ON GOVERNMENT SUPPORT PAYMENTS PERIOD
## Start validating....
Train Loss: 225.7591	Train Distance: 69.2731	Train Perplexity: 8.2068	Val Loss: 220.9974	Val Distance: 63.9882	Val Perplexity: 8.8997 
Epoch time used:  792.0443511009216 s 
### Epoch     6 
Pred: IN ADDINIIN ARREIENNCCCAFAUCS  SSFHAMMHHHENOACCE S E R SEE TEE OJXTREEETTRTSR SAEGDREEE TORS ERRLOGSOOFC  MHWOAAN  ONI ACRN  NGNECDHGCOEAAGDGEO' SHD  AEM A AOEOOEDAYAAADTMDPCTRH , True: IN ADDITION TO TREATING FRACTURES COMMA THE DEVICES ARE USED TO TREAT DISORDERS WHERE SURGERY HAS FAILED COMMA AND FOR CERTAIN CONGENITAL DISORDERS COMMA THE COMPANY SAID PERIOD
Pred: IT REPPONITINT O  ID S AGO  NTACMMMMA J. E. SA R RAR REAIOTENSDCCCL LNNAN  NNNARTAR A EC SYRRCXRER  JRREGKEEBR PCTTBB CU AHHN TERBE I NGETPTEAP NN D EE M PSRMTONORW, True: IN RESPONDING TO THIS ONSLAUGHT COMMA U. S. TRADE REPRESENTATIVE CLAYTON YEUTTER AND TREASURY SECRETARY JAMES BAKER KEPT URGING THE MEMBERS TO KEEP IN MIND THE BROADER NATIONAL INTEREST PERIOD
Epoch: 6	Batch: 100	Avg-Loss: 209.3218	Avg-Perplexity: 7.5773	Avg-Distance: 67.3998 
Pred: THE TRRE      REAEHI INNFLLA ONNC EBE MMNBCRTRRR S   KET  ELL ED  N NN  SA ATTASASISEOSCS ONNOC TSETWYCCEDAWOIETHTOTSEEHETTTHSVCEEEETDNG CEBCETPOVACOUN ETNTG VDRRTTOTFLESIPCPGPPP AIERRDM  EPOPPHI, True: THE THREAT OF RISING INFLATION BECOMES GREATER AS THE DOLLAR WEAKENS AND AS CAPACITY CONSTRAINTS ASSOCIATED WITH THE LATE STAGE OF AN ECONOMIC BOOM PUSH UP WAGES AND PRICES PERIOD
Pred: MR. HORHES SADDMM.. RAETERRS AERADDOBBQU-OODODHH   INNTA WTASDENDCNGIHIHELH CCEA CDMMEO CDAUAOUUDQB TUATT DEYEDDEATILLLLQUBUC-UCPDEDELRGSHTLR SERERATW ATLR RAM AHEIIDNHYSE OTO EII   , True: MR. MORRIS SAID MR. CARTER'S AREA DOUBLE-QUOTE HAS BEEN A LONGSTANDING CHALLENGE COMMA DOUBLE-QUOTE BUT HE ADDED COLON DOUBLE-QUOTE SPRINT'S CHALLENGES ARE BROADER THAN SIMPLY THIS ISSUE PERIOD
Epoch: 6	Batch: 200	Avg-Loss: 214.3541	Avg-Perplexity: 7.8228	Avg-Distance: 68.3455 
Pred: COOSTTCNTHONONA GTYL SALI PNG EAOYW AWR TNI ITYSIA S UAY .O  EPS Z DED  AEEDNNNNESTEETEYVNVAN BOH ONEAOUBBN  AMRBERTD.KI  .WICDWEWLENTSLS  E C AETDIDI OAIG OTES DPEEYISEEED, True: CONSTRUCTION OF THE SOVIET UNION'S WASHINGTON EMBASSY WAS COMPLETED BY NINETEEN SEVENTY SEVEN COMMA BEFORE WORK ON THE U. S. NEW MOSCOW EMBASSY HAD EVEN STARTED PERIOD
Pred: DOUBLE-QUOTE I SKIIGN AN XXSRA RHC  ST IMOCMCAO LEETLUE EUETE PTA TYETIEMO C    OCMI AA DICONINI GNOBNLELOPNSNSN  A IORN OFTCEATATLOWDSFMPCCTI LRGOA IPOPIAIIRIBOLSLEOIOI RODI, True: DOUBLE-QUOTE I SENT IN SIX CARDS MYSELF COMMA DOUBLE-QUOTE THE PILOT SAID COMMA INCLUDING SOME INVOLVING INSUFFICIENT TAKEOFF POWER BECAUSE OF MECHANICAL PROBLEMS PERIOD
Epoch: 6	Batch: 300	Avg-Loss: 215.1119	Avg-Perplexity: 7.9576	Avg-Distance: 68.4467 
Pred: ARNNOBW  TVYTBBTACOM   AD RERCE IR   O NNNNICI OPRATTD MCHMMO   U   TOEWTVHY  AELBSBIGOTCARPCHHTCCISINN LOGOELLNMOLLOOSL  RRI SVTFF  MMT TKEHTOREOAC FOLOORRYRADAT  LRPZA , True: ARNAUD DE VITRY COMMA A DIRECTOR OF IONICS INCORPORATED COMMA TOPPED THE BUYERS' LIST BY PURCHASING EIGHT MILLION DOLLARS OF IONICS STOCK FROM THE COMPANY AT TWENTY DOLLARS A SHARE PERIOD
## Start validating....
Pred: MOREOOERRC MAAMER.LOT HHADTEYAEDEOOULU-QUDOETNMOO B B IY LBA W  B O E  BOAOABTSSSSESUETT VTE  LLTN FTP TNT DCEEPJNIRATTAAESIRP SRT M RPEMEPEBUMOEWRENUBORRURDUUUOU IOD QL-QEQOTIDE, True: MOREOVER COMMA MR. POLCE SAID THAT DOUBLE-QUOTE NOBODY REALLY WANTS TO BE TOO AGGRESSIVE TILL LEFT-PAREN THE JAPANESE TRADE RIGHT-PAREN NUMBERS COME OUT PERIOD DOUBLE-QUOTE
Pred: BARROYGR B HTHE DEVFRLAGGNAYPEETRSOONRIOUFFOUOETTFNPI TIN HPNHHN  ERTER AO  NSCPA NCEFD RT UOF IAFOO AANFCRF NN NINNPOPRRTNIINNITEETEIMTT T   INPEOAITTGHTRHNTPTDI NPES I, True: BORROWING BY THE FEDERAL GOVERNMENT ROSE AT A FOURTEEN POINT THREE PERCENT PACE IN THE FOURTH QUARTER AFTER INCREASING AT A TEN POINT EIGHT PERCENT RATE IN THE THIRD PERIOD
Pred: FORE RF TEE AENEGISOSH XNISSODN OHFAO EBP  NEPH PHNHSVAIBONETAENNONTN N  DEIEA TNOOMMCGIOSSAA  YER-OOSCATSYNCCONE RTADORMEAMAOAPR EOVORRARRTCI ORKCPMRTC EDOIDRNADOPGACRGGIOOUEDIY EADSPDI SOCRROO, True: FOUR OF THE TEN BIGGEST GAINERS ON THE BIG BOARD HYPHEN REEBOK INTERNATIONAL LIMITED COMMA CIRCUIT CITY STORES INCORPORATED COMMA ROPER CORPORATION AND GAP INCORPORATED DASH SELL CONSUMER GOODS PERIOD
Pred: THE ANENNG . V A A NAE AURNGR R  GNRSASEEFMFR RYEEPETE NDNDAVNNIGO T GTX LLO LEYELEO E  TECCHEO.RM  IYSWILNEI EAR HA ARU RDHIR NNRHHE   R SKOEESNWTGGG A RGDLFHEENTOJUACEOANE EUPIDENEHWRURDEISN EE, True: THE AGENCY HAS BEEN UNDER GROWING PRESSURE FROM REPRESENTATIVE JOHN DINGELL LEFT-PARENTHESES D. COMMA MICHIGAN RIGHT-PAREN AND OTHER LAWMAKERS TO TIGHTEN REGULATION OF THE GENERICS INDUSTRY PERIOD
Pred: TWO HO. NHN EI CAYLRE APOOOLCCOMMA HE  HPESERRENNAXTNA NSPO PNOWMOETINTNT EOTTNEEVAS SE I IEREVONEOIENSINEF N N  E USNMCM THEUW TIPIIIPIO, True: TO HELP IN THE COLLIER PROBE COMMA THE GOVERNMENT HASTENED IMPLEMENTATION OF THE INSIDER PROVISIONS IN THE NEW SECURITIES LAW PERIOD
Pred: DOUBLE-QUOTE THAS LLE   E FAIVIN INCLLLV  EDCCOMO ADDOBUL--BUUTAODTHMTH NALSS E LLLLL EWKWD A OSTOML UNLOUC A AADEEIPY CLDSTEI SUNC SWNDAUSWNNQ ACDDWT TISS SE VT .SULTOP HEEU, True: DOUBLE-QUOTE THIS LAW IS FUNDAMENTALLY FLAWED COMMA DOUBLE-QUOTE THE CARDINAL SAID LAST WEEK COMMA DOUBLE-QUOTE AND SIMPLY IS NOT DOING WHAT IT WAS ESTABLISHED TO DO PERIOD DOUBLE-QUOTE
Pred: ITANRR  AMPRASANN ERUREAATE ETETTOCKKO TO IOS SA RPPNCNS EYA N E V UR FHHENENGHYN YHNTSTKTNIRCSPPPPO PHAOSR UFYSTUAUE'U CC OOCLLCAC OTH  CMHAHSAENSE HAEEUSAPDDA D  EEDRIDR, True: STANDARD AMPERSAND POOR'S ADDED THE STOCK TO ITS S. AMPERSAND P. FIVE HUNDRED HYPHEN STOCK INDEX TO REPLACE CULLINET SOFTWARE COMMA WHICH WAS ACQUIRED PERIOD
## Start validating....
Train Loss: 225.0675	Train Distance: 68.1532	Train Perplexity: 8.1906	Val Loss: 220.5436	Val Distance: 63.2864	Val Perplexity: 8.8655 
Epoch time used:  942.9613993167877 s 
### Epoch     7 
Pred: DOUBLE-QUOTE THERERI   TTTRV I   OTTH  LLNDDOOCONMOMAL BQETLOTEIGOIT  MDMA MCMTHTHEOYOHOL E HIIEYUL CCON EOCEL LFFFTFFLEIL FCEET Z CHAYSCTEEOOCHGGMAARCHAR OGRM , True: DOUBLE-QUOTE THERE ISN'T A RISK TO THE LENDER COMMA DOUBLE-QUOTE JUDITH MAY COMMA THE HUD POLICY ANALYSIS OFFICIAL WHO DRAFTED THE COMPLEX MORTGAGE RULE COMMA SAYS OF THE NEW PROGRAM PERIOD
Pred: THE OVALEDES'SVLVIAI NKG AMAM SNSSLLODGI IO RRO TTG E  VDMAMI CMA MLNSELWTRLLUNRRRO FE UECSIC SCEN'NRP UEPNERUAAI  F TO FAARRAVRONPA N LATYNLDYLOTRECLSEDNATAIT  LTDETEP, True: THE AVAILABLE SOVIET INSTRUMENTS INCLUDE ITS NORTH SEA NAVY COMMA ITS MOBILE ARMORED FORCES IN CENTRAL EUROPE AND ITS ARRAY OF CONVENTIONALLY ARMED TACTICAL MISSILES PERIOD
Epoch: 7	Batch: 100	Avg-Loss: 205.2740	Avg-Perplexity: 7.2953	Avg-Distance: 66.3764 
Pred: WILLS WAAAANASNNNL QUOEE EDVTTVYRY PAR RIRIOYNN E QEOD  DDDH SA T  DEIO NH W HM AIQUUUL -U-UO'E-A L SA CDCMMCMHCECAHCTI HFEFCSESTIIAI RE'AEENIE TE ENNTEAL OTHMIOOORMO NPSOPTIOMILOLNGC ELWGONNLGNNOSUINPDEN, True: WELLES WAS A SINGLE-QUOTE VIDEO VAMPIRE SINGLE-QUOTE DASH HE STOLE THE SHOW COMMA DOUBLE-QUOTE SAYS MICHAEL CLIFF COMMA CHIEF EXECUTIVE OFFICER OF VINTNERS INTERNATIONAL COMMA WHICH NOW OWNS PAUL MASSON PERIOD
Pred: COC ' INESESSAATTTUYRMNCOMAM GAMME AERMB  MMAMAAAAD IAIAG GAUALS AM AANTA RUNIW FHR  .RIMRERI OOLCMEOAAOEAUYAUALLL EYEMO DNCNT FAURYORAT  RLMNHNFNL NNTOSL AA NAEOCNI TNAOYAORNROOTIFO, True: CONTINENTAL'S ATTORNEY COMMA JAMES BARBER COMMA AND MICHAEL GABRIEL COMMA AN ATTORNEY FOR MR. MORELAND COMMA VIGOROUSLY DENY ANY FRAUD ON THE PART OF CONTINENTAL OR MORELAND INDUSTRIES PERIOD
Epoch: 7	Batch: 200	Avg-Loss: 209.7495	Avg-Perplexity: 7.4995	Avg-Distance: 67.1063 
Pred: MR. GATT A  PSIANE TTO .AONS DHD FLXIMOMOAA JRGEGREW E MINGS  D  IA E HJTC  HTMMAAAA T HR RTADEW R WEEORTLTAETHSNEALTT TS TUOD YLDWQFQQCUFOTNNSGR.NIBI GERN E HYTELBERPD, True: MR. GATTI EXPLAINS TO JOHN SUTCLIFFE COMMA A GREENWICH GEOLOGIST COMMA THAT HE ARRIVED HERE TWENTY YEARS AGO WITH DOUBLE-QUOTE FOUR INDIANS AND A BOAT PERIOD DOUBLE-QUOTE
Pred: PREVOSASYYPOOLSRRICH SHHAE TEAS-DTTBOOYTTTTTE ITOI ODLHS R  D RA AA ARRDGY YO ON PHE H KRTRT NET  N HTIATEH HE ESINIFG LGT GB OL TVVI DHORPT OHTIAAHPLRNSUPHWHERE AAPP  PLLIUSUUAAHTLL , True: PREVIOUSLY OIL PRICES HAD SURGED ABOVE TWENTY TWO DOLLARS A BARREL LARGELY ON FEAR THAT GROWING TENSION IN THE PERSIAN GULF MIGHT LEAD TO A DISRUPTION OF OIL SUPPLIES
Epoch: 7	Batch: 300	Avg-Loss: 212.7483	Avg-Perplexity: 7.7271	Avg-Distance: 67.9861 
Pred: DOUBLE-QUOTE IT ' IIED OHH EIV NISTAECNIIT HNE  VNIEMAMC OMMAAQOBLTO-BOET IS AS OSKMAAP AAOCAOMMMTCCENEPNSNAELVAAADCIAEIICN ANLM CACLML T EEEEL O ME MOWC ICAMYCM  MGAYAMONMRING  RRIORGA  HEHMO, True: DOUBLE-QUOTE IT'S NOT A GOOD INVESTMENT IN THIS ENVIRONMENT COMMA DOUBLE-QUOTE SAYS MARILYN COHEN COMMA PRESIDENT OF CAPITAL INSIGHT COMMA A BEVERLY HILLS COMMA CALIFORNIA COMMA BOND HYPHEN TRADING FIRM PERIOD
## Start validating....
Pred: INNANCCCOMMA ARCE UCT'RUULBSS G GOFATTTNSS PPDRDOESIODOBU  TTEHEHHHHTUF RERE THFTFEPPM NNYRE HCDNREUN UDRTDT IHEHE IRITE TI GTMI MIIDLLRLROL L  NDI REEOYN NN HH ETYE  INHH OXR ESIEOP  IND YPINR IS  IE, True: IN ALL COMMA HARCOURT'S PUBLISHING OPERATIONS PRODUCED ABOUT THREE HYPHEN FOURTHS OF THE COMPANY'S NINE HUNDRED SIXTY EIGHT POINT SIX MILLION DOLLARS OF REVENUE IN NINETEEN EIGHTY SIX PERIOD
Pred: OFFICIALS AH LOMANAAT NVMAS AC APPPRCOENAPCMOOPYYCC CMMA   A NEAOD  AOAPENEMN NMMMMYAMO  SOUTR SCTIRCPCPFYOFTOCCCLTOOTOPOOPSO AM  RARJFACI  HI ACRNER ARANOA AALISCRENOAENNETNEALAAHTS R F OZDROLINNPPDT  PIDPO NTENOIG  SLNONNEEOOONNRN, True: OFFICIALS AT GOLDMAN COMMA SACHS AMPERSAND COMPANY COMMA MERRILL LYNCH AMPERSAND COMPANY COMMA SECURITY PACIFIC CORPORATION COMMA CITICORP AND MANUFACTURERS HANOVER CORPORATION SAID THEY DON'T PLAN LAYOFFS IN LONDON PERIOD
Pred: MTST U. S.CSADNSA E OO  RFRN NHHPPPHNAWSCHHEAT TIA NAM OOANMNORNDSRSLM ITLDL RE T OU MM GMEAAT  B GEY WG I IYEJEJTEAEANRNERN HRCDCCCECCTNNCNICR SRE CFNRNC CRDMRECUSRNTISQPTESNSOTEOOEEROSMSNOI RPTYTI CEERUREOR O, True: MOST U. S. BANKS CLOSED FOREIGN HYPHEN EXCHANGE TRADING ROOMS IN OBSERVANCE OF COLUMBUS DAY COMMA BUT A FEW ASSIGNED JUNIOR TRADERS TO CONDUCT TRANSACTIONS IF CORPORATE CLIENTS REQUESTED THEM PERIOD
Pred: S' VONNRAR SRS IEDET ONT O  SHPSRSI'S  X HE YPAA DNDE IEF OFSU.BE.HE.OM AA MIMANEN NNFFIFKFLUAUFFAVIR MRM ORAHAER '  EA C WHNCO PDIPSPCHMCIC ILM NRGEUCISU, True: SALVADORAN PRESIDENT DUARTE'S SUPPORT SINKS DESPITE HEAVY DOSES OF U. S. AID COMMA AMID AN UNPOPULAR AUSTERITY PROGRAM AND CHARGES OF POLITICAL CRONYISM PERIOD
Pred: MR. BAA CCNMMAMA  OF  OEEMIM NI'I BBEIATBAOOJ EA IEIAISIIIEI ACNNULNOAA OCEASOH EIEHEL LA LISLLUUUUTU--AUOUT UQKIREETRRDORRRRODUUTOEULPUARERAU AOYS IS VESINTSE, True: MR. BAUR COMMA AS HEAD OF SIEMENS'S BIGGEST TELECOMMUNICATIONS DIVISION COMMA CALLS THE POLITICAL FUSS DOUBLE-QUOTE EXAGGERATED DOUBLE-QUOTE AND SAYS THE ARGUING DOESN'T INVOLVE SIEMENS PERIOD
Pred: THISEARILITN RENICS EUNIHIR    RNIDETT OSSWPIOREISSRUDODDIHOOH ROHAAH EHNNNYNWPNSMT A TOPUCHN T  ICN CB NVSN TUUUS DHS OTNAANSNNCECPOCCAAON C S SKGP KHRC SSOHCAUERTXEPCE CREIICRSTHFRODPGOR RPW  ERS T OIIS ISCERNRDS ONVPESRROIITIR OST SIT, True: THIS GROWING RELIANCE ON THIRD PARTIES TO SELL PRODUCTS COULD HINDER HEWLETT HYPHEN PACKARD'S ABILITY TO MANAGE ITS BUSINESS DASH AND MAKE THE COMPANY'S STOCK LESS ATTRACTIVE TO INVESTORS PERIOD
Pred: JUST BCPORO  HE OEVEEN  NNNEIET ELFTBBUULTCTA ICXTRHA MDMAOIOO A  HA G CSTNAOHSUS SSESSS MSMSEVIERNTSEOEEDTE VA   OIEUOU EUU E I USLHMUHET EIA  TNAN EEEH LMKTUBLCEATKRIM  SKKEI KOE.ACSIO MKEKDAK, True: JUST BEFORE THE OCTOBER NINETEENTH GLOBAL EQUITIES CRASH COMMA HONGKONG BANK ECONOMISTS EXPRESSED SIMILAR CONCERN ABOUT THE SPECULATION THAT THEN DOMINATED THE LOCAL STOCK MARKET PERIOD
## Start validating....
Train Loss: 242.6316	Train Distance: 68.1706	Train Perplexity: 9.5097	Val Loss: 236.2104	Val Distance: 63.4629	Val Perplexity: 10.2498 
Epoch time used:  748.5881152153015 s 
### Epoch     8 
Pred: DOUBLE-QUOTE IT WAS'ENENNIG'SALWSRSTPTATLOL S UO RO GGIAM MMMDDCMO-EQOEOBLU EOSAREC IREROAINECDMM O MMONONAU RIIESBRA  PIDODDNTRRAADCNK RORSNERES.CRAAEIEASSRER T GTGTTUIPAIPAPOTARSIP RBPOIEPPO E, True: DOUBLE-QUOTE IT WAS MEANINGLESS STRAW POLLS FOUR YEARS AGO COMMA DOUBLE-QUOTE SAYS RICHARD MOE COMMA A SENIOR ADVISER TO DEMOCRATIC REPRESENTATIVE RICHARD GEPHARDT OF MISSOURI PERIOD
Pred: YES COMMA SAY TTAEITDEDTOIOO HHT FB BBL---QTEUOFHNQE   ABEEBDUBLUOQEETAETHAMY  OEAO UBO-ELEQBOTQKCECR -EADBTELLE E-B-Q-QET E  ITLSTTNKAAGR  AL  EYM, True: YES COMMA SAYS THIS EDITION OF DOUBLE-QUOTE FRONTLINE DOUBLE-QUOTE THAT GIVES DOUBLE-QUOTE MUCKRAKING DOUBLE-QUOTE BACK ITS ORIGINAL MEANING PERIOD
Epoch: 8	Batch: 100	Avg-Loss: 203.9807	Avg-Perplexity: 7.1729	Avg-Distance: 65.8686 
Pred: CODPIMENTIL AOO  RYN  ACMMMAJJMS'E BEABBR  A MOADDA MEYOKAFALRBBBC YEO MNMM  ATNTRTRFN FRO.ATM RGMNRLLAMMARTAANETHEL RPLTN RE YGODFEAOOFTTFNO OR LF NOCNB, True: CONTINENTAL'S ATTORNEY COMMA JAMES BARBER COMMA AND MICHAEL GABRIEL COMMA AN ATTORNEY FOR MR. MORELAND COMMA VIGOROUSLY DENY ANY FRAUD ON THE PART OF CONTINENTAL OR MORELAND INDUSTRIES PERIOD
Pred: IN ADDITION OOMMA G..I. W WTLLTPTACN CONNOFEFCGIO'RE RBRA X COCMAA IURN  TG WE TTWANYA EG'N T MCLESS EUMSOREHM TERT  CUAE O B NNTNNELFINCFTN EIIEVFGYITEARULIM DTE  OCDIIMECORUCELZORIHDIIDD, True: IN ADDITION COMMA G. E. WILL TAKE CONTROL OF KIDDER'S BOARD COMMA SHRINKING IT TO TWENTY ONE MEMBERS FROM TWENTY THREE AND REMOVING NINE KIDDER EXECUTIVES COMMA INCLUDING MR. ROCHE PERIOD
Epoch: 8	Batch: 200	Avg-Loss: 199.8663	Avg-Perplexity: 6.8579	Avg-Distance: 64.7108 
Pred: JUUNS' OOD   ACCRRRAOOMAN OREERCCTCEIGSOTS CTE'SLLLILOLOMOESETOOELL XOI T IIO-OTOE   N   N  PH EEPNRMNNTR MACAN RENN HTPNTGYTNTTRKNAOTTREROER  GEFA A A .  U IIEEDSLAS , True: JUNE'S LOAD FACTOR COMMA OR PERCENTAGE OF SEATS FILLED COMMA TOTALED SIXTY FOUR POINT THREE PERCENT COMMA RANKING CONTINENTAL NEAR THE BOTTOM OF MAJOR U. S. AIRLINES PERIOD
Pred: LLILLDAI  CMMC OE IMINZZMAIOTLG  LWGG SR RTIMLYLLCXNAIEAMMNNYYYWMDDS GDEMMLS SLNRAS AMESAEILAHEEMIHTP RE  R TDPY ONTEOTIEERP HCEBODRRUIFIWLROUARF   O RSRNNOAE NPIIE, True: WHILE BIG COMMA UNIONIZED STEELMAKERS ARE STUMBLING COMMA MINIMILLS DASH SMALL PLANTS THAT MAKE STEEL FROM SCRAP INSTEAD OF IRON ORE DASH ARE FLOURISHING PERIOD
Epoch: 8	Batch: 300	Avg-Loss: 203.4527	Avg-Perplexity: 7.1151	Avg-Distance: 65.1905 
Pred: RACNNS ANM'SLCTDATKELPUSSEES SOAEAWL OOMGAAGECHANONAA PIOHEILYTT HOI P PNH  IHKHHHIGEOFGOH IUNFF O HG  CIMT AOK  OUU AOR RO, True: RYAN'S FAMILY STEAK HOUSES ALSO ROSE COMMA REACHING A FIFTY TWO HYPHEN WEEK HIGH OF EIGHT AND FIVE EIGHTHS COMMA UP ONE QUARTER PERIOD
## Start validating....
Pred: THE COMIISSSOS SPP OPOISLLSAMMMMM AIYLYYS IOOU-LO-QUOETTLO OEE CIERIR U HHHTRPE ISFO  EDDRIYLDCRNTODUT QN OG UQQ ON ORRMRPMOSOHAMI DN NRT NGTEA NTTRTEOGMIEAFRHL IFWA ITLITERIHSTOH EESVIRUOT SN RSIHDCDSS PE INN, True: THE COMMISSION'S PROPOSALS MAINLY SEEK DOUBLE-QUOTE TO ACCELERATE THE PROCESS OF DEREGULATION DOUBLE-QUOTE IN EUROPE COMMA SAID A WEST GERMAN GOVERNMENT OFFICIAL FAMILIAR WITH THE SUGGESTIONS PERIOD
Pred: SONE THECC. SOOPORAAINNDNO  LPLETITYAYTTE EYTNME AOSDRSE FEE H H IN SCC ESDU ASGEEVRSIS DYT RE N AIHTP S EET  HR E TSRIH  NRDRSTEVVATETFTU   ITSL EFAHPSUYPTA OG I, True: SOME U. S. CORPORATIONS COMPLAIN THAT THE MOVE HAS EVEN CAUSED CHINESE BUYERS TO RETHINK PURCHASES OF PRODUCTS THAT AREN'T AFFECTED BY THE POLICY SHIFT PERIOD
Pred: HECANTSTOW SDIK ABNYAYNNYHHGG NNNODICEDITHO EEVE HEVUAUOL UR LFRRAB S DGIAID AANA DTGAT  THTO CUETUOHEYT  IN GHHHNTNHNTRCSCPPSS   SIAOSIEA LETIYI GTDDU BAISLTOBIIT  HHNNPI, True: YOU CAN'T USE IT TO BUY ANYTHING OUTSIDE THE SOVIET UNION LEFT-PAREN IT ISN'T ALLOWED OUT OF THE COUNTRY RIGHT-PAREN AND THERE'S PRECIOUS LITTLE AVAILABLE TO BUY INSIDE THE NATION PERIOD
Pred: DOUBLE-QUOTE FOR THE MO T  PAMECCOMMA LERDERH  EHBHHT FEREENADNRI TTC IC OMOM MMOOROTMPE MNSGOINEAACOCAMC UU-UBQQUS EDYCFDUENAS RTMT E CCCEIECHM TMSMT MAFEVM EO IIOIW MNNRGMMIHNIISTAOOOI SSSAGSIDEORPIMIOOOLSIIRTOESDHP RISOII PRH ED, True: DOUBLE-QUOTE FOR THE MOST PART COMMA LAWYERS HAVE BEHAVED IN AN ETHICAL COMMA RESPONSIBLE MANNER COMMA DOUBLE-QUOTE SAYS THOMAS JOHNSON COMMA CHAIRMAN OF THE AMERICAN BAR ASSOCIATION COMMISSION ON ADVERTISING PERIOD
Pred: SE FAC  COMLAACWOVO V COOCYMONONSNSEMMAO RRREEEETTEEGGEOIOUIHUFUUWUNBMHONOSOOO ANGCCOUCONMO FIVIE GG RHNTDV HEIT TV FOIUEE SHEEGIM  IEED  TPP RE   FERHRFRFSTFRESSJESSSEARISDCDDDG, True: SO FAR COMMA HOWEVER COMMA ONLY A SMALL PERCENTAGE OF THE UNION'S ONE THOUSAND COMMA FIVE HUNDRED EIGHTY FIVE MEMBERS HAVE DECIDED TO RETURN FOR THIS WEEK'S GAMES PERIOD
Pred: SOOCAJAGMMEINEEETEE S AEEENMARENOR A FRFEEABOIET TRIN TEEENMILLDIEO LLL RONYSAH  DAOENARAREATPE AOBUAB BRG EOMAETBEU IA TROTINOFNBEAPTMSOIAFHTOAHOAS O, True: CHICAGO MAGAZINE HAS ANNUAL REVENUE OF ABOUT THIRTEEN MILLION DOLLARS AND IS OPERATING AT ABOUT BREAK EVEN METROPOLITAN DETROIT OFFICIALS SAID
Pred: GRRGREUTRTCEHOS IA C COMAA ANA ANLLYY W  HTUCHAA ARRPCEANNRAGNNAIIARR CRPOPRACI MI  AASAIASIHN  THIRHINIOENRN RALIREALE ASOUAOPEAEIO IVPGESGLNHFIITT I M ERCWOTETVTT T SOITULPLREOEOPEUD O, True: GREGORY DRAHUSCHAK COMMA AN ANALYST WITH BUTCHER AMPERSAND SINGER INCORPORATED COMMA SAID THE THIRTEEN DOLLAR PRICE APPEARS LOW GIVEN ITS SLIGHT PREMIUM TO THE STOCK'S TRADED VALUE PERIOD
## Start validating....
Train Loss: 218.6730	Train Distance: 67.1508	Train Perplexity: 7.6175	Val Loss: 218.3040	Val Distance: 63.0447	Val Perplexity: 8.7116 
Epoch time used:  1164.9400939941406 s 
### Epoch     9 
Pred: THE DIAIASWWDWOUULU EEAA JOAOE BY TRLEASEE SOSOTOBNNOAENAG GHE HLSSS   HDTNTPTESTET MOAM A .AN.H. C    ERPEPPA.N HEDYPCPESHJSSEEHESTAANNNMHNACO.EYTSMETN.P.H E.AA.YPUIIY, True: THE DECISION WOULD BE A MAJOR BLOW TO ERICSSON'S TWO MAIN RIVALS IN THE CONTEST COMMA A. T. AMPERSAND T. HYPHEN PHILIPS AND WEST GERMANY'S SIEMENS A. G. PERIOD
Pred: OHM HVHRH YV AFEMIICRHRCMM MMOMMUT TTES SKBE BA NTSNR'AUYAYMY C M MMMCA SAHIHD  ESEEEECEBE OSETOOHXOAE I SOOCHLCAOA  SRAMND  HHMASGDV VT AHOK HHEADW T RA THTAONNTSRPONSDTECPGLNOCEEMR, True: ++LOUD-BREATH++ HARVEY MILLER COMMA TEXACO'S BANKRUPTCY LAWYER COMMA SAID THAT BECAUSE TEXACO IS SOLVENT COMMA SHAREHOLDERS HAVE MORE AT STAKE IN ITS BANKRUPTCY HYPHEN LAW CASE THAN SHAREHOLDERS OF INSOLVENT COMPANIES PERIOD
Epoch: 9	Batch: 100	Avg-Loss: 199.2712	Avg-Perplexity: 6.8798	Avg-Distance: 64.7791 
Pred: AT IN EEDIIN TASSSY ARR OMMA MR. GOUNECCS E T H STSRTD.AWOSERAULE EI CNONTG WOIFNDOBOQQEOOOREEUITORYOOBMYERM LLLNONO MODSOUD--OUERLN  OTTPUAFRRUH  F W SUEOE  AFOFTOXFOO QDTU+LBO OQ- UWIU, True: AT A MEETING LAST YEAR COMMA MR. GRUNDFEST ACCUSED MR. RUDER OF SUCCUMBING TO DOUBLE-QUOTE REGULATORY IMPERIALISM COMMA DOUBLE-QUOTE AND MR. FLEISCHMAN CALLED THE MOVE DOUBLE-QUOTE FOLLY PERIOD DOUBLE-QUOTE
Pred: FRO IIUNHOGC ETIEMCUTIF HNTE AAWIWAREMOSTEGSDELETN ETRSBE TEHUEEDNHO   ETTTLIPEEP CPBUSENESSO YUAATROP HTNO TO T CTET  PRSESONSRIACNO  REOYA CPHNTRMIHRFTR TETERDOOEOOPTRCIC O, True: TRADERS HAVE SAID THE BOWATER BONDS WAS THE BEST HYPHEN RECEIVED DEAL IN THE PAST TWO SESSIONS BECAUSE OF STRONG INVESTOR DEMAND FOR EVENT HYPHEN RISK PROTECTION PERIOD
Epoch: 9	Batch: 200	Avg-Loss: 214.3016	Avg-Perplexity: 8.3557	Avg-Distance: 67.4248 
Pred: DOUBLE-QUOTE YHIBH .EAS HOTNTOO  YTEIDEP ROHMEWN RDE NRARAWE SVRR  OBIN   CLDW  BTDLOOODOTBEEE-EDT EULSR O O IGGE WAUMUOOCWENCAIYAA SAOAA ELIHNENPEOLA  A DNN AANENELMI NID N.DNPPDSHG EEROYOPROD, True: DOUBLE-QUOTE WE ARE ABOUT TO ENTER A PERIOD WHEN EARNINGS ARE ABOUT TO SLOW DOWN COMMA DOUBLE-QUOTE SAID EDWARD M. GREENBERG COMMA AN ANALYST WITH MORGAN STANLEY AND AMPERSAND COMPANY PERIOD
Pred: H HOEL MRRR CEENGIIAITFFFIOAFGVINMEE TIFUI FC  MNM   HAWDNI DIGGGG  T IO DUBQE-QOOLEOOOIE HHEAWH  OTHNCOMTOCAMH  QOOUQEMK-O ENIPGNEKGONSTFIGOU UBLS EEEBTE UEBUTLTEYOEIDENEDDOLERSLT PEIENODI, True: I HOPE MR. JACKSON WILL FORGIVE ME IF I ASSUME THAT HE IS WILLING TO DOUBLE-QUOTE WAIT ANOTHER EIGHT COMMA DOUBLE-QUOTE WHILE KEEPING HIS DOUBLE-QUOTE EYES ON THE PRIZE PERIOD DOUBLE-QUOTE
Epoch: 9	Batch: 300	Avg-Loss: 242.9675	Avg-Perplexity: 10.4226	Avg-Distance: 75.7758 
Pred: THEN COMMA SESK  FUEBUEN EOMMA UHMAAWQ ARS NTCAD HBIE  BLGARA OST OWLCW OMMA MGHMI TB... WO.U...SP  OM MTRMHTRHTRRPTIGTMAMMK MT TY'EIN X OEECRCCNRCECUTNS DRRPIIOPCRNOOD  RD, True: THEN COMMA LAST FEBRUARY COMMA HE WAS CONTACTED BY MARTIN SORRELL COMMA CHAIRMAN OF W. P. P. COMMA THE BRITISH MARKETING HYPHEN SERVICES CONCERN PERIOD
## Start validating....
Pred: DOUBLE-QUOTE HE SEUE RIT OOT'MTITST ATANG GE OFATIF  AGARGNARE DATT FPR  CRRGEPD OFO EHEPE CMANYC OMPA OOUBLE-DOATE SMAS  M EGRMRMCVA TT    RO XJ T EIIDL UOECBRBER KRNRKUORKGOE R EEEEYDIRDOD, True: DOUBLE-QUOTE HE SURFACED TO MEET WITH GENGER AFTER GENGER HAD MET THE APPROACH TO THE COMPANY COMMA DOUBLE-QUOTE SAID MR. TROTMAN COMMA THE DREXEL BURNHAM BANKER PERIOD
Pred: HERD  TTUW DMIDDT LSISYIEYHH HEESTP PPT HEEHCCUNTITEYPEINENEHNW  FY H ERTT ET   EA T IVAAIGNOAYN  TESAGDAPRRM LLOOOMEMAUI  MBDUQTEBEELE OMTAUODLHFTD PTQO LTTITU-NTYTNOT WIONNB   DIEOCSSLRLCCAREHGAOEONELPTCBM IPTRIPIOIGO N RO OLRRISUPEI, True: HARRY TRUMAN WHISTLE HYPHEN STOPPED THE COUNTRY IN NINETEEN FORTY EIGHT CAMPAIGNING AGAINST A PAROCHIAL COMMA DOUBLE-QUOTE DO HYPHEN NOTHING DOUBLE-QUOTE CONGRESS THAT WOULD NOT ENACT HIS LEGISLATIVE PROGRAM PERIOD
Pred: PROVRRTTYHPPEE HCCSELL TY   HS TSREFFRAROOFSTFIFH HANIFSETSENTTNNNNTNNNENEGNETTHHTEEA THEEEED RDFTRARNE FULHN   NI   OOESESSPESTH EEFOSREOCOCLACAM COLLIYO  OA ANTLRILTNOV LDL ADBDMAOLBDGDAO RRPLF LRROIRO, True: PROPERTY HYPHEN CASUALTY INSURER FIREMAN'S FUND HAS SINCE NINETEEN EIGHTY THREE MADE THREE UNFORESEEN ADDITIONS TO RESERVES FOR CLAIMS COMMA TOTALING MORE THAN ONE BILLION DOLLARS PERIOD
Pred: SOME AROHOLIUSESSTWBUI INGFOR  RECSTTUUS HE S S ESSVGANS  NID  R ECSUEENUEVEUCECSC MMACOI RFORW  RYOA MSUDCIOAASNMGNG MGNR NIGONGTIALOAOEA LPA HTAAXHRSGTEF SOUAGTCCCT SGIPKCGPPRTTGUPPUIOO RGZR, True: SOME ARE GOING THROUGH PAINFUL RESTRUCTURINGS DASH SELLING PRIZED BUSINESSES COMMA FIRING WORKERS COMMA SHUTTING DOWN MARGINAL OPERATIONS DASH TO RAISE THEIR STOCK PRICES PERIOD
Pred: EARULYLT ASI  HRRE MOAAA WICHHIGGTNFO'CF EFEOSD SLLRLLR OREJGGER  HDNO PSNCOGIIN CANRTARSN NNRUEWRUPAWPINANA A IAH SOACIOEESEINENTFRTLL EEIAI ANCFW  REHW .BO A OAAATRRUS RNRTAA ZEO  ISRIU AEPTATIRPRUIHT ORRP OSTRPERSOEEITHIEDYLODAWIR OIETOLIP DR PRD T D NTOSPRIRDPDTIPRTSA SIRETTT , True: EARLIER THIS YEAR COMMA WASHINGTON FOLLOWED SIMILAR PROCEDURES IN IMPOSING TARIFFS ON EUROPEAN WINE AND CHEESE IMPORTS IN RETALIATION FOR NEW COMMON MARKET TARIFFS ON U. S. AGRICULTURAL EXPORTS PERIOD
Pred: BASSEOY  THESSIT EYOFFNIIYYYD PPGDUX ETUCUNERESFRM.ME  CORSONPOASITI TS SRTTHTFHIAAASSIF  Y Y LY EE  NUM M MDNISEMBS DEVIDS IEEIEIISAA SNETECC OSIGT NNC  COAOS'CNG OOCRAR  RESVE  RUAIU VKREOP SEO SSNCTDERHP.UN S EOORPO R PIRR APSDEDSERT SEIQNOBTLR, True: BASED ON HIS STUDY OF NINETY TOP EXECUTIVES FROM U. S. CORPORATIONS DURING THE PAST FIVE YEARS COMMA MR. BENNIS DIVIDES AMERICAN EXECUTIVES INTO TWO CATEGORIES COLON ENTREPRENEURS AND BUREAUCRATS PERIOD
Pred: DOUBLE-QUOTE IEVO PEEA  EYPE EESEEE NNWIOLLLERDELSADSTR ETIAAN HASLBLNRCDMAA OUU-LEOQOOOE ETE  AS EAAMAMGMA APTI ALD EOMDLLOOI-EB -UOOU PUAOOTLNEU U OLA NOIOH L EOHOEEHLULLM GEFLRNL TDTIN A  CEXAESIPE, True: DOUBLE-QUOTE I HOPE THE NEW PRESIDENT WILL ADDRESS THE TRADE IMBALANCE COMMA DOUBLE-QUOTE HE SAID COMMA ADDING COLON DOUBLE-QUOTE I KNOW WHAT I WOULD DO IF I WERE PRESIDENT PERIOD
## Start validating....
Train Loss: 235.0806	Train Distance: 69.4063	Train Perplexity: 8.8070	Val Loss: 226.1035	Val Distance: 64.6973	Val Perplexity: 9.3597 
Epoch time used:  1237.4679267406464 s 
### Epoch    10 
Pred: GE PPT OCOPPYNY COMMM IOMMMNNT LMWMMMLIEAEDLLRAUMCCMA MAEMEYYIDGMYNGDNESHAHHY PLSAY  UEAWMHIJCUCIWOE IAOOULINSA UEUESDDTTUNN TMYO E  IETEPUIOBAN MCESATMSTNLWAOSANOWHE SOOE  BAEIDAEHTRIAUROI SEOC, True: DU PONT COMPANY COMMA WILMINGTON COMMA DELAWARE COMMA CURRENTLY MANAGES THE FACILITY COMMA WHICH EMPLOYS ABOUT FIFTEEN THOUSAND PEOPLE COMMA BUT DECIDED LAST FALL NOT TO CONTINUE IN THAT ROLE PERIOD
Pred: DOUBLE-QUOTE WO''N   GIVN SP TSE YRSETTTB HHEHSDMRSDSOC MU MRASBEEEQTOSTD  AIRRERAEL MYO M CTCM NMA NUSNEEG CE I VNCCC DSA SCAFU NUEEEET EIEOERC FAAOICAN   IOCCSERU, True: DOUBLE-QUOTE WE'RE CONVINCED THE WORST IS BEHIND US COMMA DOUBLE-QUOTE SAID ROBERT L. BARNEY COMMA WENDY'S CHAIRMAN AND CHIEF EXECUTIVE OFFICER COMMA IN A STATEMENT PERIOD
Epoch: 10	Batch: 100	Avg-Loss: 205.8595	Avg-Perplexity: 7.3026	Avg-Distance: 66.1319 
Pred: TEESTAY OOMAA  TPERER A TTE MECAA E T E PVC VVPA A.DA. T. C.CC.M PH . BO  .  .C OATAGDAPUIOUB-UTEB EWE N DNHIOON ATAGT E E EBRIOR BRDAUD-BQUOBET-BOOTEUTE, True: TUESDAY COMMA APRIL FIFTH COMMA TEN TO ELEVEN P. M. E. D. T. COMMA ON P. B. S. COLON DOUBLE-QUOTE POISON AND THE PENTAGON PERIOD DOUBLE-QUOTE
Pred: WAST AAUNRYYYCOMMAMA A NII G  RILLEM.OSOMML  OOMLELM EL LIL OANLA STTTK  YYHR AH MMLINCMCALIHYIYLY MN  SYNETS SOISIUUIPSOCO SON M  PTHI IOSCFSQ DROSELD RA DSI UE E, True: LAST JANUARY COMMA SHANGHAI AIRLINES COMMA MOSTLY OWNED BY LOCAL STATE HYPHEN RUN AND QUASI HYPHEN STATE INSTITUTIONS COMMA WAS SET UP PERIOD
Epoch: 10	Batch: 200	Avg-Loss: 200.5713	Avg-Perplexity: 6.9098	Avg-Distance: 64.9845 
Pred: BUT GROADERAAOCTED MMMSSHIHSHH WO  GGBA GIGSIISS EELNDTN DNNTT TID IAAEASRPSD  R RUOASIIXFEIIEEVEDNEEEEHEUDODXCA NPD A NEEEPDOOUFAO  T  OTRWMTOREMEEOHH  E HNRRANNRHIRPEE  LHM EN PN, True: BUT BROADER MARKET MEASURES SHOWED BIGGER GAINS SEMI-COLON STANDARD AND AMPERSAND POOR'S INDEX OF FIVE HUNDRED STOCKS ADVANCED ONE POINT OH FOUR COMMA TO THREE HUNDRED FORTY EIGHT POINT SEVEN OH PERIOD
Pred: LABERN IUONSSVDEEE GS O NTHTEOO IL  ELLEERUSU  HRIEMUKTNN S N DDIOEN CINPOOPOSRT DDUAUMU-QQUUL PRR SBNBIRKETESARHRH UULLMMOMT -QUEEEOLRE MRR-C- MEAHRROEMDTN ENDT SGSTO    OMMNMUEIMER NI N DCSMEEANA DPRDIEEA, True: LABOR UNIONS HAVE URGED OSHA TO INCLUDE SUCH REQUIREMENTS IN ITS RECENTLY PROPOSED DOUBLE-QUOTE PERMISSIBLE EXPOSURE LIMITS DOUBLE-QUOTE FOR MORE THAN SIX HUNDRED TOXIC CHEMICALS COMMA MS. SEMINARIO SAID PERIOD
Epoch: 10	Batch: 300	Avg-Loss: 198.3896	Avg-Perplexity: 6.7479	Avg-Distance: 64.4586 
Pred: RAG NNN W  GIGE VTHE   N RGAGGRO  BBBLS  LBUBAEOQ-AUX PPRSPSMEOOL CRSTNESCSTIUDUEUEEO-- -CM FOOMIEMNEM E  OHE   ASM  SHD  UKTADW DITDRTEESTAEIGNNAAO SE M OC C WNO G  HEDHNTIA   HDEDEHREIEDI, True: REAGAN WILL GIVE THE NICARAGUAN REBELS DOUBLE-QUOTE HIS PERSONAL ASSURANCES DOUBLE-QUOTE OF COMMITMENT TO THEIR CAUSE AT A MEETING THURSDAY IN LOS ANGELES COMMA THE WHITE HOUSE SAID PERIOD
## Start validating....
Pred: AND TT ADFVNNDPHDAIIS DEPPOCTIESAFF  OUBDLO-UITTTEEUIMTATSATAIAC AAC SCOMM  MUUBL-O-UQTT NNDSHOWA ETITO -OBQUE-QQOTS SOQ-SREI RAYO  APUAERA.MA  EMDDCUMINCCACEIC CNHMIACTEIIELDLCEETCNILATTIBFEDILLCE UUOIREDU, True: AND IT DEFINED THAT AS DEPICTIONS OF DOUBLE-QUOTE ULTIMATE SEXUAL ACTS COMMA DOUBLE-QUOTE IN WORDS THAT LACK DOUBLE-QUOTE SERIOUS LITERARY COMMA ARTISTIC COMMA POLITICAL OR SCIENTIFIC VALUE PERIOD DOUBLE-QUOTE
Pred: GENERAAYYSDCMOMMMA   PPRSSICDAANIDH UNCACFC NTFHOM SDOOCEEMDEADHHHHIS  NSSSAMECTHPHEPEDMYPO N  ENHNLHLAEEENETLLOTMCMLMDMMMMEHE TR EHTITSSEDEIATEN ENSSYEIS FTREA YIELLDI, True: GENERAL ZIA COMMA AS PRESIDENT AND ARMY CHIEF OF STAFF COMMA AND WITH HIS LESS HYPHEN THAN HYPHEN LEGAL TEMPERAMENT COMMA MADE THE PRESIDENCY THE SEAT OF POWER PERIOD
Pred: JUST BEORET THOSTTUCMMRRMET  CAOAUP  PMNMA .  S. P. W.SRTAIAINR HFAO OEURDNDE HNR EN NE CRSSIASAACAUMA EEALAVA L TTR TTEEYNEY EE  NRNEVEVTWGTI TEILEV GIRG'NFOKRBREPKD, True: JUST BEFORE THE STOCK MARKET'S COLLAPSE COMMA U. A. P. WAS TRADING AT FOUR HUNDRED TEN FRANCS A SHARE COMMA VALUING IT AT TWENTY SEVEN POINT FIVE BILLION FRANCS PERIOD
Pred: A VELNE Y YY IIEEENDNHHTTYSSEVVN N TELA  ARUL OPNTA HUUNERNRERRA E E   LVLLROTIRI ENTENENE TNYNYTY ARRI TC.SESJIRAIREHIPSDHSEMVERTRFPVE E MTMSRHEVVENROSITWHO, True: ALTHOUGH BY NINETEEN THIRTY SEVEN TOTAL REAL OUTPUT HAD RETURNED TO THE LEVEL OF NINETEEN TWENTY NINE MR. STEIN OBSERVED PRIVATE INVESTMENT REMAINED ONE THIRD LOWER
Pred: MR. YOMLEG COOTCAA N  MOAAHHILH LRDAALAAO TNFGATNRTEFTM WFTYY OSTUETSCMAMM  HNENR IINNYNWOOMON C MLL EELLRILRFFV FT FE OTEUNHHRFFTUNNAURHANEILNAH NNLAUHAO A, True: MR. YOUNG'S CONTRACT COMMA WHICH RAN UNTIL JANUARY TWENTY FOURTH COMMA NINETEEN NINETY ONE COMMA CALLED FOR A SALARY OF AT LEAST FOUR HUNDRED TEN THOUSAND DOLLARS A YEAR PERIOD
Pred: SOV I  PHAMTRRYBBOKTMTADW CCHOVDILUSSUUUSOUMMACE IGI A A.SS AI TEVRBVHRPEUGEFHEET IEFTEEE .TNPNT XSEXETDNS ITPNSFO ZZD DO   NFAFNH EYNASMITOCEI.R .T.FHHM . AR.SIOTRSRSIDSREGIERH, True: SOVIET HISTORY BOOKS AND SCHOOL BOOKS USUALLY MAKE IT SEEM AS IF THE VERY PURPOSE OF THESE NATIONS' EXISTENCE IS TO FIND HAPPINESS AND FULFILLMENT IN THE ARMS OF RUSSIA
Pred: MR. MORGISS ADDT.RCCAANARSS AAE IEUBBU-EOT OOH S EEE UAA LT L N DAGGLCCHHCLLGCE   MMA BUB B-QYUTU  A  NYADO BTM OLB DONU- --Q-UCSUHPSLALOCACAWAE  R OSESOEOSEIE ATHWHN S SIPSPRS NECSEIPGUH IPYTHAP, True: MR. MORRIS SAID MR. CARTER'S AREA DOUBLE-QUOTE HAS BEEN A LONGSTANDING CHALLENGE COMMA DOUBLE-QUOTE BUT HE ADDED COLON DOUBLE-QUOTE SPRINT'S CHALLENGES ARE BROADER THAN SIMPLY THIS ISSUE PERIOD
## Start validating....
Train Loss: 214.1687	Train Distance: 65.1585	Train Perplexity: 7.2899	Val Loss: 215.2662	Val Distance: 60.1274	Val Perplexity: 8.3212 
Epoch time used:  1173.6681921482086 s 
### Epoch    11 
Pred: STELL COMMA THE LSLE  SS ISFITSUNUUAULRR O  SN NISTIOBLSEINSEVSI MIAKMKWH  OOCWOMCECAAMLHNHII TNIEEEENGMINITN  IMASW O  AUR ASCOSRURESIYLPSAH IIEOE RAW.LAII  TEIILOPT TPIBNP PW, True: STILL COMMA THE SALES OFFICE IS UNUSUAL FOR INSTITUTIONAL BUSINESS SEMI-COLON MOREOVER COMMA IT WILL BE ON THE GINZA COMMA AN ADDRESS CLOSELY ASSOCIATED WITH RETAIL SHOPPING PERIOD
Pred: BUT RSSESAIAIN SOSHE  WUUN VOLLOIDDDRDIAIAWW SSS ST SEEOGM  MBE AE AAS  MSSSPASTRE IIIEATSBHOZU VRIRPIIIGAI GIGMNIDT TIDMRIFIGIS TRRDD DYDNDYAD  EY R GOEHA RDTOEIRAOEEES, True: BUT RESISTANCE TO THE BONNEVILLE IDEA WAS SO STRONG THAT LAWMAKERS PASSED A RESOLUTION PROHIBITING THE ADMINISTRATION FROM SPENDING ANY FEDERAL MONEY TO STUDY IT PERIOD
Epoch: 11	Batch: 100	Avg-Loss: 201.0688	Avg-Perplexity: 6.9844	Avg-Distance: 65.0913 
Pred: THE DIAASU   CTT EDDISSSSOETEE EOOOIONT ADAEDISEIEETEDUTTOSJSEEIETENE  EAL  LUSAIAMOF MEEXRGHHTRRELRRER CURMEERO R.R..D DJ HIDSI  WRSH WOSOVAUWMSSFESFFMNSNNINETN, True: THE DUKAKIS CAMP DISMISSED THE NOTION THAT IT ACCEDED TO ADJUSTMENTS IN THE PLATFORM IN EXCHANGE FOR ASSURANCES FROM MR. JACKSON THAT HIS FORCES WOULD WORK FOR A SMOOTH CONVENTION
Pred: GEHHAU   OMMA  OLINN AN ATONIALPFAFAALRRNAAARHEDAJNNNR   EPOGP-AUDPCOMNS M ACCCMMITMTET EHTTAOAAAEADAE LOLTL LNH'ADTAANBNKE  AE N TNMRIRNAN F IEREBAAAGOEO R AFLERRAA   SNR RSRRREFE D, True: ROHATYN COMMA MULLEN AND ATKINS LEFT-PAREN OF SKADDEN ARPS RIGHT-PAREN COMMA THE COMMITTEE HAD A FERTILE DEAL HYPHEN MAKING MIND TO DRAW ON IN IRA HARRIS OF LAZARD FRERES PERIOD
Epoch: 11	Batch: 200	Avg-Loss: 198.4193	Avg-Perplexity: 6.7034	Avg-Distance: 64.5556 
Pred: IN MARY OOMAA DROSSE HHNEMNKBERTA T AAUAERRSYY TAYE N DND GRNNIA A NA NERCARE NDMNMNP   A OA LYNNM PPPHNPIHDHPHEEETAOHAF AETIUANRC  TSH NOETH M N  G ANNNO DAAASAATA TARTSSAIN EPTEAOS IIAIRTIS-RNIREVNRERAO, True: IN MAY COMMA DRESDNER BANK BOUGHT A MAJORITY STAKE IN THORNTON AND AMPERSAND COMPANY COMMA A LONDON HYPHEN BASED FUND MANAGER WITH ASSET HYPHEN MANAGEMENT OPERATIONS IN ASIA PERIOD
Pred: DOUBLE-QUOTE HE  NEWEE  .MY CACM A DOULLEQLOOET SYS .RRSOOOOM CROHEMOPOEOAAILNAACSN SNCL CINDAODOCBBOBQUNQTEMUS ATEAB ONA AAEALSPEEEERHARRAD T  V EE TN  TS' CTNEAQDAES  EOBEDAORLOQUBEOQUUOOPQQU, True: DOUBLE-QUOTE HE'S A WEAK GUY COMMA DOUBLE-QUOTE SAYS MR. ROSE COMMA THE POLITICAL CONSULTANT COMMA DOUBLE-QUOTE SUBJECT TO A LOT OF PRESSURE AND OBVIOUSLY NOT A CRUSADER PERIOD DOUBLE-QUOTE
Epoch: 11	Batch: 300	Avg-Loss: 200.0869	Avg-Perplexity: 6.8773	Avg-Distance: 64.8492 
Pred: SATE YNEDES  HPHNNBA SS OMTRS TUASTOOCPPPNMRY DDONTEODOEOGUUQQTDQCMMMTAIALNLSSSGOL  QNEQIU TTN MIENTIIII NNNESEYNESEITE UEEOTHG TMUEM OMA PYAI OE SE EERYIMRTDIEINBFIHT UBSHONRPRSESVRIEIRS SAIIST, True: SAINT LOUIS HYPHEN BASED MONSANTO COMPANY DROPPED 'SINGLE-QUOTE CHEMICAL 'SINGLE-QUOTE FROM ITS NAME IN NINETEEN SIXTY FOUR WHEN THE COMPANY DIVERSIFIED INTO OTHER BUSINESSES PERIOD
## Start validating....
Pred: IN RRSPOSS OOOKKS  MOE MC MML AD   TO OH HEH TESKN FOAOONININOTRAITSINN SMC CO MAMJOAAA YPRAAPBPEEEM E MIAMACNTECANOCCICOYTNXSTETSLUNEIMMNEI-OC TU QECOQDODTQUTSAEU OREQCUEURANTU-ECUDISD'EUDRDSGANIMSAEDD'O , True: IN RESPONSE TO CONSUMERS' COMPLAINTS ABOUT THE TASK OF PASTING IN TRADING STAMPS COMMA SPERRY AND AMPERSAND HUTCHINSON COMPANY IS TESTING DOUBLE-QUOTE ELECTRONIC GREEN STAMPS DOUBLE-QUOTE IN SUPERMARKETS IN CONNECTICUT PERIOD
Pred: EXEO COMMA A  UTROFDPPOSCSAANPAMMRR N N ND NR AO TIL HONT HNSOEA.L. .OBC.MMOMIN IOENTTTENTNWNROUANR AONW IEO'IRRKGRSDNHNAT  F N K FANAAIHPHNPMPPCEPSCR I DPG  RTSTPGIPTDERIEDSE URITDIPDEOO, True: EXCO COMMA A UNIT OF BRITISH AND AMPERSAND COMMONWEALTH HOLDINGS P. L. C. COMMA IS ONE OF THE WORLD'S BIGGEST BROKERS OF INTERBANK AND FOREIGN HYPHEN EXCHANGE DEPOSITS PERIOD
Pred: A TUUTIR  E  O ETH  SECRRRISSSS FLR  AMAHDRRO ESUEDD DHHA N BE TELENT UOOATNPTTA TEDR ID OVIUGGHEVEJGGCNUD EATAACU TAFBTMKA THT HTUALPII CC HIANATAHMDHINR NAQNEULUNED EE R PTYDN, True: ATTORNEYS FOR THE SECURITIES FIRM HAD REQUESTED THAT THE APPELLATE COURT VOID JUDGE IRVING'S JUDGMENT COMMA BUT THE APPELLATE COURT DENIED THAT REQUEST YESTERDAY PERIOD
Pred: IND YERSEDAYY  TT EAH TAHGNKN PPOOTT UP HHPHT NPAECCECKA NMCOMILLEEPRNRNAU URHISSU ELOHELEIITO IS M M ELA RRACRDEDLIDE EPEDFNTFFFXP RH  RAP RHEE, True: AND YESTERDAY ON THE WASHINGTON POST'S OP HYPHEN ED PAGE COMMA LA PRENSA PUBLISHER VIOLETA CHAMORRO DESCRIBED THE EXTENT OF PRESS CENSORSHIP PERIOD
Pred: WHEEHE USUHCAOOUBLE-QUUTE BOALKMIAL ARMBULE-BEOEU UTTO IVV RVAEDBEBBLY RCT EBVLLUR  LSSBSEDRI PNEAASOBELATO OR  FA OFFFIFLC TLAMARA.MNRVDR AAATDURIMO RTHORNTMSUT IOWIEHNOUT, True: WHETHER SUCH DOUBLE-QUOTE BLACKMAIL DOUBLE-QUOTE WOULD EVER BE SENSIBLE OR POSSIBLE IS ARGUABLE COMMA BUT OFFICIALS LIKE MR. ABSHIRE DON'T WANT MOSCOW TO HAVE THE ABILITY TO TRY PERIOD
Pred: NN ITE YINNCOMMA THE SEYTE ENAN II  SI EHDY HPYYNNNNDKAHYNH NHTDDRE D   UOITTIOA IL WL WHNWICECKINI'SILUEPLUIUUEDMS TOEEPE'BECSV.COMCE LO LCDCMUU L-DTEIQUMLOEIORTSRT, True: IN THE END COMMA THE SAFETY NET IS THE OLD HYPHEN AND HYPHEN TRIED PRODUCTION CEILINGS WHICH CAN TIGHTEN SUPPLIES AND BOOST PRICES COMMA DOUBLE-QUOTE MR. LICHTBLAU SAYS PERIOD
Pred: SAYS MR. KANO D DDAEE-EOOT  OITWWEUU. LRII A    US APTUDWMMPPORIGG U. C.ICOIPEIISVENEVMOM    MOEOTOH OHETENERC SSEEIIL L ENAATETS S TBEBBO OFCEZ  HAU ETD TENNBEODDIFIRDE , True: SAYS MR. KAY COLON DOUBLE-QUOTE IF YOU ARE SERIOUS ABOUT IMPROVING U. S. COMPETITIVENESS COMMA ONE OF THE ESSENTIAL ELEMENTS HAS TO BE RESEARCH AND DEVELOPMENT PERIOD
## Start validating....
Train Loss: 204.9581	Train Distance: 63.0090	Train Perplexity: 6.5600	Val Loss: 206.7398	Val Distance: 57.4860	Val Perplexity: 7.6948 
Epoch time used:  941.4077072143555 s 
### Epoch    12 
Pred: THA TEI N  COMNORA NLLINYRWTWUTRISS SA LNYNA  NBAA  E DDS NOLEEANDGNIGG HNROE GEL ROREAEL  SRISH H OOOWT  UFUTTHHTTTDUSNHSHUDDTNLHATI MINOAAYOITINGAC GIOVTO ORGCNRR, True: LIEUTENANT COLONEL OLLIE NORTH WAS SWORN IN AND BRENDAN SULLIVAN JUNIOR HIS LAWYER PROMPTLY SET OUT TO PROVE THAT WITNESSES CAN TALK BACK AT A CONGRESSIONAL HEARING
Pred: DOUBLE-QUOTE WHEIT NNT REIIA OEPR T T ICTGETETXNNNUCOIFOORERSPRACDCEDGNOORDMMIOR  SLTAMOADPSONS ONSUS UCO UE-OOUBTE-LE-ELDL LTETEARSNENCEC LS NA NAMMM E E DIAVIYRDYCEUTORIODYPIOD, True: DOUBLE-QUOTE WE'VE ENTERED A PERIOD WHERE ECONOMIC FORCES ARE PRODUCING TREMENDOUS STRAINS ON BUSINESS COMMA DOUBLE-QUOTE SAYS LAWRENCE O'BRIEN COMMA A TAX LOBBYIST PERIOD
Epoch: 12	Batch: 100	Avg-Loss: 195.2435	Avg-Perplexity: 6.5987	Avg-Distance: 63.0002 
Pred: VATERTL F UNDCCONOO NNIN PESOERT EIGH CAMM  AIIATEAN ETHREE UAU S  URU RNETNT NAC  HT EIGGI  EES VEEIIEHAEC INON PTTRSTRE EW AHCPCI UT IHIMTTNINDIN EKTTETTOEN NIIEC EPENEN IEPNEPEE RSD FIPT, True: FEDERAL FUNDS COLON NINE PERCENT HIGH COMMA EIGHT AND THREE QUARTERS PERCENT LOW COMMA EIGHT AND SEVEN EIGHTHS PERCENT NEAR CLOSING BID COMMA EIGHT AND FIFTEEN SIXTEENTHS PERCENT OFFERED PERIOD
Pred: HOWEVER COMMA  .LTETOATTSMAMKIGETGIFFFAIOIIIINSO  WS DSU ISCCCCHAASASNSS  YRGN  COMEIONOOTONAM NRAOY TTOCCCAACO CADEMDTDLRLN FMTAOTEMMCTLEII  AOMAAMN PNLINVAAYENEI LE, True: HOWEVER COMMA DELTA HAS MARKETING AFFILIATIONS WITH SUCH COMPANIES AS HYATT CORPORATION COMMA MARRIOTT CORPORATION COMMA NATIONAL CAR RENTAL SYSTEM INCORPORATED AND ALAMO RENTAL CARS PERIOD
Epoch: 12	Batch: 200	Avg-Loss: 199.0629	Avg-Perplexity: 6.8970	Avg-Distance: 64.2477 
Pred: HER  ARE PRAR HTRRNDS NO THEWWARD'D'MMAJORRRTMKK KAMT AS GCCMOA SS NLLCLLIT DY BARNA ES HI NELIP TTR IPTTTTANILOTL E RP PPEEPE NVCCME CME SEEVEEVEI EEEEEE, True: HERE ARE PRICE TRENDS ON THE WORLD'S MAJOR STOCK MARKETS COMMA AS CALCULATED BY MORGAN STANLEY CAPITAL INTERNATIONAL PERSPECTIVE COMMA GENEVA PERIOD
Pred: THE PRRBLTS  OCMCM DS AAACCCCMA  HROTTKNAACIIUARA AHATTTROAEOPTSMOPMMODD EBDLUOEEETEE YOOEUOLBOUOEOAETOONN TE L LLUQCEMMRMAMMTAA MA A TDI AOTTG RNGN LDAEPN AEANN RRPDI, True: THE PROBLEMS COMMA HE SAID COMMA ARE THE TRADITIONAL AFTER HYPHEN SUMMER DOUBLE-QUOTE BLUES DOUBLE-QUOTE IN THE LOCAL CAR MARKET COMMA AND THE STRONG JAPANESE YEN PERIOD
Epoch: 12	Batch: 300	Avg-Loss: 192.1955	Avg-Perplexity: 6.3074	Avg-Distance: 62.8717 
Pred: DOUBLE-QUOTE THE EE ECT NNFFRR MTTT  R TFR OOOOOODMO OA   BB UTOELHEWSHMTMEEHOMO OOHBOAOP- QITANTTETT AETER MLL S ELLST E OSEDSASETSAAT BB ELEBLUILR, True: DOUBLE-QUOTE THE REACTION FROM THE FREE WORLD COMMA DOUBLE-QUOTE SHE WROTE COMMA DOUBLE-QUOTE AND THE LEADERS WHO CALL THEMSELVES DEMOCRATS HAS BEEN LITTLE PERIOD DOUBLE-QUOTE
## Start validating....
Pred: ENDADDRIIO CCMMA GGGAD TELLILCAE COOERITO  LSFEKODRSOBBARRDMOCMS CSCNTKCNG IEST   BTWTTTG NNWMBE MOEMOERNDETWTENNE NND UM ITUAOEI U  EGK  IEARRCDELUEAI TMCAOTM  CICIOGA, True: IN ADDITION COMMA G. E. WILL TAKE CONTROL OF KIDDER'S BOARD COMMA SHRINKING IT TO TWENTY ONE MEMBERS FROM TWENTY THREE AND REMOVING NINE KIDDER EXECUTIVES COMMA INCLUDING MR. ROCHE PERIOD
Pred: BUT THE DORLA T WWNNETTP E AETCCSED ELLIELEAA ENSECTN  HEE FFACGISATSE CSECCBDIDN EENNEEIN  YIFYVTV VIVCICHDRHR LLLLAATTHTAE MOMPMPISD  OECOMEPACEPPT ATEHITPCUDITSIE  GF  NADEDODCEDTEATREBE , True: BUT THE DOLLAR'S TWENTY PERCENT DECLINE AGAINST THE FRENCH FRANC SINCE DECEMBER NINETEEN EIGHTY FIVE COULD HAVE INFLATED THE COMPANY'S EFFECTIVE PRODUCTION COSTS BY ABOUT THE SAME PERCENTAGE PERIOD
Pred: SO LFR OOCMA HOWEVAOCCOMMA OOVSSS MBMRTTEHE EEENTA EOUFET FENMNUSESN EE OS T DNOCOAIMIMIOA AFD UGDI ITMNYHGE AN STH DE DDOEEH D DDADAHIN RHTTTHTSHF, True: SO FAR COMMA HOWEVER COMMA ONLY A SMALL PERCENTAGE OF THE UNION'S ONE THOUSAND COMMA FIVE HUNDRED EIGHTY FIVE MEMBERS HAVE DECIDED TO RETURN FOR THIS WEEK'S GAMES PERIOD
Pred: DOUBLE-QUOTE IS'NOOTAE TID OD ISNO BOKABBBEB MMCM-E BLBLUUOTE EJ AHH LOKITIOMEOCMMMMRE EXEXLOEERNDRTHTTEAEHFTTTPTRTTTM R EMMA YERS A  TCICASICNDC OOMA FOARA MTCEOORVSATDERPHA, True: DOUBLE-QUOTE IT'S NOT THAT IT ISN'T WORKABLE COMMA DOUBLE-QUOTE JOHN LICHTBLAU COMMA EXECUTIVE DIRECTOR OF THE PETROLEUM INDUSTRY RESEARCH FOUNDATION COMMA SAYS OF OPEC'S AGREEMENT PERIOD
Pred: DOUBLE-QUOTE SOVURAS H CEVOCEISCYE L U  OH   AT HA EEPOPLALLLLLL EO POONI  NDB A GVHCTCCESMGCSV OS OSSCCORAS CN MORMADCOICOO ME-QOUBLE-QOQTBACM.D ERDSIRRDDRSO, True: DOUBLE-QUOTE SURVEYS HAVE CONSISTENTLY SHOWN THAT PEOPLE HAVE A LOW OPINION OF OUR PRODUCTS COMMA OUR SERVICES AND OUR COMPANIES COMMA DOUBLE-QUOTE MR. MAURER SAID PERIOD
Pred: JUTT RFELRUD TTHOTCOBWBNNEIIETNENNKL OLCFB CEIW  FS KCRSSS COMMA MOMC MANK NKOCTM IDCTNSESEPUPSRTSSSMSS' CRNRC CO OPT TH TBUTPILO AL THATDA THTNDNRD DE  THHETIETYG ASOUDN HKRAMETDKOD, True: JUST BEFORE THE OCTOBER NINETEENTH GLOBAL EQUITIES CRASH COMMA HONGKONG BANK ECONOMISTS EXPRESSED SIMILAR CONCERN ABOUT THE SPECULATION THAT THEN DOMINATED THE LOCAL STOCK MARKET PERIOD
Pred: FOR  OR THE FEDESIBGES  TNEEEESONG TH TEE   GGBOPBDNOEH PLEYB OBACCEIRREAONIALOEIAOTL MEMO  MTCI SISUSTYR ICSYEY  ROCERAMCDD DOOCAAO RE SMPAACTANRTCEDMDIIUDCDMPDOCDASMTIDTOTRSDIEEREOGCSDRIODDOEOIEIDIMIEOOOIOD IOR, True: FOUR OF THE TEN BIGGEST GAINERS ON THE BIG BOARD HYPHEN REEBOK INTERNATIONAL LIMITED COMMA CIRCUIT CITY STORES INCORPORATED COMMA ROPER CORPORATION AND GAP INCORPORATED DASH SELL CONSUMER GOODS PERIOD
## Start validating....
Train Loss: 212.2744	Train Distance: 63.2435	Train Perplexity: 7.0890	Val Loss: 216.1955	Val Distance: 58.5093	Val Perplexity: 8.4831 
Epoch time used:  715.8093149662018 s 
### Epoch    13 
Pred: DOUBLE-QUOTE SOFFARWR WV OTTT EN ANIIIA A  EN  HUUNRE  SIXXTDJ FNN SEGSRSUTSODODBEE-QUETE SCATTDQNTMNIAN FAN UUUTAGIIE GMTIS AO MMOCJIAS GGMCTMEDAABSACARGO MRCCRPTCI ID T ANIFXARRITI NDUK, True: DOUBLE-QUOTE SO FAR WE'VE ENTERTAINED OVER ONE HUNDRED SIXTY JAPANESE GROUPS DOUBLE-QUOTE SCOUTING MANUFACTURING SITES COMMA SAYS GARY JACOBS COMMA PRESIDENT OF LAREDO NATIONAL BANK PERIOD
Pred: KRETSIHYYHEN CAFF  NNRIRY EISSSNROIPAAMA    OMMA U ND RSREEEGAGESTSA LLOR  H EOAMEHHVHHIFTII  TDE OTEN TACHE EE  EAMED R MCGMNOTT  LAE HATCID  N'NH I  NANEEHYTYLIFE'ONYS RACNRDRRAENEARNRTMLANEDWA RN, True: CHRIS HYPHEN CRAFT INDUSTRIES INCORPORATED COMMA WARNER'S LARGEST SHAREHOLDER COMMA HAS FILED SUIT TO DELAY THE MERGER COMMA CHARGING THAT IT VIOLATES CHRIS HYPHEN CRAFT'S SHAREHOLDER AGREEMENT WITH WARNER PERIOD
Epoch: 13	Batch: 100	Avg-Loss: 189.0403	Avg-Perplexity: 6.2098	Avg-Distance: 61.7936 
Pred: THE DALASII  XCVTOTYAY IYEENPTEYPRERR  UP .MM. ROMMAPWEB ATVSO TA A ANIATT  C YIISCNCIETA  IS LDLSG EAATZSVGDANMEBBAATT ETAH HRTTTENVTG LDDWE T TNDTNNIRR LTYTAPP TAT OARHBGEPAFCOEAPN, True: THE DELAY IS A VICTORY ALBEIT TEMPORARY FOR MR. TRUMP WHO OWNS TWO ATLANTIC CITY CASINO HOTELS
Pred: THEUXPAP  SBEINNWWWII  IINLLLAVEI EOI ESI NGGTHHEPLL   IP TMAIDNLLLOIIE NHRERAU ENLL LIL SFUAARAPEGMSAES'AEXT NAOLCSAAI AYESH APN   PPPT EESIOSII   PPIEIC, True: THE STEPS BEING WEIGHED INCLUDE REVERSING THE PLANNED DISMANTLING OF THREE NUCLEAR SUBMARINES AND ACCELERATING SPACE HYPHEN WEAPONS TESTING PERIOD
Epoch: 13	Batch: 200	Avg-Loss: 188.6568	Avg-Perplexity: 6.1723	Avg-Distance: 61.4284 
Pred: IN RISPORSETATSOS SRUIUOECCOSMPPTLETS BEBTOTR OTATATOF OICCNS DT N RANNN DNNBEDN ECMOARNNI  ERSNARRPAN ERXHANESUUNHHE CMMPAY ANIII NSNIIESLGRNLVNL LO EBN HELLT RGCANETMARUTNIEU EE -R-RETTDIEUNUSBIOR DYRQKCLEKIGSSIUPRCEDR MI KK, True: IN RESPONSE TO CONSUMERS' COMPLAINTS ABOUT THE TASK OF PASTING IN TRADING STAMPS COMMA SPERRY AND AMPERSAND HUTCHINSON COMPANY IS TESTING DOUBLE-QUOTE ELECTRONIC GREEN STAMPS DOUBLE-QUOTE IN SUPERMARKETS IN CONNECTICUT PERIOD
Pred: WIENIPHE CHANEEE PERI'S NTT AISTR EPSND NNB AB  AVVNLLTAAAAKKC OBOTTTL  PROH HNHPEHE EUPPEDEENN N EDEDMNYYAMELNLDTLL LAAEXACCAOMT CCO MAME RNH NN TS SETCO ODECWCO EMWHPHQI  TDBODOI, True: WHEN THE CHINESE PRESS IN TIBET RESPONDED BY SAVAGELY ATTACKING BOTH THE PRO HYPHEN INDEPENDENCE MOVEMENT AND THE DALAI LAMA HIMSELF COMMA THE MONKS WERE MOVED TO ACTION PERIOD
Epoch: 13	Batch: 300	Avg-Loss: 192.9706	Avg-Perplexity: 6.3468	Avg-Distance: 62.7448 
Pred: OTHER BENSNNSSTS STH  POSSEE PETTTIILALDL LG LGRFRAIGNGISNGGN  IDT NECNEODRERTEANDODDETG EAME EMM AEMNEILRIRUL  LESS SDSCCESS  ASEEOMOAM ESEROL EEAADCAMYCS EEMIS SDI CEMIAADSAD , True: OTHER BUSINESSES THAT POSTED PARTICULARLY GOOD EARNINGS GAINS IN THE QUARTER INCLUDED G. E.'S MATERIALS AND PLASTICS BUSINESS COMMA MAJOR APPLIANCES AND MEDICAL SYSTEMS COMMA G. E. SAID PERIOD
## Start validating....
Pred: ALD OOOT B NNNNCNEENETTHINYYSEEVVV LOSE Y EVPLOO TTTAR FNNCNLT TIVIMVEV W NININNEIEETTNNNEWN  I .CAN IO TPN S PTTNVRSRSASRMCOECNMLE NI EEAENT LGPA NP YMOITNONN   H ANHEHOE LUOAERI, True: ALTHOUGH BY NINETEEN THIRTY SEVEN TOTAL REAL OUTPUT HAD RETURNED TO THE LEVEL OF NINETEEN TWENTY NINE COMMA MR. STEIN OBSERVES COMMA PRIVATE INVESTMENT REMAINED ONE HYPHEN THIRD LOWER PERIOD
Pred: B.PP. CULLLDSENNDOO OTIEDB  ANINNNIA'S  OOTT. O.... AEXMOLLC  RM AAMMWRTWAS  S'AARC MCCMUNNYNGNUNNI TI FL  HPLOED N AIEF N AD ATNUSINENA D ERIPP DTIOOEDORO , True: B. P. COULD SPEND UP TO TEN BILLION DOLLARS ON A U. S. TAKEOVER COMMA MR. LAZIER SAYS COMMA BY FINANCING IT WITH A BLEND OF DEBT AND EQUITY PERIOD
Pred: WHILE HE BBELEEOE  HEAA LLLLS SLWLSRD GAGCGIE TTT RE RAOCRSRSEDCC OMTCTTLCTMBUEL TO I ESNOFALPFORT RERDAD DUOQA EL  EITSNICPU NAAERP ESN  NENSIAUANAP'XEDBL QORN EOYSO, True: WHILE HE BELIEVES THE DOLLAR WILL MOVE LOWER AGAINST THE MAJOR CURRENCIES COMMA THE DOUBLE-QUOTE SOFTENING EXPORT MARKET DOUBLE-QUOTE IS PRESSURING JAPANESE AND EUROPEAN EXPORTERS PERIOD
Pred: ON TY T O CA PAEESC OOPAIESSEHIVSTCH SE O YAL MERRVTLI IRCA RCM CM TSTTAAAOVRHHLAI TIB TIPE E T H H HHNO NN  LENELRNLRLOAARAALKEDDEEETTTR DTOOOTATMRTORTA M NTNISENI , True: ONLY TWO JAPANESE COMPANIES HAVE CHOSEN NUEVO LAREDO SO FAR COMMA BUT SEVERAL THAT GAVE THE AREA THE ONCE HYPHEN OVER LATER LOCATED IN OTHER BORDER COMMUNITIES PERIOD
Pred: IN THEYENDTCOMCA THE SIYENEE  II I I T HDYYHNPH DE  HHYNERNDRIIADNDUNTINIITACPLDW CLOHCIITII PSLPPL AIDCTH R SUS HOU'FDO OEQL-OQUOL- MM.LALRBBOWS SOALZACDPE, True: IN THE END COMMA THE SAFETY NET IS THE OLD HYPHEN AND HYPHEN TRIED PRODUCTION CEILINGS WHICH CAN TIGHTEN SUPPLIES AND BOOST PRICES COMMA DOUBLE-QUOTE MR. LICHTBLAU SAYS PERIOD
Pred: FORTTHEMMONTECCMMAA C SNIEENE EDLLOO    RLN E NLTIYLIIB NNINTYWEJEAPPPAHIR DGHMMPNMC M LF I NIPRFEYPTNICREESN FTFPF NMTET NE HNI NNNMTYLATLEEN ENIS  IEAPAIARRRA , True: FOR THE MONTH COMMA CONTINENTAL FLEW THREE POINT THREE BILLION REVENUE PASSENGER MILES COMMA A NINETY FIVE PERCENT INCREASE FROM THE ONE POINT SEVEN BILLION MILES A YEAR EARLIER PERIOD
Pred: TROFASSEHSES UFERS DIDDPD 'IEITTET I TRI S I LAM NAA I  WEA LATOTTOIEOTNN  A  WSE WICA I   CSIRONVINF TDKIST RTCDRTBOGDDWIOIT H TALFFGOINITNAAERNC OAGR, True: PROFESSOR SUMMERS AN ADVISER TO THE DUKAKIS CAMPAIGN TOLD THE BOSTON GLOBE NO WAY WE'LL ACHIEVE SIGNIFICANT DEFICIT REDUCTION WITHOUT A SIGNIFICANT TAX INCREASE
## Start validating....
Train Loss: 230.6253	Train Distance: 64.6948	Train Perplexity: 8.3965	Val Loss: 226.5861	Val Distance: 59.7176	Val Perplexity: 9.3050 
Epoch    13: reducing learning rate of group 0 to 1.0000e-04.
Epoch time used:  711.4549822807312 s 
### Epoch    14 
Pred: DOUBLE-QUOTE BUT COMMA DUUBLU-QUOT  TE D S   OMMAOAOUBLLBBU CH EHED BACK PW ROSWS ERIRSUD DDI DUD-QOOOEOREIOEET, True: DOUBLE-QUOTE BUT COMMA DOUBLE-QUOTE HE ADDS COMMA DOUBLE-QUOTE THAT BACKUP IS ALL OFFSHORE PERIOD DOUBLE-QUOTE
Pred: DUSCUSINIGT TT PROPRSEE DDREMMENC DMOMM MONMAY BILLYYOOMMM A WO ANINGNNA YYHRGXN EIE STN I DNDF   OOUMEEMREROEM FO N HTNNNNNNLAR ENCYCMOATAWTOM  CD LASSOMD   E UUMTLIAIDOCCIOISIIPOSD RERIO ESP LASROII, True: DISCUSSING THE PROPOSED AGREEMENT COMMA NORMAN BAILEY COMMA A WASHINGTON HYPHEN BASED CONSULTANT AND FORMER MEMBER OF THE NATIONAL SECURITY COUNCIL COMMA SAID COMMA DOUBLE-QUOTE IT'S RIDICULOUS PERIOD
Epoch: 14	Batch: 100	Avg-Loss: 188.0211	Avg-Perplexity: 6.0929	Avg-Distance: 62.4480 
Pred: ASSA PLOVINOIGSMSSMM LLFSSSORMMMAGGIPPPBOBBENN NRAOTIIOO  ALLA FFFAAEFFAHTERTRCEIONNS HBA NE  AK BCERN   IM  LI I TAE  DNIR NNNHIIEROENOSEMM AAMMMAEAIAS AASPEETREIFNVSI R EDREIIPESOD, True: ALSO PROVIDING SOME SOLACE FOR MUNICIPAL BONDS PROFESSIONALS IS THE FACT THAT COMMERCIAL BANKS ARE BECOMING MORE ACTIVE AS UNDERWRITERS COMMA RATHER THAN AS INVESTORS PERIOD
Pred: AAASRINNTERNZIONA  CRUPRRFIOO  N FIAHEHANAC ACIIONHCHEWIANIID TTA HSO PPDAPELBBTWH THETHBE H OHENHENPHPHEHPPHYHEAHENPY LHL NOCOLH CSHOWTI OOTO D T, True: ACER INTERNATIONAL CORPORATION OF TAIWAN SHOWS A MACHINE BILLED AS COMPATIBLE WITH THE BOTTOM HYPHEN OF HYPHEN THE HYPHEN LINE P. S. SLASH TWO MODEL THIRTY PERIOD
Epoch: 14	Batch: 200	Avg-Loss: 175.0310	Avg-Perplexity: 5.3657	Avg-Distance: 58.8756 
Pred: OTHER TECOVEE  POSTIAILI EI    CULE DDD-IHIHP RPRTOMOELNOOMMPYN VOFFARAR SVHOSOOCOMA HAHR  CMM OMMANMDDYOKW YYYOKYYEK  YY HEBSSE MADD AADZ'OC C PPCERNPRIR TRDOD, True: OTHER TAKEOVER POSSIBILITIES INCLUDE PHILLIPS PETROLEUM COMPANY OF BARTLESVILLE COMMA OKLAHOMA COMMA AND NEW YORK HYPHEN BASED AMERADA HESS CORPORATION PERIOD
Pred: PORR GVNERNMES  ITTT  IIECTFO MM UAR RURIDRGG  O  HR LWLWLES YIANLLAMLFTNFRFFAP   O BEO-TBOESQA   HCPE   X  FHITTFSZSEZPR S RF-AD LEFEURRSOMCTTE'COMMC OETOME-TWOT EBEEHL MGMNYE ART CTETRDI AE Y, True: POOR GOVERNMENT STATISTICS COMMA ACCORDING TO THE WALL STREET JOURNAL LEFT-PAREN DOUBLE-QUOTE SHAKY STATISTICS POSE PERIL FOR FORECASTERS COMMA DOUBLE-QUOTE THE OUTLOOK COMMA MAY NINTH RIGHT-PAREN PERIOD
Epoch: 14	Batch: 300	Avg-Loss: 168.9010	Avg-Perplexity: 5.1261	Avg-Distance: 56.8206 
Pred: DOUBLE-QUOTE SOANT PRRIES TAANFFNNCHHKE EP  SES TCCMMAMDOQBLO-QUO ESISPTT SD AEAITIAIAANAAMANEGMAAN MSASTNOLEHO ORWRLDOAMWNRMCMC LAEME MHOVSM OMAMCMC  FFAAE'S C MN DUBADIN RPUVA RARPTI ESALADP, True: DOUBLE-QUOTE SPOT PRICES HAVE BEEN SHAKY AT BEST COMMA DOUBLE-QUOTE SAID TERRY H. SMITH COMMA AN ANALYST AT HOWARD COMMA WEIL COMMA LABOUISSE COMMA FRIEDRICHS INCORPORATED IN NEW ORLEANS PERIOD
## Start validating....
Pred: NEHVHAO WWS COS.TT EOOBEFERTG UBUGEGETHHYEH NEEESNTTETNCEESSEPPERTSDEA A LUDLLQ-EOTT  AEPII AEAMADATNIATINT ISSTNTUANOUUOLEUBBEETE TTMEREBT  TTTOHTS TEA PECC ASH'QCG FYOLOAERCPCOPTTMPNFIVEAPRPREREOPRRRREODERIODRRIODE P R PREROEI, True: NEITHER WAS CONSULTED BEFORE A BUDGET HYPHEN MESSAGE SENTENCE PROPOSED A DOUBLE-QUOTE PRIVATE MEDIATING INSTITUTION DOUBLE-QUOTE TO TRIM THE TAX COURT BACKLOG SEMI-COLON NEITHER JUMPED TO APPROVE PERIOD
Pred: DOUBLE-QUOTE MANY OF HHE GENETOONHHOYPRN FFARUESORR  TT  HAPHYHEMA NTATEEDE  HADATRODGR TTD EYYHN  T EEI COOOEAMMINUFM-BUEUQTHEE .DOSPPPR, True: DOUBLE-QUOTE MANY OF THE GENTLEMEN HYPHEN FARMERS WERE TAX HYPHEN MOTIVATED DASH NOT PROFIT HYPHEN DRIVEN COMMA DOUBLE-QUOTE HE SAYS PERIOD