Batch Size:  64
Preparing corpus...
(24724,) (24724,)
Dataset Device: cuda
Batch Size:  64
Preparing corpus...
(1106,) (1106,)
Dataset Device: cuda
Batch Size:  64
Dataset Device: cuda
0.95
0.95
0.95
0.95
0.95
0.855
0.855
0.855
0.855
0.855
0.8
0.8
0.8
0.8
0.8
0.8
0.8
0.8
0.8
0.8
=> loading checkpoint '../outputs/experiment_baseline_outputs/backup/baseline_s2s_18.pth.tar'
=> loaded checkpoint '../outputs/experiment_baseline_outputs/backup/baseline_s2s_18.pth.tar' (epoch 18)
val_loss:516.0710 val_distance:10.3702
## Start inferencing....
=> loading checkpoint '../outputs/experiment_baseline_outputs/backup/baseline_s2s_19.pth.tar'
=> loaded checkpoint '../outputs/experiment_baseline_outputs/backup/baseline_s2s_19.pth.tar' (epoch 19)
val_loss:522.0345 val_distance:10.2820
## Start inferencing....
